02-13-2020 @ 15:06:57 - [info] WooCommerce Cloud Print 2.7.5, Google Cloud Print Library 0.8.3 / 0.8.3, GD bundled (2.1.0 compatible), Dom Extension: Y, WooCommerce 3.6.3, WordPress 4.9.13, PHP 7.1.33 2020-02-13 16:06:57
02-13-2020 @ 15:06:57 - [info] Running on: https://www.pricesfishandchips.co.uk / https://www.pricesfishandchips.co.uk
02-13-2020 @ 15:06:57 - [notice] checkout_order_processed event: order_id=3939 backtrace=require('wp-blog-header.php'), require_once('wp-includes/template-loader.php'), do_action('template_redirect'), WP_Hook->do_action, WP_Hook->apply_filters, WC_AJAX::do_wc_ajax, do_action('wc_ajax_checkout'), WP_Hook->do_action, WP_Hook->apply_filters, WC_AJAX::checkout, WC_Checkout->process_checkout, do_action('woocommerce_checkout_order_processed'), WP_Hook->do_action, WP_Hook->apply_filters, WooCommerce_Ext_PrintOrders->woocommerce_checkout_order_processed
02-13-2020 @ 15:06:57 - [notice] Order payment method: realex. Decision on whether to print now or wait for payment confirm: Wait
02-13-2020 @ 15:06:59 - [notice] payment_complete event: order_id=3939 backtrace=require('wp-blog-header.php'), require_once('wp-includes/template-loader.php'), do_action('template_redirect'), WP_Hook->do_action, WP_Hook->apply_filters, WC_AJAX::do_wc_ajax, do_action('wc_ajax_checkout'), WP_Hook->do_action, WP_Hook->apply_filters, WC_AJAX::checkout, WC_Checkout->process_checkout, WC_Checkout->process_order_payment, WC_Gateway_Realex->process_payment, apply_filters('wc_gateway_realex_process_payment'), WP_Hook->apply_filters, WC_Gateway_Realex->process_payment_authorize, WC_Gateway_Realex->authorize, WC_Order->payment_complete, do_action('woocommerce_payment_complete'), WP_Hook->do_action, WP_Hook->apply_filters, WooCommerce_Ext_PrintOrders->woocommerce_payment_complete, WooCommerce_Ext_PrintOrders->print_order_or_schedule, WooCommerce_Ext_PrintOrders->print_go
02-13-2020 @ 15:06:59 - [notice] Options: a:5:{s:16:"enabled_internal";s:1:"1";s:12:"print_format";s:10:"text/plain";s:20:"internal_paper_width";s:5:"80.00";s:21:"internal_paper_height";s:6:"279.40";s:11:"debug_email";s:0:"";}
02-13-2020 @ 15:06:59 - [notice] Chosen destinations (i.e. print templates): internal
02-13-2020 @ 15:06:59 - [notice] Job title: Price&#039;s Fish and Chips - Order Number 3939
02-13-2020 @ 15:06:59 - [notice] Processing destination: internal
02-13-2020 @ 15:06:59 - [notice] Using template: /srv/users/serverpilot/apps/pricesfishandchips/public/wp-content/themes/pizzaro/templates/cloud-print-plain-text.php
02-13-2020 @ 15:06:59 - [notice] PHP event: code E_NOTICE: Undefined variable: order_shipping_tax (line 154, wp-content/themes/pizzaro/templates/cloud-print-plain-text.php)
02-13-2020 @ 15:06:59 - [warning] PHP event: code E_WARNING: DOMDocument::loadHTML(): ID 2 already defined in Entity, line: 43 (line 633, wp-content/plugins/woocommerce-printorders/print-orders.php)
02-13-2020 @ 15:06:59 - [warning] PHP event: code E_WARNING: DOMDocument::loadHTML(): ID 2 already defined in Entity, line: 44 (line 633, wp-content/plugins/woocommerce-printorders/print-orders.php)
02-13-2020 @ 15:06:59 - [notice] Template returned 447 bytes
02-13-2020 @ 15:06:59 - [notice] Output type: html (data format: array, mime type:text/plain)
02-13-2020 @ 15:06:59 - [notice] Copies to print: b:0; : despatching...
02-13-2020 @ 15:06:59 - [notice] Printer options: {"9f7443b2-9f65-aac1-27c9-e11ff1ea3145":{"color":"{\"type\":\"STANDARD_MONOCHROME\",\"label\":\"Monochrome\"}","media_size":"{\"width_microns\":80000,\"height_microns\":297000,\"is_continuous_feed\":false,\"label\":\"80 x 297mm\"}","page_orientation":"{\"type\":\"AUTO\",\"label\":\"Automatic\"}","printer_margin":{"top":"20","right":"20","bottom":"20","left":"20"}},"95ecfdde-7adc-e052-2242-cffbee7085d6":{"color":"{\"type\":\"STANDARD_MONOCHROME\",\"label\":\"Monochrome\"}","media_size":"{\"width_microns\":80000,\"height_microns\":297000,\"is_continuous_feed\":false,\"label\":\"80 x 297mm\"}","page_orientation":"{\"type\":\"AUTO\",\"label\":\"Automatic\"}","printer_margin":{"top":"20","right":"20","bottom":"20","left":"20"}},"23a60de9-ae91-2e20-5d92-8fb3f3584c70":{"color":"{\"type\":\"STANDARD_MONOCHROME\",\"label\":\"Monochrome\"}","media_size":"{\"width_microns\":80000,\"height_microns\":297000,\"is_continuous_feed\":false,\"label\":\"80 x 297mm\"}","page_orientation":"{\"type\":\"AUTO\",\"label\":\"Automatic\"}","printer_margin":{"top":"20","right":"20","bottom":"20","left":"20"}}}
02-13-2020 @ 15:07:09 - [notice] GoogleCloudPrintLibrary_GCPL->print_document(): printing succeeded: Print job added.
02-13-2020 @ 15:11:43 - [info] WooCommerce Cloud Print 2.7.5, Google Cloud Print Library 0.8.3 / 0.8.3, GD bundled (2.1.0 compatible), Dom Extension: Y, WooCommerce 3.6.3, WordPress 4.9.13, PHP 7.1.33 2020-02-13 16:11:43
02-13-2020 @ 15:11:43 - [info] Running on: https://www.pricesfishandchips.co.uk / https://www.pricesfishandchips.co.uk
02-13-2020 @ 15:11:43 - [notice] checkout_order_processed event: order_id=3940 backtrace=require('wp-blog-header.php'), require_once('wp-includes/template-loader.php'), do_action('template_redirect'), WP_Hook->do_action, WP_Hook->apply_filters, WC_AJAX::do_wc_ajax, do_action('wc_ajax_checkout'), WP_Hook->do_action, WP_Hook->apply_filters, WC_AJAX::checkout, WC_Checkout->process_checkout, do_action('woocommerce_checkout_order_processed'), WP_Hook->do_action, WP_Hook->apply_filters, WooCommerce_Ext_PrintOrders->woocommerce_checkout_order_processed
02-13-2020 @ 15:11:43 - [notice] Order payment method: realex. Decision on whether to print now or wait for payment confirm: Wait
02-13-2020 @ 15:11:44 - [info] WooCommerce Cloud Print 2.7.5, Google Cloud Print Library 0.8.3 / 0.8.3, GD bundled (2.1.0 compatible), Dom Extension: Y, WooCommerce 3.6.3, WordPress 4.9.13, PHP 7.1.33 2020-02-13 16:11:44
02-13-2020 @ 15:11:44 - [info] Running on: https://pricesfishandchips.co.uk / https://pricesfishandchips.co.uk
02-13-2020 @ 15:11:44 - [notice] checkout_order_processed event: order_id=3941 backtrace=require('wp-blog-header.php'), require_once('wp-includes/template-loader.php'), do_action('template_redirect'), WP_Hook->do_action, WP_Hook->apply_filters, WC_AJAX::do_wc_ajax, do_action('wc_ajax_checkout'), WP_Hook->do_action, WP_Hook->apply_filters, WC_AJAX::checkout, WC_Checkout->process_checkout, do_action('woocommerce_checkout_order_processed'), WP_Hook->do_action, WP_Hook->apply_filters, WooCommerce_Ext_PrintOrders->woocommerce_checkout_order_processed
02-13-2020 @ 15:11:44 - [notice] Order payment method: realex. Decision on whether to print now or wait for payment confirm: Wait
02-13-2020 @ 15:11:45 - [notice] payment_complete event: order_id=3940 backtrace=require('wp-blog-header.php'), require_once('wp-includes/template-loader.php'), do_action('template_redirect'), WP_Hook->do_action, WP_Hook->apply_filters, WC_AJAX::do_wc_ajax, do_action('wc_ajax_checkout'), WP_Hook->do_action, WP_Hook->apply_filters, WC_AJAX::checkout, WC_Checkout->process_checkout, WC_Checkout->process_order_payment, WC_Gateway_Realex->process_payment, apply_filters('wc_gateway_realex_process_payment'), WP_Hook->apply_filters, WC_Gateway_Realex->process_payment_authorize, WC_Gateway_Realex->authorize, WC_Order->payment_complete, do_action('woocommerce_payment_complete'), WP_Hook->do_action, WP_Hook->apply_filters, WooCommerce_Ext_PrintOrders->woocommerce_payment_complete, WooCommerce_Ext_PrintOrders->print_order_or_schedule, WooCommerce_Ext_PrintOrders->print_go
02-13-2020 @ 15:11:45 - [notice] Options: a:5:{s:16:"enabled_internal";s:1:"1";s:12:"print_format";s:10:"text/plain";s:20:"internal_paper_width";s:5:"80.00";s:21:"internal_paper_height";s:6:"279.40";s:11:"debug_email";s:0:"";}
02-13-2020 @ 15:11:45 - [notice] Chosen destinations (i.e. print templates): internal
02-13-2020 @ 15:11:45 - [notice] Job title: Price&#039;s Fish and Chips - Order Number 3940
02-13-2020 @ 15:11:45 - [notice] Processing destination: internal
02-13-2020 @ 15:11:45 - [notice] Using template: /srv/users/serverpilot/apps/pricesfishandchips/public/wp-content/themes/pizzaro/templates/cloud-print-plain-text.php
02-13-2020 @ 15:11:45 - [notice] PHP event: code E_NOTICE: Undefined variable: order_shipping_tax (line 154, wp-content/themes/pizzaro/templates/cloud-print-plain-text.php)
02-13-2020 @ 15:11:45 - [notice] Template returned 382 bytes
02-13-2020 @ 15:11:45 - [notice] Output type: html (data format: array, mime type:text/plain)
02-13-2020 @ 15:11:45 - [notice] Copies to print: b:0; : despatching...
02-13-2020 @ 15:11:45 - [notice] Printer options: {"9f7443b2-9f65-aac1-27c9-e11ff1ea3145":{"color":"{\"type\":\"STANDARD_MONOCHROME\",\"label\":\"Monochrome\"}","media_size":"{\"width_microns\":80000,\"height_microns\":297000,\"is_continuous_feed\":false,\"label\":\"80 x 297mm\"}","page_orientation":"{\"type\":\"AUTO\",\"label\":\"Automatic\"}","printer_margin":{"top":"20","right":"20","bottom":"20","left":"20"}},"95ecfdde-7adc-e052-2242-cffbee7085d6":{"color":"{\"type\":\"STANDARD_MONOCHROME\",\"label\":\"Monochrome\"}","media_size":"{\"width_microns\":80000,\"height_microns\":297000,\"is_continuous_feed\":false,\"label\":\"80 x 297mm\"}","page_orientation":"{\"type\":\"AUTO\",\"label\":\"Automatic\"}","printer_margin":{"top":"20","right":"20","bottom":"20","left":"20"}},"23a60de9-ae91-2e20-5d92-8fb3f3584c70":{"color":"{\"type\":\"STANDARD_MONOCHROME\",\"label\":\"Monochrome\"}","media_size":"{\"width_microns\":80000,\"height_microns\":297000,\"is_continuous_feed\":false,\"label\":\"80 x 297mm\"}","page_orientation":"{\"type\":\"AUTO\",\"label\":\"Automatic\"}","printer_margin":{"top":"20","right":"20","bottom":"20","left":"20"}}}
02-13-2020 @ 15:11:55 - [notice] GoogleCloudPrintLibrary_GCPL->print_document(): printing succeeded: Print job added.
02-13-2020 @ 15:21:07 - [info] WooCommerce Cloud Print 2.7.5, Google Cloud Print Library 0.8.3 / 0.8.3, GD bundled (2.1.0 compatible), Dom Extension: Y, WooCommerce 3.6.3, WordPress 4.9.13, PHP 7.1.33 2020-02-13 16:21:07
02-13-2020 @ 15:21:07 - [info] Running on: https://pricesfishandchips.co.uk / https://pricesfishandchips.co.uk
02-13-2020 @ 15:21:07 - [notice] checkout_order_processed event: order_id=3942 backtrace=require('wp-blog-header.php'), require_once('wp-includes/template-loader.php'), do_action('template_redirect'), WP_Hook->do_action, WP_Hook->apply_filters, WC_AJAX::do_wc_ajax, do_action('wc_ajax_checkout'), WP_Hook->do_action, WP_Hook->apply_filters, WC_AJAX::checkout, WC_Checkout->process_checkout, do_action('woocommerce_checkout_order_processed'), WP_Hook->do_action, WP_Hook->apply_filters, WooCommerce_Ext_PrintOrders->woocommerce_checkout_order_processed
02-13-2020 @ 15:21:07 - [notice] Order payment method: realex. Decision on whether to print now or wait for payment confirm: Wait
02-13-2020 @ 16:05:06 - [info] WooCommerce Cloud Print 2.7.5, Google Cloud Print Library 0.8.3 / 0.8.3, GD bundled (2.1.0 compatible), Dom Extension: Y, WooCommerce 3.6.3, WordPress 4.9.13, PHP 7.1.33 2020-02-13 17:05:06
02-13-2020 @ 16:05:06 - [info] Running on: https://www.pricesfishandchips.co.uk / https://www.pricesfishandchips.co.uk
02-13-2020 @ 16:05:06 - [notice] checkout_order_processed event: order_id=3943 backtrace=require('wp-blog-header.php'), require_once('wp-includes/template-loader.php'), do_action('template_redirect'), WP_Hook->do_action, WP_Hook->apply_filters, WC_AJAX::do_wc_ajax, do_action('wc_ajax_checkout'), WP_Hook->do_action, WP_Hook->apply_filters, WC_AJAX::checkout, WC_Checkout->process_checkout, do_action('woocommerce_checkout_order_processed'), WP_Hook->do_action, WP_Hook->apply_filters, WooCommerce_Ext_PrintOrders->woocommerce_checkout_order_processed
02-13-2020 @ 16:05:06 - [notice] Order payment method: realex. Decision on whether to print now or wait for payment confirm: Wait
02-13-2020 @ 16:05:08 - [notice] payment_complete event: order_id=3943 backtrace=require('wp-blog-header.php'), require_once('wp-includes/template-loader.php'), do_action('template_redirect'), WP_Hook->do_action, WP_Hook->apply_filters, WC_AJAX::do_wc_ajax, do_action('wc_ajax_checkout'), WP_Hook->do_action, WP_Hook->apply_filters, WC_AJAX::checkout, WC_Checkout->process_checkout, WC_Checkout->process_order_payment, WC_Gateway_Realex->process_payment, apply_filters('wc_gateway_realex_process_payment'), WP_Hook->apply_filters, WC_Gateway_Realex->process_payment_authorize, WC_Gateway_Realex->authorize, WC_Order->payment_complete, do_action('woocommerce_payment_complete'), WP_Hook->do_action, WP_Hook->apply_filters, WooCommerce_Ext_PrintOrders->woocommerce_payment_complete, WooCommerce_Ext_PrintOrders->print_order_or_schedule, WooCommerce_Ext_PrintOrders->print_go
02-13-2020 @ 16:05:08 - [notice] Options: a:5:{s:16:"enabled_internal";s:1:"1";s:12:"print_format";s:10:"text/plain";s:20:"internal_paper_width";s:5:"80.00";s:21:"internal_paper_height";s:6:"279.40";s:11:"debug_email";s:0:"";}
02-13-2020 @ 16:05:08 - [notice] Chosen destinations (i.e. print templates): internal
02-13-2020 @ 16:05:08 - [notice] Job title: Price&#039;s Fish and Chips - Order Number 3943
02-13-2020 @ 16:05:08 - [notice] Processing destination: internal
02-13-2020 @ 16:05:08 - [notice] Using template: /srv/users/serverpilot/apps/pricesfishandchips/public/wp-content/themes/pizzaro/templates/cloud-print-plain-text.php
02-13-2020 @ 16:05:08 - [notice] PHP event: code E_NOTICE: Undefined variable: order_shipping_tax (line 154, wp-content/themes/pizzaro/templates/cloud-print-plain-text.php)
02-13-2020 @ 16:05:08 - [notice] Template returned 320 bytes
02-13-2020 @ 16:05:08 - [notice] Output type: html (data format: array, mime type:text/plain)
02-13-2020 @ 16:05:08 - [notice] Copies to print: b:0; : despatching...
02-13-2020 @ 16:05:08 - [notice] Printer options: {"9f7443b2-9f65-aac1-27c9-e11ff1ea3145":{"color":"{\"type\":\"STANDARD_MONOCHROME\",\"label\":\"Monochrome\"}","media_size":"{\"width_microns\":80000,\"height_microns\":297000,\"is_continuous_feed\":false,\"label\":\"80 x 297mm\"}","page_orientation":"{\"type\":\"AUTO\",\"label\":\"Automatic\"}","printer_margin":{"top":"20","right":"20","bottom":"20","left":"20"}},"95ecfdde-7adc-e052-2242-cffbee7085d6":{"color":"{\"type\":\"STANDARD_MONOCHROME\",\"label\":\"Monochrome\"}","media_size":"{\"width_microns\":80000,\"height_microns\":297000,\"is_continuous_feed\":false,\"label\":\"80 x 297mm\"}","page_orientation":"{\"type\":\"AUTO\",\"label\":\"Automatic\"}","printer_margin":{"top":"20","right":"20","bottom":"20","left":"20"}},"23a60de9-ae91-2e20-5d92-8fb3f3584c70":{"color":"{\"type\":\"STANDARD_MONOCHROME\",\"label\":\"Monochrome\"}","media_size":"{\"width_microns\":80000,\"height_microns\":297000,\"is_continuous_feed\":false,\"label\":\"80 x 297mm\"}","page_orientation":"{\"type\":\"AUTO\",\"label\":\"Automatic\"}","printer_margin":{"top":"20","right":"20","bottom":"20","left":"20"}}}
02-13-2020 @ 16:05:18 - [notice] GoogleCloudPrintLibrary_GCPL->print_document(): printing succeeded: Print job added.
02-13-2020 @ 16:56:33 - [info] WooCommerce Cloud Print 2.7.5, Google Cloud Print Library 0.8.3 / 0.8.3, GD bundled (2.1.0 compatible), Dom Extension: Y, WooCommerce 3.6.3, WordPress 4.9.13, PHP 7.1.33 2020-02-13 17:56:33
02-13-2020 @ 16:56:33 - [info] Running on: https://www.pricesfishandchips.co.uk / https://www.pricesfishandchips.co.uk
02-13-2020 @ 16:56:33 - [notice] checkout_order_processed event: order_id=3944 backtrace=require('wp-blog-header.php'), require_once('wp-includes/template-loader.php'), do_action('template_redirect'), WP_Hook->do_action, WP_Hook->apply_filters, WC_AJAX::do_wc_ajax, do_action('wc_ajax_checkout'), WP_Hook->do_action, WP_Hook->apply_filters, WC_AJAX::checkout, WC_Checkout->process_checkout, do_action('woocommerce_checkout_order_processed'), WP_Hook->do_action, WP_Hook->apply_filters, WooCommerce_Ext_PrintOrders->woocommerce_checkout_order_processed
02-13-2020 @ 16:56:33 - [notice] Order payment method: realex. Decision on whether to print now or wait for payment confirm: Wait
02-13-2020 @ 16:56:36 - [notice] payment_complete event: order_id=3944 backtrace=require('wp-blog-header.php'), require_once('wp-includes/template-loader.php'), do_action('template_redirect'), WP_Hook->do_action, WP_Hook->apply_filters, WC_AJAX::do_wc_ajax, do_action('wc_ajax_checkout'), WP_Hook->do_action, WP_Hook->apply_filters, WC_AJAX::checkout, WC_Checkout->process_checkout, WC_Checkout->process_order_payment, WC_Gateway_Realex->process_payment, apply_filters('wc_gateway_realex_process_payment'), WP_Hook->apply_filters, WC_Gateway_Realex->process_payment_authorize, WC_Gateway_Realex->authorize, WC_Order->payment_complete, do_action('woocommerce_payment_complete'), WP_Hook->do_action, WP_Hook->apply_filters, WooCommerce_Ext_PrintOrders->woocommerce_payment_complete, WooCommerce_Ext_PrintOrders->print_order_or_schedule, WooCommerce_Ext_PrintOrders->print_go
02-13-2020 @ 16:56:36 - [notice] Options: a:5:{s:16:"enabled_internal";s:1:"1";s:12:"print_format";s:10:"text/plain";s:20:"internal_paper_width";s:5:"80.00";s:21:"internal_paper_height";s:6:"279.40";s:11:"debug_email";s:0:"";}
02-13-2020 @ 16:56:36 - [notice] Chosen destinations (i.e. print templates): internal
02-13-2020 @ 16:56:36 - [notice] Job title: Price&#039;s Fish and Chips - Order Number 3944
02-13-2020 @ 16:56:36 - [notice] Processing destination: internal
02-13-2020 @ 16:56:36 - [notice] Using template: /srv/users/serverpilot/apps/pricesfishandchips/public/wp-content/themes/pizzaro/templates/cloud-print-plain-text.php
02-13-2020 @ 16:56:36 - [notice] PHP event: code E_NOTICE: Undefined variable: order_shipping_tax (line 154, wp-content/themes/pizzaro/templates/cloud-print-plain-text.php)
02-13-2020 @ 16:56:36 - [notice] Template returned 370 bytes
02-13-2020 @ 16:56:36 - [notice] Output type: html (data format: array, mime type:text/plain)
02-13-2020 @ 16:56:36 - [notice] Copies to print: b:0; : despatching...
02-13-2020 @ 16:56:36 - [notice] Printer options: {"9f7443b2-9f65-aac1-27c9-e11ff1ea3145":{"color":"{\"type\":\"STANDARD_MONOCHROME\",\"label\":\"Monochrome\"}","media_size":"{\"width_microns\":80000,\"height_microns\":297000,\"is_continuous_feed\":false,\"label\":\"80 x 297mm\"}","page_orientation":"{\"type\":\"AUTO\",\"label\":\"Automatic\"}","printer_margin":{"top":"20","right":"20","bottom":"20","left":"20"}},"95ecfdde-7adc-e052-2242-cffbee7085d6":{"color":"{\"type\":\"STANDARD_MONOCHROME\",\"label\":\"Monochrome\"}","media_size":"{\"width_microns\":80000,\"height_microns\":297000,\"is_continuous_feed\":false,\"label\":\"80 x 297mm\"}","page_orientation":"{\"type\":\"AUTO\",\"label\":\"Automatic\"}","printer_margin":{"top":"20","right":"20","bottom":"20","left":"20"}},"23a60de9-ae91-2e20-5d92-8fb3f3584c70":{"color":"{\"type\":\"STANDARD_MONOCHROME\",\"label\":\"Monochrome\"}","media_size":"{\"width_microns\":80000,\"height_microns\":297000,\"is_continuous_feed\":false,\"label\":\"80 x 297mm\"}","page_orientation":"{\"type\":\"AUTO\",\"label\":\"Automatic\"}","printer_margin":{"top":"20","right":"20","bottom":"20","left":"20"}}}
02-13-2020 @ 16:56:47 - [notice] GoogleCloudPrintLibrary_GCPL->print_document(): printing succeeded: Print job added.
02-13-2020 @ 17:10:00 - [info] WooCommerce Cloud Print 2.7.5, Google Cloud Print Library 0.8.3 / 0.8.3, GD bundled (2.1.0 compatible), Dom Extension: Y, WooCommerce 3.6.3, WordPress 4.9.13, PHP 7.1.33 2020-02-13 18:10:00
02-13-2020 @ 17:10:00 - [info] Running on: https://www.pricesfishandchips.co.uk / https://www.pricesfishandchips.co.uk
02-13-2020 @ 17:10:00 - [notice] checkout_order_processed event: order_id=3945 backtrace=require('wp-blog-header.php'), require_once('wp-includes/template-loader.php'), do_action('template_redirect'), WP_Hook->do_action, WP_Hook->apply_filters, WC_AJAX::do_wc_ajax, do_action('wc_ajax_checkout'), WP_Hook->do_action, WP_Hook->apply_filters, WC_AJAX::checkout, WC_Checkout->process_checkout, do_action('woocommerce_checkout_order_processed'), WP_Hook->do_action, WP_Hook->apply_filters, WooCommerce_Ext_PrintOrders->woocommerce_checkout_order_processed
02-13-2020 @ 17:10:00 - [notice] Order payment method: realex. Decision on whether to print now or wait for payment confirm: Wait
02-13-2020 @ 17:10:03 - [notice] payment_complete event: order_id=3945 backtrace=require('wp-blog-header.php'), require_once('wp-includes/template-loader.php'), do_action('template_redirect'), WP_Hook->do_action, WP_Hook->apply_filters, WC_AJAX::do_wc_ajax, do_action('wc_ajax_checkout'), WP_Hook->do_action, WP_Hook->apply_filters, WC_AJAX::checkout, WC_Checkout->process_checkout, WC_Checkout->process_order_payment, WC_Gateway_Realex->process_payment, apply_filters('wc_gateway_realex_process_payment'), WP_Hook->apply_filters, WC_Gateway_Realex->process_payment_authorize, WC_Gateway_Realex->authorize, WC_Order->payment_complete, do_action('woocommerce_payment_complete'), WP_Hook->do_action, WP_Hook->apply_filters, WooCommerce_Ext_PrintOrders->woocommerce_payment_complete, WooCommerce_Ext_PrintOrders->print_order_or_schedule, WooCommerce_Ext_PrintOrders->print_go
02-13-2020 @ 17:10:03 - [notice] Options: a:5:{s:16:"enabled_internal";s:1:"1";s:12:"print_format";s:10:"text/plain";s:20:"internal_paper_width";s:5:"80.00";s:21:"internal_paper_height";s:6:"279.40";s:11:"debug_email";s:0:"";}
02-13-2020 @ 17:10:03 - [notice] Chosen destinations (i.e. print templates): internal
02-13-2020 @ 17:10:03 - [notice] Job title: Price&#039;s Fish and Chips - Order Number 3945
02-13-2020 @ 17:10:03 - [notice] Processing destination: internal
02-13-2020 @ 17:10:03 - [notice] Using template: /srv/users/serverpilot/apps/pricesfishandchips/public/wp-content/themes/pizzaro/templates/cloud-print-plain-text.php
02-13-2020 @ 17:10:03 - [notice] PHP event: code E_NOTICE: Undefined variable: order_shipping_tax (line 154, wp-content/themes/pizzaro/templates/cloud-print-plain-text.php)
02-13-2020 @ 17:10:03 - [notice] Template returned 381 bytes
02-13-2020 @ 17:10:03 - [notice] Output type: html (data format: array, mime type:text/plain)
02-13-2020 @ 17:10:03 - [notice] Copies to print: b:0; : despatching...
02-13-2020 @ 17:10:03 - [notice] Printer options: {"9f7443b2-9f65-aac1-27c9-e11ff1ea3145":{"color":"{\"type\":\"STANDARD_MONOCHROME\",\"label\":\"Monochrome\"}","media_size":"{\"width_microns\":80000,\"height_microns\":297000,\"is_continuous_feed\":false,\"label\":\"80 x 297mm\"}","page_orientation":"{\"type\":\"AUTO\",\"label\":\"Automatic\"}","printer_margin":{"top":"20","right":"20","bottom":"20","left":"20"}},"95ecfdde-7adc-e052-2242-cffbee7085d6":{"color":"{\"type\":\"STANDARD_MONOCHROME\",\"label\":\"Monochrome\"}","media_size":"{\"width_microns\":80000,\"height_microns\":297000,\"is_continuous_feed\":false,\"label\":\"80 x 297mm\"}","page_orientation":"{\"type\":\"AUTO\",\"label\":\"Automatic\"}","printer_margin":{"top":"20","right":"20","bottom":"20","left":"20"}},"23a60de9-ae91-2e20-5d92-8fb3f3584c70":{"color":"{\"type\":\"STANDARD_MONOCHROME\",\"label\":\"Monochrome\"}","media_size":"{\"width_microns\":80000,\"height_microns\":297000,\"is_continuous_feed\":false,\"label\":\"80 x 297mm\"}","page_orientation":"{\"type\":\"AUTO\",\"label\":\"Automatic\"}","printer_margin":{"top":"20","right":"20","bottom":"20","left":"20"}}}
02-13-2020 @ 17:10:15 - [notice] GoogleCloudPrintLibrary_GCPL->print_document(): printing succeeded: Print job added.
02-13-2020 @ 17:12:53 - [info] WooCommerce Cloud Print 2.7.5, Google Cloud Print Library 0.8.3 / 0.8.3, GD bundled (2.1.0 compatible), Dom Extension: Y, WooCommerce 3.6.3, WordPress 4.9.13, PHP 7.1.33 2020-02-13 18:12:53
02-13-2020 @ 17:12:53 - [info] Running on: https://pricesfishandchips.co.uk / https://pricesfishandchips.co.uk
02-13-2020 @ 17:12:53 - [notice] checkout_order_processed event: order_id=3946 backtrace=require('wp-blog-header.php'), require_once('wp-includes/template-loader.php'), do_action('template_redirect'), WP_Hook->do_action, WP_Hook->apply_filters, WC_AJAX::do_wc_ajax, do_action('wc_ajax_checkout'), WP_Hook->do_action, WP_Hook->apply_filters, WC_AJAX::checkout, WC_Checkout->process_checkout, do_action('woocommerce_checkout_order_processed'), WP_Hook->do_action, WP_Hook->apply_filters, WooCommerce_Ext_PrintOrders->woocommerce_checkout_order_processed
02-13-2020 @ 17:12:53 - [notice] Order payment method: realex. Decision on whether to print now or wait for payment confirm: Wait
02-13-2020 @ 17:12:55 - [notice] payment_complete event: order_id=3946 backtrace=require('wp-blog-header.php'), require_once('wp-includes/template-loader.php'), do_action('template_redirect'), WP_Hook->do_action, WP_Hook->apply_filters, WC_AJAX::do_wc_ajax, do_action('wc_ajax_checkout'), WP_Hook->do_action, WP_Hook->apply_filters, WC_AJAX::checkout, WC_Checkout->process_checkout, WC_Checkout->process_order_payment, WC_Gateway_Realex->process_payment, apply_filters('wc_gateway_realex_process_payment'), WP_Hook->apply_filters, WC_Gateway_Realex->process_payment_authorize, WC_Gateway_Realex->authorize, WC_Order->payment_complete, do_action('woocommerce_payment_complete'), WP_Hook->do_action, WP_Hook->apply_filters, WooCommerce_Ext_PrintOrders->woocommerce_payment_complete, WooCommerce_Ext_PrintOrders->print_order_or_schedule, WooCommerce_Ext_PrintOrders->print_go
02-13-2020 @ 17:12:55 - [notice] Options: a:5:{s:16:"enabled_internal";s:1:"1";s:12:"print_format";s:10:"text/plain";s:20:"internal_paper_width";s:5:"80.00";s:21:"internal_paper_height";s:6:"279.40";s:11:"debug_email";s:0:"";}
02-13-2020 @ 17:12:55 - [notice] Chosen destinations (i.e. print templates): internal
02-13-2020 @ 17:12:55 - [notice] Job title: Price&#039;s Fish and Chips - Order Number 3946
02-13-2020 @ 17:12:55 - [notice] Processing destination: internal
02-13-2020 @ 17:12:55 - [notice] Using template: /srv/users/serverpilot/apps/pricesfishandchips/public/wp-content/themes/pizzaro/templates/cloud-print-plain-text.php
02-13-2020 @ 17:12:55 - [notice] PHP event: code E_NOTICE: Undefined variable: order_shipping_tax (line 154, wp-content/themes/pizzaro/templates/cloud-print-plain-text.php)
02-13-2020 @ 17:12:55 - [notice] Template returned 387 bytes
02-13-2020 @ 17:12:55 - [notice] Output type: html (data format: array, mime type:text/plain)
02-13-2020 @ 17:12:55 - [notice] Copies to print: b:0; : despatching...
02-13-2020 @ 17:12:55 - [notice] Printer options: {"9f7443b2-9f65-aac1-27c9-e11ff1ea3145":{"color":"{\"type\":\"STANDARD_MONOCHROME\",\"label\":\"Monochrome\"}","media_size":"{\"width_microns\":80000,\"height_microns\":297000,\"is_continuous_feed\":false,\"label\":\"80 x 297mm\"}","page_orientation":"{\"type\":\"AUTO\",\"label\":\"Automatic\"}","printer_margin":{"top":"20","right":"20","bottom":"20","left":"20"}},"95ecfdde-7adc-e052-2242-cffbee7085d6":{"color":"{\"type\":\"STANDARD_MONOCHROME\",\"label\":\"Monochrome\"}","media_size":"{\"width_microns\":80000,\"height_microns\":297000,\"is_continuous_feed\":false,\"label\":\"80 x 297mm\"}","page_orientation":"{\"type\":\"AUTO\",\"label\":\"Automatic\"}","printer_margin":{"top":"20","right":"20","bottom":"20","left":"20"}},"23a60de9-ae91-2e20-5d92-8fb3f3584c70":{"color":"{\"type\":\"STANDARD_MONOCHROME\",\"label\":\"Monochrome\"}","media_size":"{\"width_microns\":80000,\"height_microns\":297000,\"is_continuous_feed\":false,\"label\":\"80 x 297mm\"}","page_orientation":"{\"type\":\"AUTO\",\"label\":\"Automatic\"}","printer_margin":{"top":"20","right":"20","bottom":"20","left":"20"}}}
02-13-2020 @ 17:13:09 - [notice] GoogleCloudPrintLibrary_GCPL->print_document(): printing succeeded: Print job added.
02-13-2020 @ 17:44:07 - [info] WooCommerce Cloud Print 2.7.5, Google Cloud Print Library 0.8.3 / 0.8.3, GD bundled (2.1.0 compatible), Dom Extension: Y, WooCommerce 3.6.3, WordPress 4.9.13, PHP 7.1.33 2020-02-13 18:44:07
02-13-2020 @ 17:44:07 - [info] Running on: https://pricesfishandchips.co.uk / https://pricesfishandchips.co.uk
02-13-2020 @ 17:44:07 - [notice] checkout_order_processed event: order_id=3947 backtrace=require('wp-blog-header.php'), require_once('wp-includes/template-loader.php'), do_action('template_redirect'), WP_Hook->do_action, WP_Hook->apply_filters, WC_AJAX::do_wc_ajax, do_action('wc_ajax_checkout'), WP_Hook->do_action, WP_Hook->apply_filters, WC_AJAX::checkout, WC_Checkout->process_checkout, do_action('woocommerce_checkout_order_processed'), WP_Hook->do_action, WP_Hook->apply_filters, WooCommerce_Ext_PrintOrders->woocommerce_checkout_order_processed
02-13-2020 @ 17:44:07 - [notice] Order payment method: realex. Decision on whether to print now or wait for payment confirm: Wait
02-13-2020 @ 17:44:10 - [notice] payment_complete event: order_id=3947 backtrace=require('wp-blog-header.php'), require_once('wp-includes/template-loader.php'), do_action('template_redirect'), WP_Hook->do_action, WP_Hook->apply_filters, WC_AJAX::do_wc_ajax, do_action('wc_ajax_checkout'), WP_Hook->do_action, WP_Hook->apply_filters, WC_AJAX::checkout, WC_Checkout->process_checkout, WC_Checkout->process_order_payment, WC_Gateway_Realex->process_payment, apply_filters('wc_gateway_realex_process_payment'), WP_Hook->apply_filters, WC_Gateway_Realex->process_payment_authorize, WC_Gateway_Realex->authorize, WC_Order->payment_complete, do_action('woocommerce_payment_complete'), WP_Hook->do_action, WP_Hook->apply_filters, WooCommerce_Ext_PrintOrders->woocommerce_payment_complete, WooCommerce_Ext_PrintOrders->print_order_or_schedule, WooCommerce_Ext_PrintOrders->print_go
02-13-2020 @ 17:44:10 - [notice] Options: a:5:{s:16:"enabled_internal";s:1:"1";s:12:"print_format";s:10:"text/plain";s:20:"internal_paper_width";s:5:"80.00";s:21:"internal_paper_height";s:6:"279.40";s:11:"debug_email";s:0:"";}
02-13-2020 @ 17:44:10 - [notice] Chosen destinations (i.e. print templates): internal
02-13-2020 @ 17:44:10 - [notice] Job title: Price&#039;s Fish and Chips - Order Number 3947
02-13-2020 @ 17:44:10 - [notice] Processing destination: internal
02-13-2020 @ 17:44:10 - [notice] Using template: /srv/users/serverpilot/apps/pricesfishandchips/public/wp-content/themes/pizzaro/templates/cloud-print-plain-text.php
02-13-2020 @ 17:44:10 - [notice] PHP event: code E_NOTICE: Undefined variable: order_shipping_tax (line 154, wp-content/themes/pizzaro/templates/cloud-print-plain-text.php)
02-13-2020 @ 17:44:10 - [warning] PHP event: code E_WARNING: DOMDocument::loadHTML(): ID 2 already defined in Entity, line: 45 (line 633, wp-content/plugins/woocommerce-printorders/print-orders.php)
02-13-2020 @ 17:44:10 - [warning] PHP event: code E_WARNING: DOMDocument::loadHTML(): ID 2 already defined in Entity, line: 46 (line 633, wp-content/plugins/woocommerce-printorders/print-orders.php)
02-13-2020 @ 17:44:10 - [warning] PHP event: code E_WARNING: DOMDocument::loadHTML(): ID 2 already defined in Entity, line: 47 (line 633, wp-content/plugins/woocommerce-printorders/print-orders.php)
02-13-2020 @ 17:44:10 - [notice] Template returned 372 bytes
02-13-2020 @ 17:44:10 - [notice] Output type: html (data format: array, mime type:text/plain)
02-13-2020 @ 17:44:10 - [notice] Copies to print: b:0; : despatching...
02-13-2020 @ 17:44:10 - [notice] Printer options: {"9f7443b2-9f65-aac1-27c9-e11ff1ea3145":{"color":"{\"type\":\"STANDARD_MONOCHROME\",\"label\":\"Monochrome\"}","media_size":"{\"width_microns\":80000,\"height_microns\":297000,\"is_continuous_feed\":false,\"label\":\"80 x 297mm\"}","page_orientation":"{\"type\":\"AUTO\",\"label\":\"Automatic\"}","printer_margin":{"top":"20","right":"20","bottom":"20","left":"20"}},"95ecfdde-7adc-e052-2242-cffbee7085d6":{"color":"{\"type\":\"STANDARD_MONOCHROME\",\"label\":\"Monochrome\"}","media_size":"{\"width_microns\":80000,\"height_microns\":297000,\"is_continuous_feed\":false,\"label\":\"80 x 297mm\"}","page_orientation":"{\"type\":\"AUTO\",\"label\":\"Automatic\"}","printer_margin":{"top":"20","right":"20","bottom":"20","left":"20"}},"23a60de9-ae91-2e20-5d92-8fb3f3584c70":{"color":"{\"type\":\"STANDARD_MONOCHROME\",\"label\":\"Monochrome\"}","media_size":"{\"width_microns\":80000,\"height_microns\":297000,\"is_continuous_feed\":false,\"label\":\"80 x 297mm\"}","page_orientation":"{\"type\":\"AUTO\",\"label\":\"Automatic\"}","printer_margin":{"top":"20","right":"20","bottom":"20","left":"20"}}}
02-13-2020 @ 17:44:21 - [notice] GoogleCloudPrintLibrary_GCPL->print_document(): printing succeeded: Print job added.
02-13-2020 @ 18:47:14 - [info] WooCommerce Cloud Print 2.7.5, Google Cloud Print Library 0.8.3 / 0.8.3, GD bundled (2.1.0 compatible), Dom Extension: Y, WooCommerce 3.6.3, WordPress 4.9.13, PHP 7.1.33 2020-02-13 19:47:14
02-13-2020 @ 18:47:14 - [info] Running on: https://www.pricesfishandchips.co.uk / https://www.pricesfishandchips.co.uk
02-13-2020 @ 18:47:14 - [notice] checkout_order_processed event: order_id=3948 backtrace=require('wp-blog-header.php'), require_once('wp-includes/template-loader.php'), do_action('template_redirect'), WP_Hook->do_action, WP_Hook->apply_filters, WC_AJAX::do_wc_ajax, do_action('wc_ajax_checkout'), WP_Hook->do_action, WP_Hook->apply_filters, WC_AJAX::checkout, WC_Checkout->process_checkout, do_action('woocommerce_checkout_order_processed'), WP_Hook->do_action, WP_Hook->apply_filters, WooCommerce_Ext_PrintOrders->woocommerce_checkout_order_processed
02-13-2020 @ 18:47:14 - [notice] Order payment method: realex. Decision on whether to print now or wait for payment confirm: Wait
02-13-2020 @ 18:47:16 - [notice] payment_complete event: order_id=3948 backtrace=require('wp-blog-header.php'), require_once('wp-includes/template-loader.php'), do_action('template_redirect'), WP_Hook->do_action, WP_Hook->apply_filters, WC_AJAX::do_wc_ajax, do_action('wc_ajax_checkout'), WP_Hook->do_action, WP_Hook->apply_filters, WC_AJAX::checkout, WC_Checkout->process_checkout, WC_Checkout->process_order_payment, WC_Gateway_Realex->process_payment, apply_filters('wc_gateway_realex_process_payment'), WP_Hook->apply_filters, WC_Gateway_Realex->process_payment_authorize, WC_Gateway_Realex->authorize, WC_Order->payment_complete, do_action('woocommerce_payment_complete'), WP_Hook->do_action, WP_Hook->apply_filters, WooCommerce_Ext_PrintOrders->woocommerce_payment_complete, WooCommerce_Ext_PrintOrders->print_order_or_schedule, WooCommerce_Ext_PrintOrders->print_go
02-13-2020 @ 18:47:16 - [notice] Options: a:5:{s:16:"enabled_internal";s:1:"1";s:12:"print_format";s:10:"text/plain";s:20:"internal_paper_width";s:5:"80.00";s:21:"internal_paper_height";s:6:"279.40";s:11:"debug_email";s:0:"";}
02-13-2020 @ 18:47:16 - [notice] Chosen destinations (i.e. print templates): internal
02-13-2020 @ 18:47:16 - [notice] Job title: Price&#039;s Fish and Chips - Order Number 3948
02-13-2020 @ 18:47:16 - [notice] Processing destination: internal
02-13-2020 @ 18:47:16 - [notice] Using template: /srv/users/serverpilot/apps/pricesfishandchips/public/wp-content/themes/pizzaro/templates/cloud-print-plain-text.php
02-13-2020 @ 18:47:16 - [notice] PHP event: code E_NOTICE: Undefined variable: order_shipping_tax (line 154, wp-content/themes/pizzaro/templates/cloud-print-plain-text.php)
02-13-2020 @ 18:47:16 - [notice] Template returned 353 bytes
02-13-2020 @ 18:47:16 - [notice] Output type: html (data format: array, mime type:text/plain)
02-13-2020 @ 18:47:16 - [notice] Copies to print: b:0; : despatching...
02-13-2020 @ 18:47:16 - [notice] Printer options: {"9f7443b2-9f65-aac1-27c9-e11ff1ea3145":{"color":"{\"type\":\"STANDARD_MONOCHROME\",\"label\":\"Monochrome\"}","media_size":"{\"width_microns\":80000,\"height_microns\":297000,\"is_continuous_feed\":false,\"label\":\"80 x 297mm\"}","page_orientation":"{\"type\":\"AUTO\",\"label\":\"Automatic\"}","printer_margin":{"top":"20","right":"20","bottom":"20","left":"20"}},"95ecfdde-7adc-e052-2242-cffbee7085d6":{"color":"{\"type\":\"STANDARD_MONOCHROME\",\"label\":\"Monochrome\"}","media_size":"{\"width_microns\":80000,\"height_microns\":297000,\"is_continuous_feed\":false,\"label\":\"80 x 297mm\"}","page_orientation":"{\"type\":\"AUTO\",\"label\":\"Automatic\"}","printer_margin":{"top":"20","right":"20","bottom":"20","left":"20"}},"23a60de9-ae91-2e20-5d92-8fb3f3584c70":{"color":"{\"type\":\"STANDARD_MONOCHROME\",\"label\":\"Monochrome\"}","media_size":"{\"width_microns\":80000,\"height_microns\":297000,\"is_continuous_feed\":false,\"label\":\"80 x 297mm\"}","page_orientation":"{\"type\":\"AUTO\",\"label\":\"Automatic\"}","printer_margin":{"top":"20","right":"20","bottom":"20","left":"20"}}}
02-13-2020 @ 18:47:27 - [notice] GoogleCloudPrintLibrary_GCPL->print_document(): printing succeeded: Print job added.
