02-22-2020 @ 16:21:40 - [info] WooCommerce Cloud Print 2.7.5, Google Cloud Print Library 0.8.3 / 0.8.3, GD bundled (2.1.0 compatible), Dom Extension: Y, WooCommerce 3.6.3, WordPress 4.9.13, PHP 7.1.33 2020-02-22 17:21:40
02-22-2020 @ 16:21:40 - [info] Running on: https://www.pricesfishandchips.co.uk / https://www.pricesfishandchips.co.uk
02-22-2020 @ 16:21:40 - [notice] checkout_order_processed event: order_id=4010 backtrace=require('wp-blog-header.php'), require_once('wp-includes/template-loader.php'), do_action('template_redirect'), WP_Hook->do_action, WP_Hook->apply_filters, WC_AJAX::do_wc_ajax, do_action('wc_ajax_checkout'), WP_Hook->do_action, WP_Hook->apply_filters, WC_AJAX::checkout, WC_Checkout->process_checkout, do_action('woocommerce_checkout_order_processed'), WP_Hook->do_action, WP_Hook->apply_filters, WooCommerce_Ext_PrintOrders->woocommerce_checkout_order_processed
02-22-2020 @ 16:21:40 - [notice] Order payment method: realex. Decision on whether to print now or wait for payment confirm: Wait
02-22-2020 @ 16:21:42 - [notice] payment_complete event: order_id=4010 backtrace=require('wp-blog-header.php'), require_once('wp-includes/template-loader.php'), do_action('template_redirect'), WP_Hook->do_action, WP_Hook->apply_filters, WC_AJAX::do_wc_ajax, do_action('wc_ajax_checkout'), WP_Hook->do_action, WP_Hook->apply_filters, WC_AJAX::checkout, WC_Checkout->process_checkout, WC_Checkout->process_order_payment, WC_Gateway_Realex->process_payment, apply_filters('wc_gateway_realex_process_payment'), WP_Hook->apply_filters, WC_Gateway_Realex->process_payment_authorize, WC_Gateway_Realex->authorize, WC_Order->payment_complete, do_action('woocommerce_payment_complete'), WP_Hook->do_action, WP_Hook->apply_filters, WooCommerce_Ext_PrintOrders->woocommerce_payment_complete, WooCommerce_Ext_PrintOrders->print_order_or_schedule, WooCommerce_Ext_PrintOrders->print_go
02-22-2020 @ 16:21:42 - [notice] Options: a:5:{s:16:"enabled_internal";s:1:"1";s:12:"print_format";s:10:"text/plain";s:20:"internal_paper_width";s:5:"80.00";s:21:"internal_paper_height";s:6:"279.40";s:11:"debug_email";s:0:"";}
02-22-2020 @ 16:21:42 - [notice] Chosen destinations (i.e. print templates): internal
02-22-2020 @ 16:21:42 - [notice] Job title: Price&#039;s Fish and Chips - Order Number 4010
02-22-2020 @ 16:21:42 - [notice] Processing destination: internal
02-22-2020 @ 16:21:42 - [notice] Using template: /srv/users/serverpilot/apps/pricesfishandchips/public/wp-content/themes/pizzaro/templates/cloud-print-plain-text.php
02-22-2020 @ 16:21:42 - [notice] PHP event: code E_NOTICE: Undefined variable: order_shipping_tax (line 154, wp-content/themes/pizzaro/templates/cloud-print-plain-text.php)
02-22-2020 @ 16:21:42 - [notice] Template returned 423 bytes
02-22-2020 @ 16:21:42 - [notice] Output type: html (data format: array, mime type:text/plain)
02-22-2020 @ 16:21:42 - [notice] Copies to print: b:0; : despatching...
02-22-2020 @ 16:21:42 - [notice] Printer options: {"9f7443b2-9f65-aac1-27c9-e11ff1ea3145":{"color":"{\"type\":\"STANDARD_MONOCHROME\",\"label\":\"Monochrome\"}","media_size":"{\"width_microns\":80000,\"height_microns\":297000,\"is_continuous_feed\":false,\"label\":\"80 x 297mm\"}","page_orientation":"{\"type\":\"AUTO\",\"label\":\"Automatic\"}","printer_margin":{"top":"20","right":"20","bottom":"20","left":"20"}},"95ecfdde-7adc-e052-2242-cffbee7085d6":{"color":"{\"type\":\"STANDARD_MONOCHROME\",\"label\":\"Monochrome\"}","media_size":"{\"width_microns\":80000,\"height_microns\":297000,\"is_continuous_feed\":false,\"label\":\"80 x 297mm\"}","page_orientation":"{\"type\":\"AUTO\",\"label\":\"Automatic\"}","printer_margin":{"top":"20","right":"20","bottom":"20","left":"20"}},"23a60de9-ae91-2e20-5d92-8fb3f3584c70":{"color":"{\"type\":\"STANDARD_MONOCHROME\",\"label\":\"Monochrome\"}","media_size":"{\"width_microns\":80000,\"height_microns\":297000,\"is_continuous_feed\":false,\"label\":\"80 x 297mm\"}","page_orientation":"{\"type\":\"AUTO\",\"label\":\"Automatic\"}","printer_margin":{"top":"20","right":"20","bottom":"20","left":"20"}}}
02-22-2020 @ 16:21:53 - [notice] GoogleCloudPrintLibrary_GCPL->print_document(): printing succeeded: Print job added.
02-22-2020 @ 16:26:53 - [info] WooCommerce Cloud Print 2.7.5, Google Cloud Print Library 0.8.3 / 0.8.3, GD bundled (2.1.0 compatible), Dom Extension: Y, WooCommerce 3.6.3, WordPress 4.9.13, PHP 7.1.33 2020-02-22 17:26:53
02-22-2020 @ 16:26:53 - [info] Running on: https://www.pricesfishandchips.co.uk / https://www.pricesfishandchips.co.uk
02-22-2020 @ 16:26:53 - [notice] checkout_order_processed event: order_id=4011 backtrace=require('wp-blog-header.php'), require_once('wp-includes/template-loader.php'), do_action('template_redirect'), WP_Hook->do_action, WP_Hook->apply_filters, WC_AJAX::do_wc_ajax, do_action('wc_ajax_checkout'), WP_Hook->do_action, WP_Hook->apply_filters, WC_AJAX::checkout, WC_Checkout->process_checkout, do_action('woocommerce_checkout_order_processed'), WP_Hook->do_action, WP_Hook->apply_filters, WooCommerce_Ext_PrintOrders->woocommerce_checkout_order_processed
02-22-2020 @ 16:26:53 - [notice] Order payment method: realex. Decision on whether to print now or wait for payment confirm: Wait
02-22-2020 @ 16:26:54 - [notice] payment_complete event: order_id=4011 backtrace=require('wp-blog-header.php'), require_once('wp-includes/template-loader.php'), do_action('template_redirect'), WP_Hook->do_action, WP_Hook->apply_filters, WC_AJAX::do_wc_ajax, do_action('wc_ajax_checkout'), WP_Hook->do_action, WP_Hook->apply_filters, WC_AJAX::checkout, WC_Checkout->process_checkout, WC_Checkout->process_order_payment, WC_Gateway_Realex->process_payment, apply_filters('wc_gateway_realex_process_payment'), WP_Hook->apply_filters, WC_Gateway_Realex->process_payment_authorize, WC_Gateway_Realex->authorize, WC_Order->payment_complete, do_action('woocommerce_payment_complete'), WP_Hook->do_action, WP_Hook->apply_filters, WooCommerce_Ext_PrintOrders->woocommerce_payment_complete, WooCommerce_Ext_PrintOrders->print_order_or_schedule, WooCommerce_Ext_PrintOrders->print_go
02-22-2020 @ 16:26:54 - [notice] Options: a:5:{s:16:"enabled_internal";s:1:"1";s:12:"print_format";s:10:"text/plain";s:20:"internal_paper_width";s:5:"80.00";s:21:"internal_paper_height";s:6:"279.40";s:11:"debug_email";s:0:"";}
02-22-2020 @ 16:26:54 - [notice] Chosen destinations (i.e. print templates): internal
02-22-2020 @ 16:26:54 - [notice] Job title: Price&#039;s Fish and Chips - Order Number 4011
02-22-2020 @ 16:26:54 - [notice] Processing destination: internal
02-22-2020 @ 16:26:54 - [notice] Using template: /srv/users/serverpilot/apps/pricesfishandchips/public/wp-content/themes/pizzaro/templates/cloud-print-plain-text.php
02-22-2020 @ 16:26:54 - [notice] PHP event: code E_NOTICE: Undefined variable: order_shipping_tax (line 154, wp-content/themes/pizzaro/templates/cloud-print-plain-text.php)
02-22-2020 @ 16:26:54 - [notice] Template returned 607 bytes
02-22-2020 @ 16:26:54 - [notice] Output type: html (data format: array, mime type:text/plain)
02-22-2020 @ 16:26:54 - [notice] Copies to print: b:0; : despatching...
02-22-2020 @ 16:26:54 - [notice] Printer options: {"9f7443b2-9f65-aac1-27c9-e11ff1ea3145":{"color":"{\"type\":\"STANDARD_MONOCHROME\",\"label\":\"Monochrome\"}","media_size":"{\"width_microns\":80000,\"height_microns\":297000,\"is_continuous_feed\":false,\"label\":\"80 x 297mm\"}","page_orientation":"{\"type\":\"AUTO\",\"label\":\"Automatic\"}","printer_margin":{"top":"20","right":"20","bottom":"20","left":"20"}},"95ecfdde-7adc-e052-2242-cffbee7085d6":{"color":"{\"type\":\"STANDARD_MONOCHROME\",\"label\":\"Monochrome\"}","media_size":"{\"width_microns\":80000,\"height_microns\":297000,\"is_continuous_feed\":false,\"label\":\"80 x 297mm\"}","page_orientation":"{\"type\":\"AUTO\",\"label\":\"Automatic\"}","printer_margin":{"top":"20","right":"20","bottom":"20","left":"20"}},"23a60de9-ae91-2e20-5d92-8fb3f3584c70":{"color":"{\"type\":\"STANDARD_MONOCHROME\",\"label\":\"Monochrome\"}","media_size":"{\"width_microns\":80000,\"height_microns\":297000,\"is_continuous_feed\":false,\"label\":\"80 x 297mm\"}","page_orientation":"{\"type\":\"AUTO\",\"label\":\"Automatic\"}","printer_margin":{"top":"20","right":"20","bottom":"20","left":"20"}}}
02-22-2020 @ 16:27:05 - [notice] GoogleCloudPrintLibrary_GCPL->print_document(): printing succeeded: Print job added.
02-22-2020 @ 16:37:28 - [info] WooCommerce Cloud Print 2.7.5, Google Cloud Print Library 0.8.3 / 0.8.3, GD bundled (2.1.0 compatible), Dom Extension: Y, WooCommerce 3.6.3, WordPress 4.9.13, PHP 7.1.33 2020-02-22 17:37:28
02-22-2020 @ 16:37:28 - [info] Running on: https://www.pricesfishandchips.co.uk / https://www.pricesfishandchips.co.uk
02-22-2020 @ 16:37:28 - [notice] checkout_order_processed event: order_id=4012 backtrace=require('wp-blog-header.php'), require_once('wp-includes/template-loader.php'), do_action('template_redirect'), WP_Hook->do_action, WP_Hook->apply_filters, WC_AJAX::do_wc_ajax, do_action('wc_ajax_checkout'), WP_Hook->do_action, WP_Hook->apply_filters, WC_AJAX::checkout, WC_Checkout->process_checkout, do_action('woocommerce_checkout_order_processed'), WP_Hook->do_action, WP_Hook->apply_filters, WooCommerce_Ext_PrintOrders->woocommerce_checkout_order_processed
02-22-2020 @ 16:37:28 - [notice] Order payment method: realex. Decision on whether to print now or wait for payment confirm: Wait
02-22-2020 @ 16:37:30 - [notice] payment_complete event: order_id=4012 backtrace=require('wp-blog-header.php'), require_once('wp-includes/template-loader.php'), do_action('template_redirect'), WP_Hook->do_action, WP_Hook->apply_filters, WC_AJAX::do_wc_ajax, do_action('wc_ajax_checkout'), WP_Hook->do_action, WP_Hook->apply_filters, WC_AJAX::checkout, WC_Checkout->process_checkout, WC_Checkout->process_order_payment, WC_Gateway_Realex->process_payment, apply_filters('wc_gateway_realex_process_payment'), WP_Hook->apply_filters, WC_Gateway_Realex->process_payment_authorize, WC_Gateway_Realex->authorize, WC_Order->payment_complete, do_action('woocommerce_payment_complete'), WP_Hook->do_action, WP_Hook->apply_filters, WooCommerce_Ext_PrintOrders->woocommerce_payment_complete, WooCommerce_Ext_PrintOrders->print_order_or_schedule, WooCommerce_Ext_PrintOrders->print_go
02-22-2020 @ 16:37:30 - [notice] Options: a:5:{s:16:"enabled_internal";s:1:"1";s:12:"print_format";s:10:"text/plain";s:20:"internal_paper_width";s:5:"80.00";s:21:"internal_paper_height";s:6:"279.40";s:11:"debug_email";s:0:"";}
02-22-2020 @ 16:37:30 - [notice] Chosen destinations (i.e. print templates): internal
02-22-2020 @ 16:37:30 - [notice] Job title: Price&#039;s Fish and Chips - Order Number 4012
02-22-2020 @ 16:37:30 - [notice] Processing destination: internal
02-22-2020 @ 16:37:30 - [notice] Using template: /srv/users/serverpilot/apps/pricesfishandchips/public/wp-content/themes/pizzaro/templates/cloud-print-plain-text.php
02-22-2020 @ 16:37:30 - [notice] PHP event: code E_NOTICE: Undefined variable: order_shipping_tax (line 154, wp-content/themes/pizzaro/templates/cloud-print-plain-text.php)
02-22-2020 @ 16:37:30 - [notice] Template returned 374 bytes
02-22-2020 @ 16:37:30 - [notice] Output type: html (data format: array, mime type:text/plain)
02-22-2020 @ 16:37:30 - [notice] Copies to print: b:0; : despatching...
02-22-2020 @ 16:37:30 - [notice] Printer options: {"9f7443b2-9f65-aac1-27c9-e11ff1ea3145":{"color":"{\"type\":\"STANDARD_MONOCHROME\",\"label\":\"Monochrome\"}","media_size":"{\"width_microns\":80000,\"height_microns\":297000,\"is_continuous_feed\":false,\"label\":\"80 x 297mm\"}","page_orientation":"{\"type\":\"AUTO\",\"label\":\"Automatic\"}","printer_margin":{"top":"20","right":"20","bottom":"20","left":"20"}},"95ecfdde-7adc-e052-2242-cffbee7085d6":{"color":"{\"type\":\"STANDARD_MONOCHROME\",\"label\":\"Monochrome\"}","media_size":"{\"width_microns\":80000,\"height_microns\":297000,\"is_continuous_feed\":false,\"label\":\"80 x 297mm\"}","page_orientation":"{\"type\":\"AUTO\",\"label\":\"Automatic\"}","printer_margin":{"top":"20","right":"20","bottom":"20","left":"20"}},"23a60de9-ae91-2e20-5d92-8fb3f3584c70":{"color":"{\"type\":\"STANDARD_MONOCHROME\",\"label\":\"Monochrome\"}","media_size":"{\"width_microns\":80000,\"height_microns\":297000,\"is_continuous_feed\":false,\"label\":\"80 x 297mm\"}","page_orientation":"{\"type\":\"AUTO\",\"label\":\"Automatic\"}","printer_margin":{"top":"20","right":"20","bottom":"20","left":"20"}}}
02-22-2020 @ 16:37:40 - [notice] GoogleCloudPrintLibrary_GCPL->print_document(): printing succeeded: Print job added.
02-22-2020 @ 16:48:18 - [info] WooCommerce Cloud Print 2.7.5, Google Cloud Print Library 0.8.3 / 0.8.3, GD bundled (2.1.0 compatible), Dom Extension: Y, WooCommerce 3.6.3, WordPress 4.9.13, PHP 7.1.33 2020-02-22 17:48:18
02-22-2020 @ 16:48:18 - [info] Running on: https://www.pricesfishandchips.co.uk / https://www.pricesfishandchips.co.uk
02-22-2020 @ 16:48:18 - [notice] checkout_order_processed event: order_id=4013 backtrace=require('wp-blog-header.php'), require_once('wp-includes/template-loader.php'), do_action('template_redirect'), WP_Hook->do_action, WP_Hook->apply_filters, WC_AJAX::do_wc_ajax, do_action('wc_ajax_checkout'), WP_Hook->do_action, WP_Hook->apply_filters, WC_AJAX::checkout, WC_Checkout->process_checkout, do_action('woocommerce_checkout_order_processed'), WP_Hook->do_action, WP_Hook->apply_filters, WooCommerce_Ext_PrintOrders->woocommerce_checkout_order_processed
02-22-2020 @ 16:48:18 - [notice] Order payment method: realex. Decision on whether to print now or wait for payment confirm: Wait
02-22-2020 @ 16:48:20 - [notice] payment_complete event: order_id=4013 backtrace=require('wp-blog-header.php'), require_once('wp-includes/template-loader.php'), do_action('template_redirect'), WP_Hook->do_action, WP_Hook->apply_filters, WC_AJAX::do_wc_ajax, do_action('wc_ajax_checkout'), WP_Hook->do_action, WP_Hook->apply_filters, WC_AJAX::checkout, WC_Checkout->process_checkout, WC_Checkout->process_order_payment, WC_Gateway_Realex->process_payment, apply_filters('wc_gateway_realex_process_payment'), WP_Hook->apply_filters, WC_Gateway_Realex->process_payment_authorize, WC_Gateway_Realex->authorize, WC_Order->payment_complete, do_action('woocommerce_payment_complete'), WP_Hook->do_action, WP_Hook->apply_filters, WooCommerce_Ext_PrintOrders->woocommerce_payment_complete, WooCommerce_Ext_PrintOrders->print_order_or_schedule, WooCommerce_Ext_PrintOrders->print_go
02-22-2020 @ 16:48:20 - [notice] Options: a:5:{s:16:"enabled_internal";s:1:"1";s:12:"print_format";s:10:"text/plain";s:20:"internal_paper_width";s:5:"80.00";s:21:"internal_paper_height";s:6:"279.40";s:11:"debug_email";s:0:"";}
02-22-2020 @ 16:48:20 - [notice] Chosen destinations (i.e. print templates): internal
02-22-2020 @ 16:48:20 - [notice] Job title: Price&#039;s Fish and Chips - Order Number 4013
02-22-2020 @ 16:48:20 - [notice] Processing destination: internal
02-22-2020 @ 16:48:20 - [notice] Using template: /srv/users/serverpilot/apps/pricesfishandchips/public/wp-content/themes/pizzaro/templates/cloud-print-plain-text.php
02-22-2020 @ 16:48:20 - [notice] PHP event: code E_NOTICE: Undefined variable: order_shipping_tax (line 154, wp-content/themes/pizzaro/templates/cloud-print-plain-text.php)
02-22-2020 @ 16:48:20 - [notice] Template returned 295 bytes
02-22-2020 @ 16:48:20 - [notice] Output type: html (data format: array, mime type:text/plain)
02-22-2020 @ 16:48:20 - [notice] Copies to print: b:0; : despatching...
02-22-2020 @ 16:48:20 - [notice] Printer options: {"9f7443b2-9f65-aac1-27c9-e11ff1ea3145":{"color":"{\"type\":\"STANDARD_MONOCHROME\",\"label\":\"Monochrome\"}","media_size":"{\"width_microns\":80000,\"height_microns\":297000,\"is_continuous_feed\":false,\"label\":\"80 x 297mm\"}","page_orientation":"{\"type\":\"AUTO\",\"label\":\"Automatic\"}","printer_margin":{"top":"20","right":"20","bottom":"20","left":"20"}},"95ecfdde-7adc-e052-2242-cffbee7085d6":{"color":"{\"type\":\"STANDARD_MONOCHROME\",\"label\":\"Monochrome\"}","media_size":"{\"width_microns\":80000,\"height_microns\":297000,\"is_continuous_feed\":false,\"label\":\"80 x 297mm\"}","page_orientation":"{\"type\":\"AUTO\",\"label\":\"Automatic\"}","printer_margin":{"top":"20","right":"20","bottom":"20","left":"20"}},"23a60de9-ae91-2e20-5d92-8fb3f3584c70":{"color":"{\"type\":\"STANDARD_MONOCHROME\",\"label\":\"Monochrome\"}","media_size":"{\"width_microns\":80000,\"height_microns\":297000,\"is_continuous_feed\":false,\"label\":\"80 x 297mm\"}","page_orientation":"{\"type\":\"AUTO\",\"label\":\"Automatic\"}","printer_margin":{"top":"20","right":"20","bottom":"20","left":"20"}}}
02-22-2020 @ 16:48:29 - [notice] GoogleCloudPrintLibrary_GCPL->print_document(): printing succeeded: Print job added.
02-22-2020 @ 17:07:51 - [info] WooCommerce Cloud Print 2.7.5, Google Cloud Print Library 0.8.3 / 0.8.3, GD bundled (2.1.0 compatible), Dom Extension: Y, WooCommerce 3.6.3, WordPress 4.9.13, PHP 7.1.33 2020-02-22 18:07:51
02-22-2020 @ 17:07:51 - [info] Running on: https://pricesfishandchips.co.uk / https://pricesfishandchips.co.uk
02-22-2020 @ 17:07:51 - [notice] checkout_order_processed event: order_id=4014 backtrace=require('wp-blog-header.php'), require_once('wp-includes/template-loader.php'), do_action('template_redirect'), WP_Hook->do_action, WP_Hook->apply_filters, WC_AJAX::do_wc_ajax, do_action('wc_ajax_checkout'), WP_Hook->do_action, WP_Hook->apply_filters, WC_AJAX::checkout, WC_Checkout->process_checkout, do_action('woocommerce_checkout_order_processed'), WP_Hook->do_action, WP_Hook->apply_filters, WooCommerce_Ext_PrintOrders->woocommerce_checkout_order_processed
02-22-2020 @ 17:07:51 - [notice] Order payment method: realex. Decision on whether to print now or wait for payment confirm: Wait
02-22-2020 @ 17:07:53 - [notice] payment_complete event: order_id=4014 backtrace=require('wp-blog-header.php'), require_once('wp-includes/template-loader.php'), do_action('template_redirect'), WP_Hook->do_action, WP_Hook->apply_filters, WC_AJAX::do_wc_ajax, do_action('wc_ajax_checkout'), WP_Hook->do_action, WP_Hook->apply_filters, WC_AJAX::checkout, WC_Checkout->process_checkout, WC_Checkout->process_order_payment, WC_Gateway_Realex->process_payment, apply_filters('wc_gateway_realex_process_payment'), WP_Hook->apply_filters, WC_Gateway_Realex->process_payment_authorize, WC_Gateway_Realex->authorize, WC_Order->payment_complete, do_action('woocommerce_payment_complete'), WP_Hook->do_action, WP_Hook->apply_filters, WooCommerce_Ext_PrintOrders->woocommerce_payment_complete, WooCommerce_Ext_PrintOrders->print_order_or_schedule, WooCommerce_Ext_PrintOrders->print_go
02-22-2020 @ 17:07:53 - [notice] Options: a:5:{s:16:"enabled_internal";s:1:"1";s:12:"print_format";s:10:"text/plain";s:20:"internal_paper_width";s:5:"80.00";s:21:"internal_paper_height";s:6:"279.40";s:11:"debug_email";s:0:"";}
02-22-2020 @ 17:07:53 - [notice] Chosen destinations (i.e. print templates): internal
02-22-2020 @ 17:07:53 - [notice] Job title: Price&#039;s Fish and Chips - Order Number 4014
02-22-2020 @ 17:07:53 - [notice] Processing destination: internal
02-22-2020 @ 17:07:53 - [notice] Using template: /srv/users/serverpilot/apps/pricesfishandchips/public/wp-content/themes/pizzaro/templates/cloud-print-plain-text.php
02-22-2020 @ 17:07:53 - [notice] PHP event: code E_NOTICE: Undefined variable: order_shipping_tax (line 154, wp-content/themes/pizzaro/templates/cloud-print-plain-text.php)
02-22-2020 @ 17:07:53 - [notice] Template returned 424 bytes
02-22-2020 @ 17:07:53 - [notice] Output type: html (data format: array, mime type:text/plain)
02-22-2020 @ 17:07:53 - [notice] Copies to print: b:0; : despatching...
02-22-2020 @ 17:07:53 - [notice] Printer options: {"9f7443b2-9f65-aac1-27c9-e11ff1ea3145":{"color":"{\"type\":\"STANDARD_MONOCHROME\",\"label\":\"Monochrome\"}","media_size":"{\"width_microns\":80000,\"height_microns\":297000,\"is_continuous_feed\":false,\"label\":\"80 x 297mm\"}","page_orientation":"{\"type\":\"AUTO\",\"label\":\"Automatic\"}","printer_margin":{"top":"20","right":"20","bottom":"20","left":"20"}},"95ecfdde-7adc-e052-2242-cffbee7085d6":{"color":"{\"type\":\"STANDARD_MONOCHROME\",\"label\":\"Monochrome\"}","media_size":"{\"width_microns\":80000,\"height_microns\":297000,\"is_continuous_feed\":false,\"label\":\"80 x 297mm\"}","page_orientation":"{\"type\":\"AUTO\",\"label\":\"Automatic\"}","printer_margin":{"top":"20","right":"20","bottom":"20","left":"20"}},"23a60de9-ae91-2e20-5d92-8fb3f3584c70":{"color":"{\"type\":\"STANDARD_MONOCHROME\",\"label\":\"Monochrome\"}","media_size":"{\"width_microns\":80000,\"height_microns\":297000,\"is_continuous_feed\":false,\"label\":\"80 x 297mm\"}","page_orientation":"{\"type\":\"AUTO\",\"label\":\"Automatic\"}","printer_margin":{"top":"20","right":"20","bottom":"20","left":"20"}}}
02-22-2020 @ 17:08:03 - [notice] GoogleCloudPrintLibrary_GCPL->print_document(): printing succeeded: Print job added.
02-22-2020 @ 17:32:42 - [info] WooCommerce Cloud Print 2.7.5, Google Cloud Print Library 0.8.3 / 0.8.3, GD bundled (2.1.0 compatible), Dom Extension: Y, WooCommerce 3.6.3, WordPress 4.9.13, PHP 7.1.33 2020-02-22 18:32:42
02-22-2020 @ 17:32:42 - [info] Running on: https://pricesfishandchips.co.uk / https://pricesfishandchips.co.uk
02-22-2020 @ 17:32:42 - [notice] checkout_order_processed event: order_id=4015 backtrace=require('wp-blog-header.php'), require_once('wp-includes/template-loader.php'), do_action('template_redirect'), WP_Hook->do_action, WP_Hook->apply_filters, WC_AJAX::do_wc_ajax, do_action('wc_ajax_checkout'), WP_Hook->do_action, WP_Hook->apply_filters, WC_AJAX::checkout, WC_Checkout->process_checkout, do_action('woocommerce_checkout_order_processed'), WP_Hook->do_action, WP_Hook->apply_filters, WooCommerce_Ext_PrintOrders->woocommerce_checkout_order_processed
02-22-2020 @ 17:32:42 - [notice] Order payment method: realex. Decision on whether to print now or wait for payment confirm: Wait
02-22-2020 @ 17:32:43 - [notice] payment_complete event: order_id=4015 backtrace=require('wp-blog-header.php'), require_once('wp-includes/template-loader.php'), do_action('template_redirect'), WP_Hook->do_action, WP_Hook->apply_filters, WC_AJAX::do_wc_ajax, do_action('wc_ajax_checkout'), WP_Hook->do_action, WP_Hook->apply_filters, WC_AJAX::checkout, WC_Checkout->process_checkout, WC_Checkout->process_order_payment, WC_Gateway_Realex->process_payment, apply_filters('wc_gateway_realex_process_payment'), WP_Hook->apply_filters, WC_Gateway_Realex->process_payment_authorize, WC_Gateway_Realex->authorize, WC_Order->payment_complete, do_action('woocommerce_payment_complete'), WP_Hook->do_action, WP_Hook->apply_filters, WooCommerce_Ext_PrintOrders->woocommerce_payment_complete, WooCommerce_Ext_PrintOrders->print_order_or_schedule, WooCommerce_Ext_PrintOrders->print_go
02-22-2020 @ 17:32:43 - [notice] Options: a:5:{s:16:"enabled_internal";s:1:"1";s:12:"print_format";s:10:"text/plain";s:20:"internal_paper_width";s:5:"80.00";s:21:"internal_paper_height";s:6:"279.40";s:11:"debug_email";s:0:"";}
02-22-2020 @ 17:32:43 - [notice] Chosen destinations (i.e. print templates): internal
02-22-2020 @ 17:32:43 - [notice] Job title: Price&#039;s Fish and Chips - Order Number 4015
02-22-2020 @ 17:32:43 - [notice] Processing destination: internal
02-22-2020 @ 17:32:43 - [notice] Using template: /srv/users/serverpilot/apps/pricesfishandchips/public/wp-content/themes/pizzaro/templates/cloud-print-plain-text.php
02-22-2020 @ 17:32:43 - [notice] PHP event: code E_NOTICE: Undefined variable: order_shipping_tax (line 154, wp-content/themes/pizzaro/templates/cloud-print-plain-text.php)
02-22-2020 @ 17:32:43 - [notice] Template returned 322 bytes
02-22-2020 @ 17:32:43 - [notice] Output type: html (data format: array, mime type:text/plain)
02-22-2020 @ 17:32:43 - [notice] Copies to print: b:0; : despatching...
02-22-2020 @ 17:32:43 - [notice] Printer options: {"9f7443b2-9f65-aac1-27c9-e11ff1ea3145":{"color":"{\"type\":\"STANDARD_MONOCHROME\",\"label\":\"Monochrome\"}","media_size":"{\"width_microns\":80000,\"height_microns\":297000,\"is_continuous_feed\":false,\"label\":\"80 x 297mm\"}","page_orientation":"{\"type\":\"AUTO\",\"label\":\"Automatic\"}","printer_margin":{"top":"20","right":"20","bottom":"20","left":"20"}},"95ecfdde-7adc-e052-2242-cffbee7085d6":{"color":"{\"type\":\"STANDARD_MONOCHROME\",\"label\":\"Monochrome\"}","media_size":"{\"width_microns\":80000,\"height_microns\":297000,\"is_continuous_feed\":false,\"label\":\"80 x 297mm\"}","page_orientation":"{\"type\":\"AUTO\",\"label\":\"Automatic\"}","printer_margin":{"top":"20","right":"20","bottom":"20","left":"20"}},"23a60de9-ae91-2e20-5d92-8fb3f3584c70":{"color":"{\"type\":\"STANDARD_MONOCHROME\",\"label\":\"Monochrome\"}","media_size":"{\"width_microns\":80000,\"height_microns\":297000,\"is_continuous_feed\":false,\"label\":\"80 x 297mm\"}","page_orientation":"{\"type\":\"AUTO\",\"label\":\"Automatic\"}","printer_margin":{"top":"20","right":"20","bottom":"20","left":"20"}}}
02-22-2020 @ 17:32:56 - [notice] GoogleCloudPrintLibrary_GCPL->print_document(): printing succeeded: Print job added.
02-22-2020 @ 17:40:13 - [info] WooCommerce Cloud Print 2.7.5, Google Cloud Print Library 0.8.3 / 0.8.3, GD bundled (2.1.0 compatible), Dom Extension: Y, WooCommerce 3.6.3, WordPress 4.9.13, PHP 7.1.33 2020-02-22 18:40:13
02-22-2020 @ 17:40:13 - [info] Running on: https://pricesfishandchips.co.uk / https://pricesfishandchips.co.uk
02-22-2020 @ 17:40:13 - [notice] checkout_order_processed event: order_id=4016 backtrace=require('wp-blog-header.php'), require_once('wp-includes/template-loader.php'), do_action('template_redirect'), WP_Hook->do_action, WP_Hook->apply_filters, WC_AJAX::do_wc_ajax, do_action('wc_ajax_checkout'), WP_Hook->do_action, WP_Hook->apply_filters, WC_AJAX::checkout, WC_Checkout->process_checkout, do_action('woocommerce_checkout_order_processed'), WP_Hook->do_action, WP_Hook->apply_filters, WooCommerce_Ext_PrintOrders->woocommerce_checkout_order_processed
02-22-2020 @ 17:40:13 - [notice] Order payment method: realex. Decision on whether to print now or wait for payment confirm: Wait
02-22-2020 @ 17:40:14 - [notice] payment_complete event: order_id=4016 backtrace=require('wp-blog-header.php'), require_once('wp-includes/template-loader.php'), do_action('template_redirect'), WP_Hook->do_action, WP_Hook->apply_filters, WC_AJAX::do_wc_ajax, do_action('wc_ajax_checkout'), WP_Hook->do_action, WP_Hook->apply_filters, WC_AJAX::checkout, WC_Checkout->process_checkout, WC_Checkout->process_order_payment, WC_Gateway_Realex->process_payment, apply_filters('wc_gateway_realex_process_payment'), WP_Hook->apply_filters, WC_Gateway_Realex->process_payment_authorize, WC_Gateway_Realex->authorize, WC_Order->payment_complete, do_action('woocommerce_payment_complete'), WP_Hook->do_action, WP_Hook->apply_filters, WooCommerce_Ext_PrintOrders->woocommerce_payment_complete, WooCommerce_Ext_PrintOrders->print_order_or_schedule, WooCommerce_Ext_PrintOrders->print_go
02-22-2020 @ 17:40:14 - [notice] Options: a:5:{s:16:"enabled_internal";s:1:"1";s:12:"print_format";s:10:"text/plain";s:20:"internal_paper_width";s:5:"80.00";s:21:"internal_paper_height";s:6:"279.40";s:11:"debug_email";s:0:"";}
02-22-2020 @ 17:40:14 - [notice] Chosen destinations (i.e. print templates): internal
02-22-2020 @ 17:40:14 - [notice] Job title: Price&#039;s Fish and Chips - Order Number 4016
02-22-2020 @ 17:40:14 - [notice] Processing destination: internal
02-22-2020 @ 17:40:14 - [notice] Using template: /srv/users/serverpilot/apps/pricesfishandchips/public/wp-content/themes/pizzaro/templates/cloud-print-plain-text.php
02-22-2020 @ 17:40:14 - [notice] PHP event: code E_NOTICE: Undefined variable: order_shipping_tax (line 154, wp-content/themes/pizzaro/templates/cloud-print-plain-text.php)
02-22-2020 @ 17:40:14 - [warning] PHP event: code E_WARNING: DOMDocument::loadHTML(): ID 2 already defined in Entity, line: 45 (line 633, wp-content/plugins/woocommerce-printorders/print-orders.php)
02-22-2020 @ 17:40:14 - [warning] PHP event: code E_WARNING: DOMDocument::loadHTML(): ID 2 already defined in Entity, line: 52 (line 633, wp-content/plugins/woocommerce-printorders/print-orders.php)
02-22-2020 @ 17:40:14 - [warning] PHP event: code E_WARNING: DOMDocument::loadHTML(): ID 2 already defined in Entity, line: 53 (line 633, wp-content/plugins/woocommerce-printorders/print-orders.php)
02-22-2020 @ 17:40:14 - [warning] PHP event: code E_WARNING: DOMDocument::loadHTML(): ID 4 already defined in Entity, line: 55 (line 633, wp-content/plugins/woocommerce-printorders/print-orders.php)
02-22-2020 @ 17:40:14 - [notice] Template returned 614 bytes
02-22-2020 @ 17:40:14 - [notice] Output type: html (data format: array, mime type:text/plain)
02-22-2020 @ 17:40:14 - [notice] Copies to print: b:0; : despatching...
02-22-2020 @ 17:40:14 - [notice] Printer options: {"9f7443b2-9f65-aac1-27c9-e11ff1ea3145":{"color":"{\"type\":\"STANDARD_MONOCHROME\",\"label\":\"Monochrome\"}","media_size":"{\"width_microns\":80000,\"height_microns\":297000,\"is_continuous_feed\":false,\"label\":\"80 x 297mm\"}","page_orientation":"{\"type\":\"AUTO\",\"label\":\"Automatic\"}","printer_margin":{"top":"20","right":"20","bottom":"20","left":"20"}},"95ecfdde-7adc-e052-2242-cffbee7085d6":{"color":"{\"type\":\"STANDARD_MONOCHROME\",\"label\":\"Monochrome\"}","media_size":"{\"width_microns\":80000,\"height_microns\":297000,\"is_continuous_feed\":false,\"label\":\"80 x 297mm\"}","page_orientation":"{\"type\":\"AUTO\",\"label\":\"Automatic\"}","printer_margin":{"top":"20","right":"20","bottom":"20","left":"20"}},"23a60de9-ae91-2e20-5d92-8fb3f3584c70":{"color":"{\"type\":\"STANDARD_MONOCHROME\",\"label\":\"Monochrome\"}","media_size":"{\"width_microns\":80000,\"height_microns\":297000,\"is_continuous_feed\":false,\"label\":\"80 x 297mm\"}","page_orientation":"{\"type\":\"AUTO\",\"label\":\"Automatic\"}","printer_margin":{"top":"20","right":"20","bottom":"20","left":"20"}}}
02-22-2020 @ 17:40:22 - [info] WooCommerce Cloud Print 2.7.5, Google Cloud Print Library 0.8.3 / 0.8.3, GD bundled (2.1.0 compatible), Dom Extension: Y, WooCommerce 3.6.3, WordPress 4.9.13, PHP 7.1.33 2020-02-22 18:40:22
02-22-2020 @ 17:40:22 - [info] Running on: https://pricesfishandchips.co.uk / https://pricesfishandchips.co.uk
02-22-2020 @ 17:40:22 - [notice] checkout_order_processed event: order_id=4017 backtrace=require('wp-blog-header.php'), require_once('wp-includes/template-loader.php'), do_action('template_redirect'), WP_Hook->do_action, WP_Hook->apply_filters, WC_AJAX::do_wc_ajax, do_action('wc_ajax_checkout'), WP_Hook->do_action, WP_Hook->apply_filters, WC_AJAX::checkout, WC_Checkout->process_checkout, do_action('woocommerce_checkout_order_processed'), WP_Hook->do_action, WP_Hook->apply_filters, WooCommerce_Ext_PrintOrders->woocommerce_checkout_order_processed
02-22-2020 @ 17:40:22 - [notice] Order payment method: realex. Decision on whether to print now or wait for payment confirm: Wait
02-22-2020 @ 17:40:24 - [notice] payment_complete event: order_id=4017 backtrace=require('wp-blog-header.php'), require_once('wp-includes/template-loader.php'), do_action('template_redirect'), WP_Hook->do_action, WP_Hook->apply_filters, WC_AJAX::do_wc_ajax, do_action('wc_ajax_checkout'), WP_Hook->do_action, WP_Hook->apply_filters, WC_AJAX::checkout, WC_Checkout->process_checkout, WC_Checkout->process_order_payment, WC_Gateway_Realex->process_payment, apply_filters('wc_gateway_realex_process_payment'), WP_Hook->apply_filters, WC_Gateway_Realex->process_payment_authorize, WC_Gateway_Realex->authorize, WC_Order->payment_complete, do_action('woocommerce_payment_complete'), WP_Hook->do_action, WP_Hook->apply_filters, WooCommerce_Ext_PrintOrders->woocommerce_payment_complete, WooCommerce_Ext_PrintOrders->print_order_or_schedule, WooCommerce_Ext_PrintOrders->print_go
02-22-2020 @ 17:40:24 - [notice] Options: a:5:{s:16:"enabled_internal";s:1:"1";s:12:"print_format";s:10:"text/plain";s:20:"internal_paper_width";s:5:"80.00";s:21:"internal_paper_height";s:6:"279.40";s:11:"debug_email";s:0:"";}
02-22-2020 @ 17:40:24 - [notice] Chosen destinations (i.e. print templates): internal
02-22-2020 @ 17:40:24 - [notice] Job title: Price&#039;s Fish and Chips - Order Number 4017
02-22-2020 @ 17:40:24 - [notice] Processing destination: internal
02-22-2020 @ 17:40:24 - [notice] Using template: /srv/users/serverpilot/apps/pricesfishandchips/public/wp-content/themes/pizzaro/templates/cloud-print-plain-text.php
02-22-2020 @ 17:40:24 - [notice] PHP event: code E_NOTICE: Undefined variable: order_shipping_tax (line 154, wp-content/themes/pizzaro/templates/cloud-print-plain-text.php)
02-22-2020 @ 17:40:24 - [warning] PHP event: code E_WARNING: DOMDocument::loadHTML(): ID 2 already defined in Entity, line: 45 (line 633, wp-content/plugins/woocommerce-printorders/print-orders.php)
02-22-2020 @ 17:40:24 - [warning] PHP event: code E_WARNING: DOMDocument::loadHTML(): ID 2 already defined in Entity, line: 52 (line 633, wp-content/plugins/woocommerce-printorders/print-orders.php)
02-22-2020 @ 17:40:24 - [warning] PHP event: code E_WARNING: DOMDocument::loadHTML(): ID 2 already defined in Entity, line: 53 (line 633, wp-content/plugins/woocommerce-printorders/print-orders.php)
02-22-2020 @ 17:40:24 - [warning] PHP event: code E_WARNING: DOMDocument::loadHTML(): ID 4 already defined in Entity, line: 55 (line 633, wp-content/plugins/woocommerce-printorders/print-orders.php)
02-22-2020 @ 17:40:24 - [notice] Template returned 614 bytes
02-22-2020 @ 17:40:24 - [notice] Output type: html (data format: array, mime type:text/plain)
02-22-2020 @ 17:40:24 - [notice] Copies to print: b:0; : despatching...
02-22-2020 @ 17:40:24 - [notice] Printer options: {"9f7443b2-9f65-aac1-27c9-e11ff1ea3145":{"color":"{\"type\":\"STANDARD_MONOCHROME\",\"label\":\"Monochrome\"}","media_size":"{\"width_microns\":80000,\"height_microns\":297000,\"is_continuous_feed\":false,\"label\":\"80 x 297mm\"}","page_orientation":"{\"type\":\"AUTO\",\"label\":\"Automatic\"}","printer_margin":{"top":"20","right":"20","bottom":"20","left":"20"}},"95ecfdde-7adc-e052-2242-cffbee7085d6":{"color":"{\"type\":\"STANDARD_MONOCHROME\",\"label\":\"Monochrome\"}","media_size":"{\"width_microns\":80000,\"height_microns\":297000,\"is_continuous_feed\":false,\"label\":\"80 x 297mm\"}","page_orientation":"{\"type\":\"AUTO\",\"label\":\"Automatic\"}","printer_margin":{"top":"20","right":"20","bottom":"20","left":"20"}},"23a60de9-ae91-2e20-5d92-8fb3f3584c70":{"color":"{\"type\":\"STANDARD_MONOCHROME\",\"label\":\"Monochrome\"}","media_size":"{\"width_microns\":80000,\"height_microns\":297000,\"is_continuous_feed\":false,\"label\":\"80 x 297mm\"}","page_orientation":"{\"type\":\"AUTO\",\"label\":\"Automatic\"}","printer_margin":{"top":"20","right":"20","bottom":"20","left":"20"}}}
02-22-2020 @ 17:40:24 - [notice] GoogleCloudPrintLibrary_GCPL->print_document(): printing succeeded: Print job added.
02-22-2020 @ 17:40:35 - [notice] GoogleCloudPrintLibrary_GCPL->print_document(): printing succeeded: Print job added.
02-22-2020 @ 17:44:13 - [info] WooCommerce Cloud Print 2.7.5, Google Cloud Print Library 0.8.3 / 0.8.3, GD bundled (2.1.0 compatible), Dom Extension: Y, WooCommerce 3.6.3, WordPress 4.9.13, PHP 7.1.33 2020-02-22 18:44:13
02-22-2020 @ 17:44:13 - [info] Running on: https://www.pricesfishandchips.co.uk / https://www.pricesfishandchips.co.uk
02-22-2020 @ 17:44:13 - [notice] checkout_order_processed event: order_id=4018 backtrace=require('wp-blog-header.php'), require_once('wp-includes/template-loader.php'), do_action('template_redirect'), WP_Hook->do_action, WP_Hook->apply_filters, WC_AJAX::do_wc_ajax, do_action('wc_ajax_checkout'), WP_Hook->do_action, WP_Hook->apply_filters, WC_AJAX::checkout, WC_Checkout->process_checkout, do_action('woocommerce_checkout_order_processed'), WP_Hook->do_action, WP_Hook->apply_filters, WooCommerce_Ext_PrintOrders->woocommerce_checkout_order_processed
02-22-2020 @ 17:44:13 - [notice] Order payment method: realex. Decision on whether to print now or wait for payment confirm: Wait
02-22-2020 @ 17:44:14 - [notice] payment_complete event: order_id=4018 backtrace=require('wp-blog-header.php'), require_once('wp-includes/template-loader.php'), do_action('template_redirect'), WP_Hook->do_action, WP_Hook->apply_filters, WC_AJAX::do_wc_ajax, do_action('wc_ajax_checkout'), WP_Hook->do_action, WP_Hook->apply_filters, WC_AJAX::checkout, WC_Checkout->process_checkout, WC_Checkout->process_order_payment, WC_Gateway_Realex->process_payment, apply_filters('wc_gateway_realex_process_payment'), WP_Hook->apply_filters, WC_Gateway_Realex->process_payment_authorize, WC_Gateway_Realex->authorize, WC_Order->payment_complete, do_action('woocommerce_payment_complete'), WP_Hook->do_action, WP_Hook->apply_filters, WooCommerce_Ext_PrintOrders->woocommerce_payment_complete, WooCommerce_Ext_PrintOrders->print_order_or_schedule, WooCommerce_Ext_PrintOrders->print_go
02-22-2020 @ 17:44:14 - [notice] Options: a:5:{s:16:"enabled_internal";s:1:"1";s:12:"print_format";s:10:"text/plain";s:20:"internal_paper_width";s:5:"80.00";s:21:"internal_paper_height";s:6:"279.40";s:11:"debug_email";s:0:"";}
02-22-2020 @ 17:44:14 - [notice] Chosen destinations (i.e. print templates): internal
02-22-2020 @ 17:44:14 - [notice] Job title: Price&#039;s Fish and Chips - Order Number 4018
02-22-2020 @ 17:44:14 - [notice] Processing destination: internal
02-22-2020 @ 17:44:14 - [notice] Using template: /srv/users/serverpilot/apps/pricesfishandchips/public/wp-content/themes/pizzaro/templates/cloud-print-plain-text.php
02-22-2020 @ 17:44:14 - [notice] PHP event: code E_NOTICE: Undefined variable: order_shipping_tax (line 154, wp-content/themes/pizzaro/templates/cloud-print-plain-text.php)
02-22-2020 @ 17:44:14 - [notice] Template returned 408 bytes
02-22-2020 @ 17:44:14 - [notice] Output type: html (data format: array, mime type:text/plain)
02-22-2020 @ 17:44:14 - [notice] Copies to print: b:0; : despatching...
02-22-2020 @ 17:44:14 - [notice] Printer options: {"9f7443b2-9f65-aac1-27c9-e11ff1ea3145":{"color":"{\"type\":\"STANDARD_MONOCHROME\",\"label\":\"Monochrome\"}","media_size":"{\"width_microns\":80000,\"height_microns\":297000,\"is_continuous_feed\":false,\"label\":\"80 x 297mm\"}","page_orientation":"{\"type\":\"AUTO\",\"label\":\"Automatic\"}","printer_margin":{"top":"20","right":"20","bottom":"20","left":"20"}},"95ecfdde-7adc-e052-2242-cffbee7085d6":{"color":"{\"type\":\"STANDARD_MONOCHROME\",\"label\":\"Monochrome\"}","media_size":"{\"width_microns\":80000,\"height_microns\":297000,\"is_continuous_feed\":false,\"label\":\"80 x 297mm\"}","page_orientation":"{\"type\":\"AUTO\",\"label\":\"Automatic\"}","printer_margin":{"top":"20","right":"20","bottom":"20","left":"20"}},"23a60de9-ae91-2e20-5d92-8fb3f3584c70":{"color":"{\"type\":\"STANDARD_MONOCHROME\",\"label\":\"Monochrome\"}","media_size":"{\"width_microns\":80000,\"height_microns\":297000,\"is_continuous_feed\":false,\"label\":\"80 x 297mm\"}","page_orientation":"{\"type\":\"AUTO\",\"label\":\"Automatic\"}","printer_margin":{"top":"20","right":"20","bottom":"20","left":"20"}}}
02-22-2020 @ 17:44:23 - [notice] GoogleCloudPrintLibrary_GCPL->print_document(): printing succeeded: Print job added.
02-22-2020 @ 18:07:03 - [info] WooCommerce Cloud Print 2.7.5, Google Cloud Print Library 0.8.3 / 0.8.3, GD bundled (2.1.0 compatible), Dom Extension: Y, WooCommerce 3.6.3, WordPress 4.9.13, PHP 7.1.33 2020-02-22 19:07:03
02-22-2020 @ 18:07:03 - [info] Running on: https://www.pricesfishandchips.co.uk / https://www.pricesfishandchips.co.uk
02-22-2020 @ 18:07:03 - [notice] checkout_order_processed event: order_id=4019 backtrace=require('wp-blog-header.php'), require_once('wp-includes/template-loader.php'), do_action('template_redirect'), WP_Hook->do_action, WP_Hook->apply_filters, WC_AJAX::do_wc_ajax, do_action('wc_ajax_checkout'), WP_Hook->do_action, WP_Hook->apply_filters, WC_AJAX::checkout, WC_Checkout->process_checkout, do_action('woocommerce_checkout_order_processed'), WP_Hook->do_action, WP_Hook->apply_filters, WooCommerce_Ext_PrintOrders->woocommerce_checkout_order_processed
02-22-2020 @ 18:07:03 - [notice] Order payment method: realex. Decision on whether to print now or wait for payment confirm: Wait
02-22-2020 @ 18:07:04 - [notice] payment_complete event: order_id=4019 backtrace=require('wp-blog-header.php'), require_once('wp-includes/template-loader.php'), do_action('template_redirect'), WP_Hook->do_action, WP_Hook->apply_filters, WC_AJAX::do_wc_ajax, do_action('wc_ajax_checkout'), WP_Hook->do_action, WP_Hook->apply_filters, WC_AJAX::checkout, WC_Checkout->process_checkout, WC_Checkout->process_order_payment, WC_Gateway_Realex->process_payment, apply_filters('wc_gateway_realex_process_payment'), WP_Hook->apply_filters, WC_Gateway_Realex->process_payment_authorize, WC_Gateway_Realex->authorize, WC_Order->payment_complete, do_action('woocommerce_payment_complete'), WP_Hook->do_action, WP_Hook->apply_filters, WooCommerce_Ext_PrintOrders->woocommerce_payment_complete, WooCommerce_Ext_PrintOrders->print_order_or_schedule, WooCommerce_Ext_PrintOrders->print_go
02-22-2020 @ 18:07:04 - [notice] Options: a:5:{s:16:"enabled_internal";s:1:"1";s:12:"print_format";s:10:"text/plain";s:20:"internal_paper_width";s:5:"80.00";s:21:"internal_paper_height";s:6:"279.40";s:11:"debug_email";s:0:"";}
02-22-2020 @ 18:07:04 - [notice] Chosen destinations (i.e. print templates): internal
02-22-2020 @ 18:07:04 - [notice] Job title: Price&#039;s Fish and Chips - Order Number 4019
02-22-2020 @ 18:07:04 - [notice] Processing destination: internal
02-22-2020 @ 18:07:04 - [notice] Using template: /srv/users/serverpilot/apps/pricesfishandchips/public/wp-content/themes/pizzaro/templates/cloud-print-plain-text.php
02-22-2020 @ 18:07:04 - [notice] PHP event: code E_NOTICE: Undefined variable: order_shipping_tax (line 154, wp-content/themes/pizzaro/templates/cloud-print-plain-text.php)
02-22-2020 @ 18:07:04 - [notice] Template returned 273 bytes
02-22-2020 @ 18:07:04 - [notice] Output type: html (data format: array, mime type:text/plain)
02-22-2020 @ 18:07:04 - [notice] Copies to print: b:0; : despatching...
02-22-2020 @ 18:07:04 - [notice] Printer options: {"9f7443b2-9f65-aac1-27c9-e11ff1ea3145":{"color":"{\"type\":\"STANDARD_MONOCHROME\",\"label\":\"Monochrome\"}","media_size":"{\"width_microns\":80000,\"height_microns\":297000,\"is_continuous_feed\":false,\"label\":\"80 x 297mm\"}","page_orientation":"{\"type\":\"AUTO\",\"label\":\"Automatic\"}","printer_margin":{"top":"20","right":"20","bottom":"20","left":"20"}},"95ecfdde-7adc-e052-2242-cffbee7085d6":{"color":"{\"type\":\"STANDARD_MONOCHROME\",\"label\":\"Monochrome\"}","media_size":"{\"width_microns\":80000,\"height_microns\":297000,\"is_continuous_feed\":false,\"label\":\"80 x 297mm\"}","page_orientation":"{\"type\":\"AUTO\",\"label\":\"Automatic\"}","printer_margin":{"top":"20","right":"20","bottom":"20","left":"20"}},"23a60de9-ae91-2e20-5d92-8fb3f3584c70":{"color":"{\"type\":\"STANDARD_MONOCHROME\",\"label\":\"Monochrome\"}","media_size":"{\"width_microns\":80000,\"height_microns\":297000,\"is_continuous_feed\":false,\"label\":\"80 x 297mm\"}","page_orientation":"{\"type\":\"AUTO\",\"label\":\"Automatic\"}","printer_margin":{"top":"20","right":"20","bottom":"20","left":"20"}}}
02-22-2020 @ 18:07:13 - [notice] GoogleCloudPrintLibrary_GCPL->print_document(): printing succeeded: Print job added.
02-22-2020 @ 18:29:38 - [info] WooCommerce Cloud Print 2.7.5, Google Cloud Print Library 0.8.3 / 0.8.3, GD bundled (2.1.0 compatible), Dom Extension: Y, WooCommerce 3.6.3, WordPress 4.9.13, PHP 7.1.33 2020-02-22 19:29:38
02-22-2020 @ 18:29:38 - [info] Running on: https://www.pricesfishandchips.co.uk / https://www.pricesfishandchips.co.uk
02-22-2020 @ 18:29:38 - [notice] checkout_order_processed event: order_id=4020 backtrace=require('wp-blog-header.php'), require_once('wp-includes/template-loader.php'), do_action('template_redirect'), WP_Hook->do_action, WP_Hook->apply_filters, WC_AJAX::do_wc_ajax, do_action('wc_ajax_checkout'), WP_Hook->do_action, WP_Hook->apply_filters, WC_AJAX::checkout, WC_Checkout->process_checkout, do_action('woocommerce_checkout_order_processed'), WP_Hook->do_action, WP_Hook->apply_filters, WooCommerce_Ext_PrintOrders->woocommerce_checkout_order_processed
02-22-2020 @ 18:29:38 - [notice] Order payment method: realex. Decision on whether to print now or wait for payment confirm: Wait
02-22-2020 @ 18:29:39 - [notice] payment_complete event: order_id=4020 backtrace=require('wp-blog-header.php'), require_once('wp-includes/template-loader.php'), do_action('template_redirect'), WP_Hook->do_action, WP_Hook->apply_filters, WC_AJAX::do_wc_ajax, do_action('wc_ajax_checkout'), WP_Hook->do_action, WP_Hook->apply_filters, WC_AJAX::checkout, WC_Checkout->process_checkout, WC_Checkout->process_order_payment, WC_Gateway_Realex->process_payment, apply_filters('wc_gateway_realex_process_payment'), WP_Hook->apply_filters, WC_Gateway_Realex->process_payment_authorize, WC_Gateway_Realex->authorize, WC_Order->payment_complete, do_action('woocommerce_payment_complete'), WP_Hook->do_action, WP_Hook->apply_filters, WooCommerce_Ext_PrintOrders->woocommerce_payment_complete, WooCommerce_Ext_PrintOrders->print_order_or_schedule, WooCommerce_Ext_PrintOrders->print_go
02-22-2020 @ 18:29:39 - [notice] Options: a:5:{s:16:"enabled_internal";s:1:"1";s:12:"print_format";s:10:"text/plain";s:20:"internal_paper_width";s:5:"80.00";s:21:"internal_paper_height";s:6:"279.40";s:11:"debug_email";s:0:"";}
02-22-2020 @ 18:29:39 - [notice] Chosen destinations (i.e. print templates): internal
02-22-2020 @ 18:29:39 - [notice] Job title: Price&#039;s Fish and Chips - Order Number 4020
02-22-2020 @ 18:29:39 - [notice] Processing destination: internal
02-22-2020 @ 18:29:39 - [notice] Using template: /srv/users/serverpilot/apps/pricesfishandchips/public/wp-content/themes/pizzaro/templates/cloud-print-plain-text.php
02-22-2020 @ 18:29:39 - [notice] PHP event: code E_NOTICE: Undefined variable: order_shipping_tax (line 154, wp-content/themes/pizzaro/templates/cloud-print-plain-text.php)
02-22-2020 @ 18:29:39 - [warning] PHP event: code E_WARNING: DOMDocument::loadHTML(): ID 2 already defined in Entity, line: 43 (line 633, wp-content/plugins/woocommerce-printorders/print-orders.php)
02-22-2020 @ 18:29:39 - [warning] PHP event: code E_WARNING: DOMDocument::loadHTML(): ID 2 already defined in Entity, line: 44 (line 633, wp-content/plugins/woocommerce-printorders/print-orders.php)
02-22-2020 @ 18:29:39 - [warning] PHP event: code E_WARNING: DOMDocument::loadHTML(): ID 2 already defined in Entity, line: 45 (line 633, wp-content/plugins/woocommerce-printorders/print-orders.php)
02-22-2020 @ 18:29:39 - [warning] PHP event: code E_WARNING: DOMDocument::loadHTML(): ID 2 already defined in Entity, line: 46 (line 633, wp-content/plugins/woocommerce-printorders/print-orders.php)
02-22-2020 @ 18:29:39 - [warning] PHP event: code E_WARNING: DOMDocument::loadHTML(): ID 2 already defined in Entity, line: 47 (line 633, wp-content/plugins/woocommerce-printorders/print-orders.php)
02-22-2020 @ 18:29:39 - [notice] Template returned 475 bytes
02-22-2020 @ 18:29:39 - [notice] Output type: html (data format: array, mime type:text/plain)
02-22-2020 @ 18:29:39 - [notice] Copies to print: b:0; : despatching...
02-22-2020 @ 18:29:39 - [notice] Printer options: {"9f7443b2-9f65-aac1-27c9-e11ff1ea3145":{"color":"{\"type\":\"STANDARD_MONOCHROME\",\"label\":\"Monochrome\"}","media_size":"{\"width_microns\":80000,\"height_microns\":297000,\"is_continuous_feed\":false,\"label\":\"80 x 297mm\"}","page_orientation":"{\"type\":\"AUTO\",\"label\":\"Automatic\"}","printer_margin":{"top":"20","right":"20","bottom":"20","left":"20"}},"95ecfdde-7adc-e052-2242-cffbee7085d6":{"color":"{\"type\":\"STANDARD_MONOCHROME\",\"label\":\"Monochrome\"}","media_size":"{\"width_microns\":80000,\"height_microns\":297000,\"is_continuous_feed\":false,\"label\":\"80 x 297mm\"}","page_orientation":"{\"type\":\"AUTO\",\"label\":\"Automatic\"}","printer_margin":{"top":"20","right":"20","bottom":"20","left":"20"}},"23a60de9-ae91-2e20-5d92-8fb3f3584c70":{"color":"{\"type\":\"STANDARD_MONOCHROME\",\"label\":\"Monochrome\"}","media_size":"{\"width_microns\":80000,\"height_microns\":297000,\"is_continuous_feed\":false,\"label\":\"80 x 297mm\"}","page_orientation":"{\"type\":\"AUTO\",\"label\":\"Automatic\"}","printer_margin":{"top":"20","right":"20","bottom":"20","left":"20"}}}
02-22-2020 @ 18:29:50 - [notice] GoogleCloudPrintLibrary_GCPL->print_document(): printing succeeded: Print job added.
