02-11-2020 @ 16:30:55 - [info] WooCommerce Cloud Print 2.7.5, Google Cloud Print Library 0.8.3 / 0.8.3, GD bundled (2.1.0 compatible), Dom Extension: Y, WooCommerce 3.6.3, WordPress 4.9.13, PHP 7.1.33 2020-02-11 17:30:55
02-11-2020 @ 16:30:55 - [info] Running on: https://pricesfishandchips.co.uk / https://pricesfishandchips.co.uk
02-11-2020 @ 16:30:55 - [notice] checkout_order_processed event: order_id=3933 backtrace=require('wp-blog-header.php'), require_once('wp-includes/template-loader.php'), do_action('template_redirect'), WP_Hook->do_action, WP_Hook->apply_filters, WC_AJAX::do_wc_ajax, do_action('wc_ajax_checkout'), WP_Hook->do_action, WP_Hook->apply_filters, WC_AJAX::checkout, WC_Checkout->process_checkout, do_action('woocommerce_checkout_order_processed'), WP_Hook->do_action, WP_Hook->apply_filters, WooCommerce_Ext_PrintOrders->woocommerce_checkout_order_processed
02-11-2020 @ 16:30:55 - [notice] Order payment method: realex. Decision on whether to print now or wait for payment confirm: Wait
02-11-2020 @ 16:30:57 - [notice] payment_complete event: order_id=3933 backtrace=require('wp-blog-header.php'), require_once('wp-includes/template-loader.php'), do_action('template_redirect'), WP_Hook->do_action, WP_Hook->apply_filters, WC_AJAX::do_wc_ajax, do_action('wc_ajax_checkout'), WP_Hook->do_action, WP_Hook->apply_filters, WC_AJAX::checkout, WC_Checkout->process_checkout, WC_Checkout->process_order_payment, WC_Gateway_Realex->process_payment, apply_filters('wc_gateway_realex_process_payment'), WP_Hook->apply_filters, WC_Gateway_Realex->process_payment_authorize, WC_Gateway_Realex->authorize, WC_Order->payment_complete, do_action('woocommerce_payment_complete'), WP_Hook->do_action, WP_Hook->apply_filters, WooCommerce_Ext_PrintOrders->woocommerce_payment_complete, WooCommerce_Ext_PrintOrders->print_order_or_schedule, WooCommerce_Ext_PrintOrders->print_go
02-11-2020 @ 16:30:57 - [notice] Options: a:5:{s:16:"enabled_internal";s:1:"1";s:12:"print_format";s:10:"text/plain";s:20:"internal_paper_width";s:5:"80.00";s:21:"internal_paper_height";s:6:"279.40";s:11:"debug_email";s:0:"";}
02-11-2020 @ 16:30:57 - [notice] Chosen destinations (i.e. print templates): internal
02-11-2020 @ 16:30:57 - [notice] Job title: Price&#039;s Fish and Chips - Order Number 3933
02-11-2020 @ 16:30:57 - [notice] Processing destination: internal
02-11-2020 @ 16:30:57 - [notice] Using template: /srv/users/serverpilot/apps/pricesfishandchips/public/wp-content/themes/pizzaro/templates/cloud-print-plain-text.php
02-11-2020 @ 16:30:57 - [notice] PHP event: code E_NOTICE: Undefined variable: order_shipping_tax (line 154, wp-content/themes/pizzaro/templates/cloud-print-plain-text.php)
02-11-2020 @ 16:30:57 - [notice] Template returned 425 bytes
02-11-2020 @ 16:30:57 - [notice] Output type: html (data format: array, mime type:text/plain)
02-11-2020 @ 16:30:57 - [notice] Copies to print: b:0; : despatching...
02-11-2020 @ 16:30:57 - [notice] Printer options: {"9f7443b2-9f65-aac1-27c9-e11ff1ea3145":{"color":"{\"type\":\"STANDARD_MONOCHROME\",\"label\":\"Monochrome\"}","media_size":"{\"width_microns\":80000,\"height_microns\":297000,\"is_continuous_feed\":false,\"label\":\"80 x 297mm\"}","page_orientation":"{\"type\":\"AUTO\",\"label\":\"Automatic\"}","printer_margin":{"top":"20","right":"20","bottom":"20","left":"20"}},"95ecfdde-7adc-e052-2242-cffbee7085d6":{"color":"{\"type\":\"STANDARD_MONOCHROME\",\"label\":\"Monochrome\"}","media_size":"{\"width_microns\":80000,\"height_microns\":297000,\"is_continuous_feed\":false,\"label\":\"80 x 297mm\"}","page_orientation":"{\"type\":\"AUTO\",\"label\":\"Automatic\"}","printer_margin":{"top":"20","right":"20","bottom":"20","left":"20"}},"23a60de9-ae91-2e20-5d92-8fb3f3584c70":{"color":"{\"type\":\"STANDARD_MONOCHROME\",\"label\":\"Monochrome\"}","media_size":"{\"width_microns\":80000,\"height_microns\":297000,\"is_continuous_feed\":false,\"label\":\"80 x 297mm\"}","page_orientation":"{\"type\":\"AUTO\",\"label\":\"Automatic\"}","printer_margin":{"top":"20","right":"20","bottom":"20","left":"20"}}}
02-11-2020 @ 16:31:06 - [notice] GoogleCloudPrintLibrary_GCPL->print_document(): printing succeeded: Print job added.
02-11-2020 @ 17:24:18 - [info] WooCommerce Cloud Print 2.7.5, Google Cloud Print Library 0.8.3 / 0.8.3, GD bundled (2.1.0 compatible), Dom Extension: Y, WooCommerce 3.6.3, WordPress 4.9.13, PHP 7.1.33 2020-02-11 18:24:18
02-11-2020 @ 17:24:18 - [info] Running on: https://www.pricesfishandchips.co.uk / https://www.pricesfishandchips.co.uk
02-11-2020 @ 17:24:18 - [notice] checkout_order_processed event: order_id=3934 backtrace=require('wp-blog-header.php'), require_once('wp-includes/template-loader.php'), do_action('template_redirect'), WP_Hook->do_action, WP_Hook->apply_filters, WC_AJAX::do_wc_ajax, do_action('wc_ajax_checkout'), WP_Hook->do_action, WP_Hook->apply_filters, WC_AJAX::checkout, WC_Checkout->process_checkout, do_action('woocommerce_checkout_order_processed'), WP_Hook->do_action, WP_Hook->apply_filters, WooCommerce_Ext_PrintOrders->woocommerce_checkout_order_processed
02-11-2020 @ 17:24:18 - [notice] Order payment method: realex. Decision on whether to print now or wait for payment confirm: Wait
02-11-2020 @ 17:24:21 - [notice] payment_complete event: order_id=3934 backtrace=require('wp-blog-header.php'), require_once('wp-includes/template-loader.php'), do_action('template_redirect'), WP_Hook->do_action, WP_Hook->apply_filters, WC_AJAX::do_wc_ajax, do_action('wc_ajax_checkout'), WP_Hook->do_action, WP_Hook->apply_filters, WC_AJAX::checkout, WC_Checkout->process_checkout, WC_Checkout->process_order_payment, WC_Gateway_Realex->process_payment, apply_filters('wc_gateway_realex_process_payment'), WP_Hook->apply_filters, WC_Gateway_Realex->process_payment_authorize, WC_Gateway_Realex->authorize, WC_Order->payment_complete, do_action('woocommerce_payment_complete'), WP_Hook->do_action, WP_Hook->apply_filters, WooCommerce_Ext_PrintOrders->woocommerce_payment_complete, WooCommerce_Ext_PrintOrders->print_order_or_schedule, WooCommerce_Ext_PrintOrders->print_go
02-11-2020 @ 17:24:21 - [notice] Options: a:5:{s:16:"enabled_internal";s:1:"1";s:12:"print_format";s:10:"text/plain";s:20:"internal_paper_width";s:5:"80.00";s:21:"internal_paper_height";s:6:"279.40";s:11:"debug_email";s:0:"";}
02-11-2020 @ 17:24:21 - [notice] Chosen destinations (i.e. print templates): internal
02-11-2020 @ 17:24:21 - [notice] Job title: Price&#039;s Fish and Chips - Order Number 3934
02-11-2020 @ 17:24:21 - [notice] Processing destination: internal
02-11-2020 @ 17:24:21 - [notice] Using template: /srv/users/serverpilot/apps/pricesfishandchips/public/wp-content/themes/pizzaro/templates/cloud-print-plain-text.php
02-11-2020 @ 17:24:21 - [notice] PHP event: code E_NOTICE: Undefined variable: order_shipping_tax (line 154, wp-content/themes/pizzaro/templates/cloud-print-plain-text.php)
02-11-2020 @ 17:24:21 - [notice] Template returned 349 bytes
02-11-2020 @ 17:24:21 - [notice] Output type: html (data format: array, mime type:text/plain)
02-11-2020 @ 17:24:21 - [notice] Copies to print: b:0; : despatching...
02-11-2020 @ 17:24:21 - [notice] Printer options: {"9f7443b2-9f65-aac1-27c9-e11ff1ea3145":{"color":"{\"type\":\"STANDARD_MONOCHROME\",\"label\":\"Monochrome\"}","media_size":"{\"width_microns\":80000,\"height_microns\":297000,\"is_continuous_feed\":false,\"label\":\"80 x 297mm\"}","page_orientation":"{\"type\":\"AUTO\",\"label\":\"Automatic\"}","printer_margin":{"top":"20","right":"20","bottom":"20","left":"20"}},"95ecfdde-7adc-e052-2242-cffbee7085d6":{"color":"{\"type\":\"STANDARD_MONOCHROME\",\"label\":\"Monochrome\"}","media_size":"{\"width_microns\":80000,\"height_microns\":297000,\"is_continuous_feed\":false,\"label\":\"80 x 297mm\"}","page_orientation":"{\"type\":\"AUTO\",\"label\":\"Automatic\"}","printer_margin":{"top":"20","right":"20","bottom":"20","left":"20"}},"23a60de9-ae91-2e20-5d92-8fb3f3584c70":{"color":"{\"type\":\"STANDARD_MONOCHROME\",\"label\":\"Monochrome\"}","media_size":"{\"width_microns\":80000,\"height_microns\":297000,\"is_continuous_feed\":false,\"label\":\"80 x 297mm\"}","page_orientation":"{\"type\":\"AUTO\",\"label\":\"Automatic\"}","printer_margin":{"top":"20","right":"20","bottom":"20","left":"20"}}}
02-11-2020 @ 17:24:31 - [notice] GoogleCloudPrintLibrary_GCPL->print_document(): printing succeeded: Print job added.
02-11-2020 @ 18:08:45 - [info] WooCommerce Cloud Print 2.7.5, Google Cloud Print Library 0.8.3 / 0.8.3, GD bundled (2.1.0 compatible), Dom Extension: Y, WooCommerce 3.6.3, WordPress 4.9.13, PHP 7.1.33 2020-02-11 19:08:45
02-11-2020 @ 18:08:45 - [info] Running on: https://www.pricesfishandchips.co.uk / https://www.pricesfishandchips.co.uk
02-11-2020 @ 18:08:45 - [notice] checkout_order_processed event: order_id=3935 backtrace=require('wp-blog-header.php'), require_once('wp-includes/template-loader.php'), do_action('template_redirect'), WP_Hook->do_action, WP_Hook->apply_filters, WC_AJAX::do_wc_ajax, do_action('wc_ajax_checkout'), WP_Hook->do_action, WP_Hook->apply_filters, WC_AJAX::checkout, WC_Checkout->process_checkout, do_action('woocommerce_checkout_order_processed'), WP_Hook->do_action, WP_Hook->apply_filters, WooCommerce_Ext_PrintOrders->woocommerce_checkout_order_processed
02-11-2020 @ 18:08:45 - [notice] Order payment method: realex. Decision on whether to print now or wait for payment confirm: Wait
02-11-2020 @ 18:08:46 - [notice] payment_complete event: order_id=3935 backtrace=require('wp-blog-header.php'), require_once('wp-includes/template-loader.php'), do_action('template_redirect'), WP_Hook->do_action, WP_Hook->apply_filters, WC_AJAX::do_wc_ajax, do_action('wc_ajax_checkout'), WP_Hook->do_action, WP_Hook->apply_filters, WC_AJAX::checkout, WC_Checkout->process_checkout, WC_Checkout->process_order_payment, WC_Gateway_Realex->process_payment, apply_filters('wc_gateway_realex_process_payment'), WP_Hook->apply_filters, WC_Gateway_Realex->process_payment_authorize, WC_Gateway_Realex->authorize, WC_Order->payment_complete, do_action('woocommerce_payment_complete'), WP_Hook->do_action, WP_Hook->apply_filters, WooCommerce_Ext_PrintOrders->woocommerce_payment_complete, WooCommerce_Ext_PrintOrders->print_order_or_schedule, WooCommerce_Ext_PrintOrders->print_go
02-11-2020 @ 18:08:46 - [notice] Options: a:5:{s:16:"enabled_internal";s:1:"1";s:12:"print_format";s:10:"text/plain";s:20:"internal_paper_width";s:5:"80.00";s:21:"internal_paper_height";s:6:"279.40";s:11:"debug_email";s:0:"";}
02-11-2020 @ 18:08:46 - [notice] Chosen destinations (i.e. print templates): internal
02-11-2020 @ 18:08:46 - [notice] Job title: Price&#039;s Fish and Chips - Order Number 3935
02-11-2020 @ 18:08:46 - [notice] Processing destination: internal
02-11-2020 @ 18:08:46 - [notice] Using template: /srv/users/serverpilot/apps/pricesfishandchips/public/wp-content/themes/pizzaro/templates/cloud-print-plain-text.php
02-11-2020 @ 18:08:46 - [notice] PHP event: code E_NOTICE: Undefined variable: order_shipping_tax (line 154, wp-content/themes/pizzaro/templates/cloud-print-plain-text.php)
02-11-2020 @ 18:08:46 - [warning] PHP event: code E_WARNING: DOMDocument::loadHTML(): ID 2 already defined in Entity, line: 41 (line 633, wp-content/plugins/woocommerce-printorders/print-orders.php)
02-11-2020 @ 18:08:46 - [warning] PHP event: code E_WARNING: DOMDocument::loadHTML(): ID 2 already defined in Entity, line: 42 (line 633, wp-content/plugins/woocommerce-printorders/print-orders.php)
02-11-2020 @ 18:08:46 - [warning] PHP event: code E_WARNING: DOMDocument::loadHTML(): ID 2 already defined in Entity, line: 46 (line 633, wp-content/plugins/woocommerce-printorders/print-orders.php)
02-11-2020 @ 18:08:46 - [warning] PHP event: code E_WARNING: DOMDocument::loadHTML(): ID 2 already defined in Entity, line: 47 (line 633, wp-content/plugins/woocommerce-printorders/print-orders.php)
02-11-2020 @ 18:08:46 - [warning] PHP event: code E_WARNING: DOMDocument::loadHTML(): ID 2 already defined in Entity, line: 48 (line 633, wp-content/plugins/woocommerce-printorders/print-orders.php)
02-11-2020 @ 18:08:46 - [warning] PHP event: code E_WARNING: DOMDocument::loadHTML(): ID 2 already defined in Entity, line: 49 (line 633, wp-content/plugins/woocommerce-printorders/print-orders.php)
02-11-2020 @ 18:08:46 - [warning] PHP event: code E_WARNING: DOMDocument::loadHTML(): ID 4 already defined in Entity, line: 50 (line 633, wp-content/plugins/woocommerce-printorders/print-orders.php)
02-11-2020 @ 18:08:46 - [notice] Template returned 527 bytes
02-11-2020 @ 18:08:46 - [notice] Output type: html (data format: array, mime type:text/plain)
02-11-2020 @ 18:08:46 - [notice] Copies to print: b:0; : despatching...
02-11-2020 @ 18:08:46 - [notice] Printer options: {"9f7443b2-9f65-aac1-27c9-e11ff1ea3145":{"color":"{\"type\":\"STANDARD_MONOCHROME\",\"label\":\"Monochrome\"}","media_size":"{\"width_microns\":80000,\"height_microns\":297000,\"is_continuous_feed\":false,\"label\":\"80 x 297mm\"}","page_orientation":"{\"type\":\"AUTO\",\"label\":\"Automatic\"}","printer_margin":{"top":"20","right":"20","bottom":"20","left":"20"}},"95ecfdde-7adc-e052-2242-cffbee7085d6":{"color":"{\"type\":\"STANDARD_MONOCHROME\",\"label\":\"Monochrome\"}","media_size":"{\"width_microns\":80000,\"height_microns\":297000,\"is_continuous_feed\":false,\"label\":\"80 x 297mm\"}","page_orientation":"{\"type\":\"AUTO\",\"label\":\"Automatic\"}","printer_margin":{"top":"20","right":"20","bottom":"20","left":"20"}},"23a60de9-ae91-2e20-5d92-8fb3f3584c70":{"color":"{\"type\":\"STANDARD_MONOCHROME\",\"label\":\"Monochrome\"}","media_size":"{\"width_microns\":80000,\"height_microns\":297000,\"is_continuous_feed\":false,\"label\":\"80 x 297mm\"}","page_orientation":"{\"type\":\"AUTO\",\"label\":\"Automatic\"}","printer_margin":{"top":"20","right":"20","bottom":"20","left":"20"}}}
02-11-2020 @ 18:08:59 - [notice] GoogleCloudPrintLibrary_GCPL->print_document(): printing succeeded: Print job added.
