02-14-2020 @ 15:32:48 - [info] WooCommerce Cloud Print 2.7.5, Google Cloud Print Library 0.8.3 / 0.8.3, GD bundled (2.1.0 compatible), Dom Extension: Y, WooCommerce 3.6.3, WordPress 4.9.13, PHP 7.1.33 2020-02-14 16:32:48
02-14-2020 @ 15:32:48 - [info] Running on: https://www.pricesfishandchips.co.uk / https://www.pricesfishandchips.co.uk
02-14-2020 @ 15:32:48 - [notice] checkout_order_processed event: order_id=3950 backtrace=require('wp-blog-header.php'), require_once('wp-includes/template-loader.php'), do_action('template_redirect'), WP_Hook->do_action, WP_Hook->apply_filters, WC_AJAX::do_wc_ajax, do_action('wc_ajax_checkout'), WP_Hook->do_action, WP_Hook->apply_filters, WC_AJAX::checkout, WC_Checkout->process_checkout, do_action('woocommerce_checkout_order_processed'), WP_Hook->do_action, WP_Hook->apply_filters, WooCommerce_Ext_PrintOrders->woocommerce_checkout_order_processed
02-14-2020 @ 15:32:48 - [notice] Order payment method: realex. Decision on whether to print now or wait for payment confirm: Wait
02-14-2020 @ 15:32:50 - [notice] payment_complete event: order_id=3950 backtrace=require('wp-blog-header.php'), require_once('wp-includes/template-loader.php'), do_action('template_redirect'), WP_Hook->do_action, WP_Hook->apply_filters, WC_AJAX::do_wc_ajax, do_action('wc_ajax_checkout'), WP_Hook->do_action, WP_Hook->apply_filters, WC_AJAX::checkout, WC_Checkout->process_checkout, WC_Checkout->process_order_payment, WC_Gateway_Realex->process_payment, apply_filters('wc_gateway_realex_process_payment'), WP_Hook->apply_filters, WC_Gateway_Realex->process_payment_authorize, WC_Gateway_Realex->authorize, WC_Order->payment_complete, do_action('woocommerce_payment_complete'), WP_Hook->do_action, WP_Hook->apply_filters, WooCommerce_Ext_PrintOrders->woocommerce_payment_complete, WooCommerce_Ext_PrintOrders->print_order_or_schedule, WooCommerce_Ext_PrintOrders->print_go
02-14-2020 @ 15:32:50 - [notice] Options: a:5:{s:16:"enabled_internal";s:1:"1";s:12:"print_format";s:10:"text/plain";s:20:"internal_paper_width";s:5:"80.00";s:21:"internal_paper_height";s:6:"279.40";s:11:"debug_email";s:0:"";}
02-14-2020 @ 15:32:50 - [notice] Chosen destinations (i.e. print templates): internal
02-14-2020 @ 15:32:50 - [notice] Job title: Price&#039;s Fish and Chips - Order Number 3950
02-14-2020 @ 15:32:50 - [notice] Processing destination: internal
02-14-2020 @ 15:32:50 - [notice] Using template: /srv/users/serverpilot/apps/pricesfishandchips/public/wp-content/themes/pizzaro/templates/cloud-print-plain-text.php
02-14-2020 @ 15:32:50 - [notice] PHP event: code E_NOTICE: Undefined variable: order_shipping_tax (line 154, wp-content/themes/pizzaro/templates/cloud-print-plain-text.php)
02-14-2020 @ 15:32:50 - [notice] Template returned 309 bytes
02-14-2020 @ 15:32:50 - [notice] Output type: html (data format: array, mime type:text/plain)
02-14-2020 @ 15:32:50 - [notice] Copies to print: b:0; : despatching...
02-14-2020 @ 15:32:50 - [notice] Printer options: {"9f7443b2-9f65-aac1-27c9-e11ff1ea3145":{"color":"{\"type\":\"STANDARD_MONOCHROME\",\"label\":\"Monochrome\"}","media_size":"{\"width_microns\":80000,\"height_microns\":297000,\"is_continuous_feed\":false,\"label\":\"80 x 297mm\"}","page_orientation":"{\"type\":\"AUTO\",\"label\":\"Automatic\"}","printer_margin":{"top":"20","right":"20","bottom":"20","left":"20"}},"95ecfdde-7adc-e052-2242-cffbee7085d6":{"color":"{\"type\":\"STANDARD_MONOCHROME\",\"label\":\"Monochrome\"}","media_size":"{\"width_microns\":80000,\"height_microns\":297000,\"is_continuous_feed\":false,\"label\":\"80 x 297mm\"}","page_orientation":"{\"type\":\"AUTO\",\"label\":\"Automatic\"}","printer_margin":{"top":"20","right":"20","bottom":"20","left":"20"}},"23a60de9-ae91-2e20-5d92-8fb3f3584c70":{"color":"{\"type\":\"STANDARD_MONOCHROME\",\"label\":\"Monochrome\"}","media_size":"{\"width_microns\":80000,\"height_microns\":297000,\"is_continuous_feed\":false,\"label\":\"80 x 297mm\"}","page_orientation":"{\"type\":\"AUTO\",\"label\":\"Automatic\"}","printer_margin":{"top":"20","right":"20","bottom":"20","left":"20"}}}
02-14-2020 @ 15:32:57 - [notice] GoogleCloudPrintLibrary_GCPL->print_document(): printing succeeded: Print job added.
02-14-2020 @ 16:09:25 - [info] WooCommerce Cloud Print 2.7.5, Google Cloud Print Library 0.8.3 / 0.8.3, GD bundled (2.1.0 compatible), Dom Extension: Y, WooCommerce 3.6.3, WordPress 4.9.13, PHP 7.1.33 2020-02-14 17:09:25
02-14-2020 @ 16:09:25 - [info] Running on: https://www.pricesfishandchips.co.uk / https://www.pricesfishandchips.co.uk
02-14-2020 @ 16:09:25 - [notice] checkout_order_processed event: order_id=3951 backtrace=require('wp-blog-header.php'), require_once('wp-includes/template-loader.php'), do_action('template_redirect'), WP_Hook->do_action, WP_Hook->apply_filters, WC_AJAX::do_wc_ajax, do_action('wc_ajax_checkout'), WP_Hook->do_action, WP_Hook->apply_filters, WC_AJAX::checkout, WC_Checkout->process_checkout, do_action('woocommerce_checkout_order_processed'), WP_Hook->do_action, WP_Hook->apply_filters, WooCommerce_Ext_PrintOrders->woocommerce_checkout_order_processed
02-14-2020 @ 16:09:25 - [notice] Order payment method: realex. Decision on whether to print now or wait for payment confirm: Wait
02-14-2020 @ 16:09:26 - [notice] payment_complete event: order_id=3951 backtrace=require('wp-blog-header.php'), require_once('wp-includes/template-loader.php'), do_action('template_redirect'), WP_Hook->do_action, WP_Hook->apply_filters, WC_AJAX::do_wc_ajax, do_action('wc_ajax_checkout'), WP_Hook->do_action, WP_Hook->apply_filters, WC_AJAX::checkout, WC_Checkout->process_checkout, WC_Checkout->process_order_payment, WC_Gateway_Realex->process_payment, apply_filters('wc_gateway_realex_process_payment'), WP_Hook->apply_filters, WC_Gateway_Realex->process_payment_authorize, WC_Gateway_Realex->authorize, WC_Order->payment_complete, do_action('woocommerce_payment_complete'), WP_Hook->do_action, WP_Hook->apply_filters, WooCommerce_Ext_PrintOrders->woocommerce_payment_complete, WooCommerce_Ext_PrintOrders->print_order_or_schedule, WooCommerce_Ext_PrintOrders->print_go
02-14-2020 @ 16:09:26 - [notice] Options: a:5:{s:16:"enabled_internal";s:1:"1";s:12:"print_format";s:10:"text/plain";s:20:"internal_paper_width";s:5:"80.00";s:21:"internal_paper_height";s:6:"279.40";s:11:"debug_email";s:0:"";}
02-14-2020 @ 16:09:26 - [notice] Chosen destinations (i.e. print templates): internal
02-14-2020 @ 16:09:26 - [notice] Job title: Price&#039;s Fish and Chips - Order Number 3951
02-14-2020 @ 16:09:26 - [notice] Processing destination: internal
02-14-2020 @ 16:09:26 - [notice] Using template: /srv/users/serverpilot/apps/pricesfishandchips/public/wp-content/themes/pizzaro/templates/cloud-print-plain-text.php
02-14-2020 @ 16:09:26 - [notice] PHP event: code E_NOTICE: Undefined variable: order_shipping_tax (line 154, wp-content/themes/pizzaro/templates/cloud-print-plain-text.php)
02-14-2020 @ 16:09:26 - [notice] Template returned 391 bytes
02-14-2020 @ 16:09:26 - [notice] Output type: html (data format: array, mime type:text/plain)
02-14-2020 @ 16:09:26 - [notice] Copies to print: b:0; : despatching...
02-14-2020 @ 16:09:26 - [notice] Printer options: {"9f7443b2-9f65-aac1-27c9-e11ff1ea3145":{"color":"{\"type\":\"STANDARD_MONOCHROME\",\"label\":\"Monochrome\"}","media_size":"{\"width_microns\":80000,\"height_microns\":297000,\"is_continuous_feed\":false,\"label\":\"80 x 297mm\"}","page_orientation":"{\"type\":\"AUTO\",\"label\":\"Automatic\"}","printer_margin":{"top":"20","right":"20","bottom":"20","left":"20"}},"95ecfdde-7adc-e052-2242-cffbee7085d6":{"color":"{\"type\":\"STANDARD_MONOCHROME\",\"label\":\"Monochrome\"}","media_size":"{\"width_microns\":80000,\"height_microns\":297000,\"is_continuous_feed\":false,\"label\":\"80 x 297mm\"}","page_orientation":"{\"type\":\"AUTO\",\"label\":\"Automatic\"}","printer_margin":{"top":"20","right":"20","bottom":"20","left":"20"}},"23a60de9-ae91-2e20-5d92-8fb3f3584c70":{"color":"{\"type\":\"STANDARD_MONOCHROME\",\"label\":\"Monochrome\"}","media_size":"{\"width_microns\":80000,\"height_microns\":297000,\"is_continuous_feed\":false,\"label\":\"80 x 297mm\"}","page_orientation":"{\"type\":\"AUTO\",\"label\":\"Automatic\"}","printer_margin":{"top":"20","right":"20","bottom":"20","left":"20"}}}
02-14-2020 @ 16:09:37 - [notice] GoogleCloudPrintLibrary_GCPL->print_document(): printing succeeded: Print job added.
02-14-2020 @ 16:48:27 - [info] WooCommerce Cloud Print 2.7.5, Google Cloud Print Library 0.8.3 / 0.8.3, GD bundled (2.1.0 compatible), Dom Extension: Y, WooCommerce 3.6.3, WordPress 4.9.13, PHP 7.1.33 2020-02-14 17:48:27
02-14-2020 @ 16:48:27 - [info] Running on: https://www.pricesfishandchips.co.uk / https://www.pricesfishandchips.co.uk
02-14-2020 @ 16:48:27 - [notice] checkout_order_processed event: order_id=3952 backtrace=require('wp-blog-header.php'), require_once('wp-includes/template-loader.php'), do_action('template_redirect'), WP_Hook->do_action, WP_Hook->apply_filters, WC_AJAX::do_wc_ajax, do_action('wc_ajax_checkout'), WP_Hook->do_action, WP_Hook->apply_filters, WC_AJAX::checkout, WC_Checkout->process_checkout, do_action('woocommerce_checkout_order_processed'), WP_Hook->do_action, WP_Hook->apply_filters, WooCommerce_Ext_PrintOrders->woocommerce_checkout_order_processed
02-14-2020 @ 16:48:27 - [notice] Order payment method: realex. Decision on whether to print now or wait for payment confirm: Wait
02-14-2020 @ 16:48:29 - [notice] payment_complete event: order_id=3952 backtrace=require('wp-blog-header.php'), require_once('wp-includes/template-loader.php'), do_action('template_redirect'), WP_Hook->do_action, WP_Hook->apply_filters, WC_AJAX::do_wc_ajax, do_action('wc_ajax_checkout'), WP_Hook->do_action, WP_Hook->apply_filters, WC_AJAX::checkout, WC_Checkout->process_checkout, WC_Checkout->process_order_payment, WC_Gateway_Realex->process_payment, apply_filters('wc_gateway_realex_process_payment'), WP_Hook->apply_filters, WC_Gateway_Realex->process_payment_authorize, WC_Gateway_Realex->authorize, WC_Order->payment_complete, do_action('woocommerce_payment_complete'), WP_Hook->do_action, WP_Hook->apply_filters, WooCommerce_Ext_PrintOrders->woocommerce_payment_complete, WooCommerce_Ext_PrintOrders->print_order_or_schedule, WooCommerce_Ext_PrintOrders->print_go
02-14-2020 @ 16:48:29 - [notice] Options: a:5:{s:16:"enabled_internal";s:1:"1";s:12:"print_format";s:10:"text/plain";s:20:"internal_paper_width";s:5:"80.00";s:21:"internal_paper_height";s:6:"279.40";s:11:"debug_email";s:0:"";}
02-14-2020 @ 16:48:29 - [notice] Chosen destinations (i.e. print templates): internal
02-14-2020 @ 16:48:29 - [notice] Job title: Price&#039;s Fish and Chips - Order Number 3952
02-14-2020 @ 16:48:29 - [notice] Processing destination: internal
02-14-2020 @ 16:48:29 - [notice] Using template: /srv/users/serverpilot/apps/pricesfishandchips/public/wp-content/themes/pizzaro/templates/cloud-print-plain-text.php
02-14-2020 @ 16:48:29 - [notice] PHP event: code E_NOTICE: Undefined variable: order_shipping_tax (line 154, wp-content/themes/pizzaro/templates/cloud-print-plain-text.php)
02-14-2020 @ 16:48:29 - [warning] PHP event: code E_WARNING: DOMDocument::loadHTML(): ID 2 already defined in Entity, line: 54 (line 633, wp-content/plugins/woocommerce-printorders/print-orders.php)
02-14-2020 @ 16:48:29 - [warning] PHP event: code E_WARNING: DOMDocument::loadHTML(): ID 2 already defined in Entity, line: 55 (line 633, wp-content/plugins/woocommerce-printorders/print-orders.php)
02-14-2020 @ 16:48:29 - [notice] Template returned 495 bytes
02-14-2020 @ 16:48:29 - [notice] Output type: html (data format: array, mime type:text/plain)
02-14-2020 @ 16:48:29 - [notice] Copies to print: b:0; : despatching...
02-14-2020 @ 16:48:29 - [notice] Printer options: {"9f7443b2-9f65-aac1-27c9-e11ff1ea3145":{"color":"{\"type\":\"STANDARD_MONOCHROME\",\"label\":\"Monochrome\"}","media_size":"{\"width_microns\":80000,\"height_microns\":297000,\"is_continuous_feed\":false,\"label\":\"80 x 297mm\"}","page_orientation":"{\"type\":\"AUTO\",\"label\":\"Automatic\"}","printer_margin":{"top":"20","right":"20","bottom":"20","left":"20"}},"95ecfdde-7adc-e052-2242-cffbee7085d6":{"color":"{\"type\":\"STANDARD_MONOCHROME\",\"label\":\"Monochrome\"}","media_size":"{\"width_microns\":80000,\"height_microns\":297000,\"is_continuous_feed\":false,\"label\":\"80 x 297mm\"}","page_orientation":"{\"type\":\"AUTO\",\"label\":\"Automatic\"}","printer_margin":{"top":"20","right":"20","bottom":"20","left":"20"}},"23a60de9-ae91-2e20-5d92-8fb3f3584c70":{"color":"{\"type\":\"STANDARD_MONOCHROME\",\"label\":\"Monochrome\"}","media_size":"{\"width_microns\":80000,\"height_microns\":297000,\"is_continuous_feed\":false,\"label\":\"80 x 297mm\"}","page_orientation":"{\"type\":\"AUTO\",\"label\":\"Automatic\"}","printer_margin":{"top":"20","right":"20","bottom":"20","left":"20"}}}
02-14-2020 @ 16:48:40 - [notice] GoogleCloudPrintLibrary_GCPL->print_document(): printing succeeded: Print job added.
02-14-2020 @ 16:53:31 - [info] WooCommerce Cloud Print 2.7.5, Google Cloud Print Library 0.8.3 / 0.8.3, GD bundled (2.1.0 compatible), Dom Extension: Y, WooCommerce 3.6.3, WordPress 4.9.13, PHP 7.1.33 2020-02-14 17:53:31
02-14-2020 @ 16:53:31 - [info] Running on: https://www.pricesfishandchips.co.uk / https://www.pricesfishandchips.co.uk
02-14-2020 @ 16:53:31 - [notice] checkout_order_processed event: order_id=3953 backtrace=require('wp-blog-header.php'), require_once('wp-includes/template-loader.php'), do_action('template_redirect'), WP_Hook->do_action, WP_Hook->apply_filters, WC_AJAX::do_wc_ajax, do_action('wc_ajax_checkout'), WP_Hook->do_action, WP_Hook->apply_filters, WC_AJAX::checkout, WC_Checkout->process_checkout, do_action('woocommerce_checkout_order_processed'), WP_Hook->do_action, WP_Hook->apply_filters, WooCommerce_Ext_PrintOrders->woocommerce_checkout_order_processed
02-14-2020 @ 16:53:31 - [notice] Order payment method: realex. Decision on whether to print now or wait for payment confirm: Wait
02-14-2020 @ 16:53:33 - [notice] payment_complete event: order_id=3953 backtrace=require('wp-blog-header.php'), require_once('wp-includes/template-loader.php'), do_action('template_redirect'), WP_Hook->do_action, WP_Hook->apply_filters, WC_AJAX::do_wc_ajax, do_action('wc_ajax_checkout'), WP_Hook->do_action, WP_Hook->apply_filters, WC_AJAX::checkout, WC_Checkout->process_checkout, WC_Checkout->process_order_payment, WC_Gateway_Realex->process_payment, apply_filters('wc_gateway_realex_process_payment'), WP_Hook->apply_filters, WC_Gateway_Realex->process_payment_authorize, WC_Gateway_Realex->authorize, WC_Order->payment_complete, do_action('woocommerce_payment_complete'), WP_Hook->do_action, WP_Hook->apply_filters, WooCommerce_Ext_PrintOrders->woocommerce_payment_complete, WooCommerce_Ext_PrintOrders->print_order_or_schedule, WooCommerce_Ext_PrintOrders->print_go
02-14-2020 @ 16:53:33 - [notice] Options: a:5:{s:16:"enabled_internal";s:1:"1";s:12:"print_format";s:10:"text/plain";s:20:"internal_paper_width";s:5:"80.00";s:21:"internal_paper_height";s:6:"279.40";s:11:"debug_email";s:0:"";}
02-14-2020 @ 16:53:33 - [notice] Chosen destinations (i.e. print templates): internal
02-14-2020 @ 16:53:33 - [notice] Job title: Price&#039;s Fish and Chips - Order Number 3953
02-14-2020 @ 16:53:33 - [notice] Processing destination: internal
02-14-2020 @ 16:53:33 - [notice] Using template: /srv/users/serverpilot/apps/pricesfishandchips/public/wp-content/themes/pizzaro/templates/cloud-print-plain-text.php
02-14-2020 @ 16:53:33 - [notice] PHP event: code E_NOTICE: Undefined variable: order_shipping_tax (line 154, wp-content/themes/pizzaro/templates/cloud-print-plain-text.php)
02-14-2020 @ 16:53:33 - [notice] Template returned 395 bytes
02-14-2020 @ 16:53:33 - [notice] Output type: html (data format: array, mime type:text/plain)
02-14-2020 @ 16:53:33 - [notice] Copies to print: b:0; : despatching...
02-14-2020 @ 16:53:33 - [notice] Printer options: {"9f7443b2-9f65-aac1-27c9-e11ff1ea3145":{"color":"{\"type\":\"STANDARD_MONOCHROME\",\"label\":\"Monochrome\"}","media_size":"{\"width_microns\":80000,\"height_microns\":297000,\"is_continuous_feed\":false,\"label\":\"80 x 297mm\"}","page_orientation":"{\"type\":\"AUTO\",\"label\":\"Automatic\"}","printer_margin":{"top":"20","right":"20","bottom":"20","left":"20"}},"95ecfdde-7adc-e052-2242-cffbee7085d6":{"color":"{\"type\":\"STANDARD_MONOCHROME\",\"label\":\"Monochrome\"}","media_size":"{\"width_microns\":80000,\"height_microns\":297000,\"is_continuous_feed\":false,\"label\":\"80 x 297mm\"}","page_orientation":"{\"type\":\"AUTO\",\"label\":\"Automatic\"}","printer_margin":{"top":"20","right":"20","bottom":"20","left":"20"}},"23a60de9-ae91-2e20-5d92-8fb3f3584c70":{"color":"{\"type\":\"STANDARD_MONOCHROME\",\"label\":\"Monochrome\"}","media_size":"{\"width_microns\":80000,\"height_microns\":297000,\"is_continuous_feed\":false,\"label\":\"80 x 297mm\"}","page_orientation":"{\"type\":\"AUTO\",\"label\":\"Automatic\"}","printer_margin":{"top":"20","right":"20","bottom":"20","left":"20"}}}
02-14-2020 @ 16:53:44 - [notice] GoogleCloudPrintLibrary_GCPL->print_document(): printing succeeded: Print job added.
02-14-2020 @ 16:58:43 - [info] WooCommerce Cloud Print 2.7.5, Google Cloud Print Library 0.8.3 / 0.8.3, GD bundled (2.1.0 compatible), Dom Extension: Y, WooCommerce 3.6.3, WordPress 4.9.13, PHP 7.1.33 2020-02-14 17:58:43
02-14-2020 @ 16:58:43 - [info] Running on: https://www.pricesfishandchips.co.uk / https://www.pricesfishandchips.co.uk
02-14-2020 @ 16:58:43 - [notice] checkout_order_processed event: order_id=3954 backtrace=require('wp-blog-header.php'), require_once('wp-includes/template-loader.php'), do_action('template_redirect'), WP_Hook->do_action, WP_Hook->apply_filters, WC_AJAX::do_wc_ajax, do_action('wc_ajax_checkout'), WP_Hook->do_action, WP_Hook->apply_filters, WC_AJAX::checkout, WC_Checkout->process_checkout, do_action('woocommerce_checkout_order_processed'), WP_Hook->do_action, WP_Hook->apply_filters, WooCommerce_Ext_PrintOrders->woocommerce_checkout_order_processed
02-14-2020 @ 16:58:43 - [notice] Order payment method: realex. Decision on whether to print now or wait for payment confirm: Wait
02-14-2020 @ 16:58:45 - [notice] payment_complete event: order_id=3954 backtrace=require('wp-blog-header.php'), require_once('wp-includes/template-loader.php'), do_action('template_redirect'), WP_Hook->do_action, WP_Hook->apply_filters, WC_AJAX::do_wc_ajax, do_action('wc_ajax_checkout'), WP_Hook->do_action, WP_Hook->apply_filters, WC_AJAX::checkout, WC_Checkout->process_checkout, WC_Checkout->process_order_payment, WC_Gateway_Realex->process_payment, apply_filters('wc_gateway_realex_process_payment'), WP_Hook->apply_filters, WC_Gateway_Realex->process_payment_authorize, WC_Gateway_Realex->authorize, WC_Order->payment_complete, do_action('woocommerce_payment_complete'), WP_Hook->do_action, WP_Hook->apply_filters, WooCommerce_Ext_PrintOrders->woocommerce_payment_complete, WooCommerce_Ext_PrintOrders->print_order_or_schedule, WooCommerce_Ext_PrintOrders->print_go
02-14-2020 @ 16:58:45 - [notice] Options: a:5:{s:16:"enabled_internal";s:1:"1";s:12:"print_format";s:10:"text/plain";s:20:"internal_paper_width";s:5:"80.00";s:21:"internal_paper_height";s:6:"279.40";s:11:"debug_email";s:0:"";}
02-14-2020 @ 16:58:45 - [notice] Chosen destinations (i.e. print templates): internal
02-14-2020 @ 16:58:45 - [notice] Job title: Price&#039;s Fish and Chips - Order Number 3954
02-14-2020 @ 16:58:45 - [notice] Processing destination: internal
02-14-2020 @ 16:58:45 - [notice] Using template: /srv/users/serverpilot/apps/pricesfishandchips/public/wp-content/themes/pizzaro/templates/cloud-print-plain-text.php
02-14-2020 @ 16:58:45 - [notice] PHP event: code E_NOTICE: Undefined variable: order_shipping_tax (line 154, wp-content/themes/pizzaro/templates/cloud-print-plain-text.php)
02-14-2020 @ 16:58:45 - [notice] Template returned 365 bytes
02-14-2020 @ 16:58:45 - [notice] Output type: html (data format: array, mime type:text/plain)
02-14-2020 @ 16:58:45 - [notice] Copies to print: b:0; : despatching...
02-14-2020 @ 16:58:45 - [notice] Printer options: {"9f7443b2-9f65-aac1-27c9-e11ff1ea3145":{"color":"{\"type\":\"STANDARD_MONOCHROME\",\"label\":\"Monochrome\"}","media_size":"{\"width_microns\":80000,\"height_microns\":297000,\"is_continuous_feed\":false,\"label\":\"80 x 297mm\"}","page_orientation":"{\"type\":\"AUTO\",\"label\":\"Automatic\"}","printer_margin":{"top":"20","right":"20","bottom":"20","left":"20"}},"95ecfdde-7adc-e052-2242-cffbee7085d6":{"color":"{\"type\":\"STANDARD_MONOCHROME\",\"label\":\"Monochrome\"}","media_size":"{\"width_microns\":80000,\"height_microns\":297000,\"is_continuous_feed\":false,\"label\":\"80 x 297mm\"}","page_orientation":"{\"type\":\"AUTO\",\"label\":\"Automatic\"}","printer_margin":{"top":"20","right":"20","bottom":"20","left":"20"}},"23a60de9-ae91-2e20-5d92-8fb3f3584c70":{"color":"{\"type\":\"STANDARD_MONOCHROME\",\"label\":\"Monochrome\"}","media_size":"{\"width_microns\":80000,\"height_microns\":297000,\"is_continuous_feed\":false,\"label\":\"80 x 297mm\"}","page_orientation":"{\"type\":\"AUTO\",\"label\":\"Automatic\"}","printer_margin":{"top":"20","right":"20","bottom":"20","left":"20"}}}
02-14-2020 @ 16:58:59 - [notice] GoogleCloudPrintLibrary_GCPL->print_document(): printing succeeded: Print job added.
02-14-2020 @ 17:07:12 - [info] WooCommerce Cloud Print 2.7.5, Google Cloud Print Library 0.8.3 / 0.8.3, GD bundled (2.1.0 compatible), Dom Extension: Y, WooCommerce 3.6.3, WordPress 4.9.13, PHP 7.1.33 2020-02-14 18:07:12
02-14-2020 @ 17:07:12 - [info] Running on: https://www.pricesfishandchips.co.uk / https://www.pricesfishandchips.co.uk
02-14-2020 @ 17:07:12 - [notice] checkout_order_processed event: order_id=3955 backtrace=require('wp-blog-header.php'), require_once('wp-includes/template-loader.php'), do_action('template_redirect'), WP_Hook->do_action, WP_Hook->apply_filters, WC_AJAX::do_wc_ajax, do_action('wc_ajax_checkout'), WP_Hook->do_action, WP_Hook->apply_filters, WC_AJAX::checkout, WC_Checkout->process_checkout, do_action('woocommerce_checkout_order_processed'), WP_Hook->do_action, WP_Hook->apply_filters, WooCommerce_Ext_PrintOrders->woocommerce_checkout_order_processed
02-14-2020 @ 17:07:12 - [notice] Order payment method: realex. Decision on whether to print now or wait for payment confirm: Wait
02-14-2020 @ 17:07:14 - [notice] payment_complete event: order_id=3955 backtrace=require('wp-blog-header.php'), require_once('wp-includes/template-loader.php'), do_action('template_redirect'), WP_Hook->do_action, WP_Hook->apply_filters, WC_AJAX::do_wc_ajax, do_action('wc_ajax_checkout'), WP_Hook->do_action, WP_Hook->apply_filters, WC_AJAX::checkout, WC_Checkout->process_checkout, WC_Checkout->process_order_payment, WC_Gateway_Realex->process_payment, apply_filters('wc_gateway_realex_process_payment'), WP_Hook->apply_filters, WC_Gateway_Realex->process_payment_authorize, WC_Gateway_Realex->authorize, WC_Order->payment_complete, do_action('woocommerce_payment_complete'), WP_Hook->do_action, WP_Hook->apply_filters, WooCommerce_Ext_PrintOrders->woocommerce_payment_complete, WooCommerce_Ext_PrintOrders->print_order_or_schedule, WooCommerce_Ext_PrintOrders->print_go
02-14-2020 @ 17:07:14 - [notice] Options: a:5:{s:16:"enabled_internal";s:1:"1";s:12:"print_format";s:10:"text/plain";s:20:"internal_paper_width";s:5:"80.00";s:21:"internal_paper_height";s:6:"279.40";s:11:"debug_email";s:0:"";}
02-14-2020 @ 17:07:14 - [notice] Chosen destinations (i.e. print templates): internal
02-14-2020 @ 17:07:14 - [notice] Job title: Price&#039;s Fish and Chips - Order Number 3955
02-14-2020 @ 17:07:14 - [notice] Processing destination: internal
02-14-2020 @ 17:07:14 - [notice] Using template: /srv/users/serverpilot/apps/pricesfishandchips/public/wp-content/themes/pizzaro/templates/cloud-print-plain-text.php
02-14-2020 @ 17:07:14 - [notice] PHP event: code E_NOTICE: Undefined variable: order_shipping_tax (line 154, wp-content/themes/pizzaro/templates/cloud-print-plain-text.php)
02-14-2020 @ 17:07:14 - [warning] PHP event: code E_WARNING: DOMDocument::loadHTML(): ID 2 already defined in Entity, line: 47 (line 633, wp-content/plugins/woocommerce-printorders/print-orders.php)
02-14-2020 @ 17:07:14 - [warning] PHP event: code E_WARNING: DOMDocument::loadHTML(): ID 2 already defined in Entity, line: 48 (line 633, wp-content/plugins/woocommerce-printorders/print-orders.php)
02-14-2020 @ 17:07:14 - [notice] Template returned 458 bytes
02-14-2020 @ 17:07:14 - [notice] Output type: html (data format: array, mime type:text/plain)
02-14-2020 @ 17:07:14 - [notice] Copies to print: b:0; : despatching...
02-14-2020 @ 17:07:14 - [notice] Printer options: {"9f7443b2-9f65-aac1-27c9-e11ff1ea3145":{"color":"{\"type\":\"STANDARD_MONOCHROME\",\"label\":\"Monochrome\"}","media_size":"{\"width_microns\":80000,\"height_microns\":297000,\"is_continuous_feed\":false,\"label\":\"80 x 297mm\"}","page_orientation":"{\"type\":\"AUTO\",\"label\":\"Automatic\"}","printer_margin":{"top":"20","right":"20","bottom":"20","left":"20"}},"95ecfdde-7adc-e052-2242-cffbee7085d6":{"color":"{\"type\":\"STANDARD_MONOCHROME\",\"label\":\"Monochrome\"}","media_size":"{\"width_microns\":80000,\"height_microns\":297000,\"is_continuous_feed\":false,\"label\":\"80 x 297mm\"}","page_orientation":"{\"type\":\"AUTO\",\"label\":\"Automatic\"}","printer_margin":{"top":"20","right":"20","bottom":"20","left":"20"}},"23a60de9-ae91-2e20-5d92-8fb3f3584c70":{"color":"{\"type\":\"STANDARD_MONOCHROME\",\"label\":\"Monochrome\"}","media_size":"{\"width_microns\":80000,\"height_microns\":297000,\"is_continuous_feed\":false,\"label\":\"80 x 297mm\"}","page_orientation":"{\"type\":\"AUTO\",\"label\":\"Automatic\"}","printer_margin":{"top":"20","right":"20","bottom":"20","left":"20"}}}
02-14-2020 @ 17:07:28 - [notice] GoogleCloudPrintLibrary_GCPL->print_document(): printing succeeded: Print job added.
02-14-2020 @ 17:42:40 - [info] WooCommerce Cloud Print 2.7.5, Google Cloud Print Library 0.8.3 / 0.8.3, GD bundled (2.1.0 compatible), Dom Extension: Y, WooCommerce 3.6.3, WordPress 4.9.13, PHP 7.1.33 2020-02-14 18:42:40
02-14-2020 @ 17:42:40 - [info] Running on: https://www.pricesfishandchips.co.uk / https://www.pricesfishandchips.co.uk
02-14-2020 @ 17:42:40 - [notice] checkout_order_processed event: order_id=3956 backtrace=require('wp-blog-header.php'), require_once('wp-includes/template-loader.php'), do_action('template_redirect'), WP_Hook->do_action, WP_Hook->apply_filters, WC_AJAX::do_wc_ajax, do_action('wc_ajax_checkout'), WP_Hook->do_action, WP_Hook->apply_filters, WC_AJAX::checkout, WC_Checkout->process_checkout, do_action('woocommerce_checkout_order_processed'), WP_Hook->do_action, WP_Hook->apply_filters, WooCommerce_Ext_PrintOrders->woocommerce_checkout_order_processed
02-14-2020 @ 17:42:40 - [notice] Order payment method: realex. Decision on whether to print now or wait for payment confirm: Wait
02-14-2020 @ 17:42:42 - [notice] payment_complete event: order_id=3956 backtrace=require('wp-blog-header.php'), require_once('wp-includes/template-loader.php'), do_action('template_redirect'), WP_Hook->do_action, WP_Hook->apply_filters, WC_AJAX::do_wc_ajax, do_action('wc_ajax_checkout'), WP_Hook->do_action, WP_Hook->apply_filters, WC_AJAX::checkout, WC_Checkout->process_checkout, WC_Checkout->process_order_payment, WC_Gateway_Realex->process_payment, apply_filters('wc_gateway_realex_process_payment'), WP_Hook->apply_filters, WC_Gateway_Realex->process_payment_authorize, WC_Gateway_Realex->authorize, WC_Order->payment_complete, do_action('woocommerce_payment_complete'), WP_Hook->do_action, WP_Hook->apply_filters, WooCommerce_Ext_PrintOrders->woocommerce_payment_complete, WooCommerce_Ext_PrintOrders->print_order_or_schedule, WooCommerce_Ext_PrintOrders->print_go
02-14-2020 @ 17:42:42 - [notice] Options: a:5:{s:16:"enabled_internal";s:1:"1";s:12:"print_format";s:10:"text/plain";s:20:"internal_paper_width";s:5:"80.00";s:21:"internal_paper_height";s:6:"279.40";s:11:"debug_email";s:0:"";}
02-14-2020 @ 17:42:42 - [notice] Chosen destinations (i.e. print templates): internal
02-14-2020 @ 17:42:42 - [notice] Job title: Price&#039;s Fish and Chips - Order Number 3956
02-14-2020 @ 17:42:42 - [notice] Processing destination: internal
02-14-2020 @ 17:42:42 - [notice] Using template: /srv/users/serverpilot/apps/pricesfishandchips/public/wp-content/themes/pizzaro/templates/cloud-print-plain-text.php
02-14-2020 @ 17:42:42 - [notice] PHP event: code E_NOTICE: Undefined variable: order_shipping_tax (line 154, wp-content/themes/pizzaro/templates/cloud-print-plain-text.php)
02-14-2020 @ 17:42:42 - [warning] PHP event: code E_WARNING: DOMDocument::loadHTML(): ID 2 already defined in Entity, line: 49 (line 633, wp-content/plugins/woocommerce-printorders/print-orders.php)
02-14-2020 @ 17:42:42 - [warning] PHP event: code E_WARNING: DOMDocument::loadHTML(): ID 2 already defined in Entity, line: 50 (line 633, wp-content/plugins/woocommerce-printorders/print-orders.php)
02-14-2020 @ 17:42:42 - [notice] Template returned 483 bytes
02-14-2020 @ 17:42:42 - [notice] Output type: html (data format: array, mime type:text/plain)
02-14-2020 @ 17:42:42 - [notice] Copies to print: b:0; : despatching...
02-14-2020 @ 17:42:42 - [notice] Printer options: {"9f7443b2-9f65-aac1-27c9-e11ff1ea3145":{"color":"{\"type\":\"STANDARD_MONOCHROME\",\"label\":\"Monochrome\"}","media_size":"{\"width_microns\":80000,\"height_microns\":297000,\"is_continuous_feed\":false,\"label\":\"80 x 297mm\"}","page_orientation":"{\"type\":\"AUTO\",\"label\":\"Automatic\"}","printer_margin":{"top":"20","right":"20","bottom":"20","left":"20"}},"95ecfdde-7adc-e052-2242-cffbee7085d6":{"color":"{\"type\":\"STANDARD_MONOCHROME\",\"label\":\"Monochrome\"}","media_size":"{\"width_microns\":80000,\"height_microns\":297000,\"is_continuous_feed\":false,\"label\":\"80 x 297mm\"}","page_orientation":"{\"type\":\"AUTO\",\"label\":\"Automatic\"}","printer_margin":{"top":"20","right":"20","bottom":"20","left":"20"}},"23a60de9-ae91-2e20-5d92-8fb3f3584c70":{"color":"{\"type\":\"STANDARD_MONOCHROME\",\"label\":\"Monochrome\"}","media_size":"{\"width_microns\":80000,\"height_microns\":297000,\"is_continuous_feed\":false,\"label\":\"80 x 297mm\"}","page_orientation":"{\"type\":\"AUTO\",\"label\":\"Automatic\"}","printer_margin":{"top":"20","right":"20","bottom":"20","left":"20"}}}
02-14-2020 @ 17:42:52 - [notice] GoogleCloudPrintLibrary_GCPL->print_document(): printing succeeded: Print job added.
02-14-2020 @ 17:56:14 - [info] WooCommerce Cloud Print 2.7.5, Google Cloud Print Library 0.8.3 / 0.8.3, GD bundled (2.1.0 compatible), Dom Extension: Y, WooCommerce 3.6.3, WordPress 4.9.13, PHP 7.1.33 2020-02-14 18:56:14
02-14-2020 @ 17:56:14 - [info] Running on: https://www.pricesfishandchips.co.uk / https://www.pricesfishandchips.co.uk
02-14-2020 @ 17:56:14 - [notice] checkout_order_processed event: order_id=3957 backtrace=require('wp-blog-header.php'), require_once('wp-includes/template-loader.php'), do_action('template_redirect'), WP_Hook->do_action, WP_Hook->apply_filters, WC_AJAX::do_wc_ajax, do_action('wc_ajax_checkout'), WP_Hook->do_action, WP_Hook->apply_filters, WC_AJAX::checkout, WC_Checkout->process_checkout, do_action('woocommerce_checkout_order_processed'), WP_Hook->do_action, WP_Hook->apply_filters, WooCommerce_Ext_PrintOrders->woocommerce_checkout_order_processed
02-14-2020 @ 17:56:14 - [notice] Order payment method: realex. Decision on whether to print now or wait for payment confirm: Wait
02-14-2020 @ 17:56:15 - [notice] payment_complete event: order_id=3957 backtrace=require('wp-blog-header.php'), require_once('wp-includes/template-loader.php'), do_action('template_redirect'), WP_Hook->do_action, WP_Hook->apply_filters, WC_AJAX::do_wc_ajax, do_action('wc_ajax_checkout'), WP_Hook->do_action, WP_Hook->apply_filters, WC_AJAX::checkout, WC_Checkout->process_checkout, WC_Checkout->process_order_payment, WC_Gateway_Realex->process_payment, apply_filters('wc_gateway_realex_process_payment'), WP_Hook->apply_filters, WC_Gateway_Realex->process_payment_authorize, WC_Gateway_Realex->authorize, WC_Order->payment_complete, do_action('woocommerce_payment_complete'), WP_Hook->do_action, WP_Hook->apply_filters, WooCommerce_Ext_PrintOrders->woocommerce_payment_complete, WooCommerce_Ext_PrintOrders->print_order_or_schedule, WooCommerce_Ext_PrintOrders->print_go
02-14-2020 @ 17:56:15 - [notice] Options: a:5:{s:16:"enabled_internal";s:1:"1";s:12:"print_format";s:10:"text/plain";s:20:"internal_paper_width";s:5:"80.00";s:21:"internal_paper_height";s:6:"279.40";s:11:"debug_email";s:0:"";}
02-14-2020 @ 17:56:15 - [notice] Chosen destinations (i.e. print templates): internal
02-14-2020 @ 17:56:15 - [notice] Job title: Price&#039;s Fish and Chips - Order Number 3957
02-14-2020 @ 17:56:15 - [notice] Processing destination: internal
02-14-2020 @ 17:56:15 - [notice] Using template: /srv/users/serverpilot/apps/pricesfishandchips/public/wp-content/themes/pizzaro/templates/cloud-print-plain-text.php
02-14-2020 @ 17:56:15 - [notice] PHP event: code E_NOTICE: Undefined variable: order_shipping_tax (line 154, wp-content/themes/pizzaro/templates/cloud-print-plain-text.php)
02-14-2020 @ 17:56:15 - [notice] Template returned 471 bytes
02-14-2020 @ 17:56:15 - [notice] Output type: html (data format: array, mime type:text/plain)
02-14-2020 @ 17:56:15 - [notice] Copies to print: b:0; : despatching...
02-14-2020 @ 17:56:15 - [notice] Printer options: {"9f7443b2-9f65-aac1-27c9-e11ff1ea3145":{"color":"{\"type\":\"STANDARD_MONOCHROME\",\"label\":\"Monochrome\"}","media_size":"{\"width_microns\":80000,\"height_microns\":297000,\"is_continuous_feed\":false,\"label\":\"80 x 297mm\"}","page_orientation":"{\"type\":\"AUTO\",\"label\":\"Automatic\"}","printer_margin":{"top":"20","right":"20","bottom":"20","left":"20"}},"95ecfdde-7adc-e052-2242-cffbee7085d6":{"color":"{\"type\":\"STANDARD_MONOCHROME\",\"label\":\"Monochrome\"}","media_size":"{\"width_microns\":80000,\"height_microns\":297000,\"is_continuous_feed\":false,\"label\":\"80 x 297mm\"}","page_orientation":"{\"type\":\"AUTO\",\"label\":\"Automatic\"}","printer_margin":{"top":"20","right":"20","bottom":"20","left":"20"}},"23a60de9-ae91-2e20-5d92-8fb3f3584c70":{"color":"{\"type\":\"STANDARD_MONOCHROME\",\"label\":\"Monochrome\"}","media_size":"{\"width_microns\":80000,\"height_microns\":297000,\"is_continuous_feed\":false,\"label\":\"80 x 297mm\"}","page_orientation":"{\"type\":\"AUTO\",\"label\":\"Automatic\"}","printer_margin":{"top":"20","right":"20","bottom":"20","left":"20"}}}
02-14-2020 @ 17:56:25 - [notice] GoogleCloudPrintLibrary_GCPL->print_document(): printing succeeded: Print job added.
02-14-2020 @ 18:04:31 - [info] WooCommerce Cloud Print 2.7.5, Google Cloud Print Library 0.8.3 / 0.8.3, GD bundled (2.1.0 compatible), Dom Extension: Y, WooCommerce 3.6.3, WordPress 4.9.13, PHP 7.1.33 2020-02-14 19:04:31
02-14-2020 @ 18:04:31 - [info] Running on: https://www.pricesfishandchips.co.uk / https://www.pricesfishandchips.co.uk
02-14-2020 @ 18:04:31 - [notice] checkout_order_processed event: order_id=3958 backtrace=require('wp-blog-header.php'), require_once('wp-includes/template-loader.php'), do_action('template_redirect'), WP_Hook->do_action, WP_Hook->apply_filters, WC_AJAX::do_wc_ajax, do_action('wc_ajax_checkout'), WP_Hook->do_action, WP_Hook->apply_filters, WC_AJAX::checkout, WC_Checkout->process_checkout, do_action('woocommerce_checkout_order_processed'), WP_Hook->do_action, WP_Hook->apply_filters, WooCommerce_Ext_PrintOrders->woocommerce_checkout_order_processed
02-14-2020 @ 18:04:31 - [notice] Order payment method: realex. Decision on whether to print now or wait for payment confirm: Wait
02-14-2020 @ 18:04:33 - [notice] payment_complete event: order_id=3958 backtrace=require('wp-blog-header.php'), require_once('wp-includes/template-loader.php'), do_action('template_redirect'), WP_Hook->do_action, WP_Hook->apply_filters, WC_AJAX::do_wc_ajax, do_action('wc_ajax_checkout'), WP_Hook->do_action, WP_Hook->apply_filters, WC_AJAX::checkout, WC_Checkout->process_checkout, WC_Checkout->process_order_payment, WC_Gateway_Realex->process_payment, apply_filters('wc_gateway_realex_process_payment'), WP_Hook->apply_filters, WC_Gateway_Realex->process_payment_authorize, WC_Gateway_Realex->authorize, WC_Order->payment_complete, do_action('woocommerce_payment_complete'), WP_Hook->do_action, WP_Hook->apply_filters, WooCommerce_Ext_PrintOrders->woocommerce_payment_complete, WooCommerce_Ext_PrintOrders->print_order_or_schedule, WooCommerce_Ext_PrintOrders->print_go
02-14-2020 @ 18:04:33 - [notice] Options: a:5:{s:16:"enabled_internal";s:1:"1";s:12:"print_format";s:10:"text/plain";s:20:"internal_paper_width";s:5:"80.00";s:21:"internal_paper_height";s:6:"279.40";s:11:"debug_email";s:0:"";}
02-14-2020 @ 18:04:33 - [notice] Chosen destinations (i.e. print templates): internal
02-14-2020 @ 18:04:33 - [notice] Job title: Price&#039;s Fish and Chips - Order Number 3958
02-14-2020 @ 18:04:33 - [notice] Processing destination: internal
02-14-2020 @ 18:04:33 - [notice] Using template: /srv/users/serverpilot/apps/pricesfishandchips/public/wp-content/themes/pizzaro/templates/cloud-print-plain-text.php
02-14-2020 @ 18:04:33 - [notice] PHP event: code E_NOTICE: Undefined variable: order_shipping_tax (line 154, wp-content/themes/pizzaro/templates/cloud-print-plain-text.php)
02-14-2020 @ 18:04:33 - [notice] Template returned 491 bytes
02-14-2020 @ 18:04:33 - [notice] Output type: html (data format: array, mime type:text/plain)
02-14-2020 @ 18:04:33 - [notice] Copies to print: b:0; : despatching...
02-14-2020 @ 18:04:33 - [notice] Printer options: {"9f7443b2-9f65-aac1-27c9-e11ff1ea3145":{"color":"{\"type\":\"STANDARD_MONOCHROME\",\"label\":\"Monochrome\"}","media_size":"{\"width_microns\":80000,\"height_microns\":297000,\"is_continuous_feed\":false,\"label\":\"80 x 297mm\"}","page_orientation":"{\"type\":\"AUTO\",\"label\":\"Automatic\"}","printer_margin":{"top":"20","right":"20","bottom":"20","left":"20"}},"95ecfdde-7adc-e052-2242-cffbee7085d6":{"color":"{\"type\":\"STANDARD_MONOCHROME\",\"label\":\"Monochrome\"}","media_size":"{\"width_microns\":80000,\"height_microns\":297000,\"is_continuous_feed\":false,\"label\":\"80 x 297mm\"}","page_orientation":"{\"type\":\"AUTO\",\"label\":\"Automatic\"}","printer_margin":{"top":"20","right":"20","bottom":"20","left":"20"}},"23a60de9-ae91-2e20-5d92-8fb3f3584c70":{"color":"{\"type\":\"STANDARD_MONOCHROME\",\"label\":\"Monochrome\"}","media_size":"{\"width_microns\":80000,\"height_microns\":297000,\"is_continuous_feed\":false,\"label\":\"80 x 297mm\"}","page_orientation":"{\"type\":\"AUTO\",\"label\":\"Automatic\"}","printer_margin":{"top":"20","right":"20","bottom":"20","left":"20"}}}
02-14-2020 @ 18:04:48 - [notice] GoogleCloudPrintLibrary_GCPL->print_document(): printing succeeded: Print job added.
02-14-2020 @ 18:11:22 - [info] WooCommerce Cloud Print 2.7.5, Google Cloud Print Library 0.8.3 / 0.8.3, GD bundled (2.1.0 compatible), Dom Extension: Y, WooCommerce 3.6.3, WordPress 4.9.13, PHP 7.1.33 2020-02-14 19:11:22
02-14-2020 @ 18:11:22 - [info] Running on: https://www.pricesfishandchips.co.uk / https://www.pricesfishandchips.co.uk
02-14-2020 @ 18:11:22 - [notice] checkout_order_processed event: order_id=3959 backtrace=require('wp-blog-header.php'), require_once('wp-includes/template-loader.php'), do_action('template_redirect'), WP_Hook->do_action, WP_Hook->apply_filters, WC_AJAX::do_wc_ajax, do_action('wc_ajax_checkout'), WP_Hook->do_action, WP_Hook->apply_filters, WC_AJAX::checkout, WC_Checkout->process_checkout, do_action('woocommerce_checkout_order_processed'), WP_Hook->do_action, WP_Hook->apply_filters, WooCommerce_Ext_PrintOrders->woocommerce_checkout_order_processed
02-14-2020 @ 18:11:22 - [notice] Order payment method: realex. Decision on whether to print now or wait for payment confirm: Wait
02-14-2020 @ 18:11:23 - [notice] payment_complete event: order_id=3959 backtrace=require('wp-blog-header.php'), require_once('wp-includes/template-loader.php'), do_action('template_redirect'), WP_Hook->do_action, WP_Hook->apply_filters, WC_AJAX::do_wc_ajax, do_action('wc_ajax_checkout'), WP_Hook->do_action, WP_Hook->apply_filters, WC_AJAX::checkout, WC_Checkout->process_checkout, WC_Checkout->process_order_payment, WC_Gateway_Realex->process_payment, apply_filters('wc_gateway_realex_process_payment'), WP_Hook->apply_filters, WC_Gateway_Realex->process_payment_authorize, WC_Gateway_Realex->authorize, WC_Order->payment_complete, do_action('woocommerce_payment_complete'), WP_Hook->do_action, WP_Hook->apply_filters, WooCommerce_Ext_PrintOrders->woocommerce_payment_complete, WooCommerce_Ext_PrintOrders->print_order_or_schedule, WooCommerce_Ext_PrintOrders->print_go
02-14-2020 @ 18:11:23 - [notice] Options: a:5:{s:16:"enabled_internal";s:1:"1";s:12:"print_format";s:10:"text/plain";s:20:"internal_paper_width";s:5:"80.00";s:21:"internal_paper_height";s:6:"279.40";s:11:"debug_email";s:0:"";}
02-14-2020 @ 18:11:23 - [notice] Chosen destinations (i.e. print templates): internal
02-14-2020 @ 18:11:23 - [notice] Job title: Price&#039;s Fish and Chips - Order Number 3959
02-14-2020 @ 18:11:23 - [notice] Processing destination: internal
02-14-2020 @ 18:11:23 - [notice] Using template: /srv/users/serverpilot/apps/pricesfishandchips/public/wp-content/themes/pizzaro/templates/cloud-print-plain-text.php
02-14-2020 @ 18:11:23 - [notice] PHP event: code E_NOTICE: Undefined variable: order_shipping_tax (line 154, wp-content/themes/pizzaro/templates/cloud-print-plain-text.php)
02-14-2020 @ 18:11:23 - [notice] Template returned 346 bytes
02-14-2020 @ 18:11:23 - [notice] Output type: html (data format: array, mime type:text/plain)
02-14-2020 @ 18:11:23 - [notice] Copies to print: b:0; : despatching...
02-14-2020 @ 18:11:23 - [notice] Printer options: {"9f7443b2-9f65-aac1-27c9-e11ff1ea3145":{"color":"{\"type\":\"STANDARD_MONOCHROME\",\"label\":\"Monochrome\"}","media_size":"{\"width_microns\":80000,\"height_microns\":297000,\"is_continuous_feed\":false,\"label\":\"80 x 297mm\"}","page_orientation":"{\"type\":\"AUTO\",\"label\":\"Automatic\"}","printer_margin":{"top":"20","right":"20","bottom":"20","left":"20"}},"95ecfdde-7adc-e052-2242-cffbee7085d6":{"color":"{\"type\":\"STANDARD_MONOCHROME\",\"label\":\"Monochrome\"}","media_size":"{\"width_microns\":80000,\"height_microns\":297000,\"is_continuous_feed\":false,\"label\":\"80 x 297mm\"}","page_orientation":"{\"type\":\"AUTO\",\"label\":\"Automatic\"}","printer_margin":{"top":"20","right":"20","bottom":"20","left":"20"}},"23a60de9-ae91-2e20-5d92-8fb3f3584c70":{"color":"{\"type\":\"STANDARD_MONOCHROME\",\"label\":\"Monochrome\"}","media_size":"{\"width_microns\":80000,\"height_microns\":297000,\"is_continuous_feed\":false,\"label\":\"80 x 297mm\"}","page_orientation":"{\"type\":\"AUTO\",\"label\":\"Automatic\"}","printer_margin":{"top":"20","right":"20","bottom":"20","left":"20"}}}
02-14-2020 @ 18:11:35 - [notice] GoogleCloudPrintLibrary_GCPL->print_document(): printing succeeded: Print job added.
02-14-2020 @ 18:12:02 - [info] WooCommerce Cloud Print 2.7.5, Google Cloud Print Library 0.8.3 / 0.8.3, GD bundled (2.1.0 compatible), Dom Extension: Y, WooCommerce 3.6.3, WordPress 4.9.13, PHP 7.1.33 2020-02-14 19:12:02
02-14-2020 @ 18:12:02 - [info] Running on: https://www.pricesfishandchips.co.uk / https://www.pricesfishandchips.co.uk
02-14-2020 @ 18:12:02 - [notice] checkout_order_processed event: order_id=3960 backtrace=require('wp-blog-header.php'), require_once('wp-includes/template-loader.php'), do_action('template_redirect'), WP_Hook->do_action, WP_Hook->apply_filters, WC_AJAX::do_wc_ajax, do_action('wc_ajax_checkout'), WP_Hook->do_action, WP_Hook->apply_filters, WC_AJAX::checkout, WC_Checkout->process_checkout, do_action('woocommerce_checkout_order_processed'), WP_Hook->do_action, WP_Hook->apply_filters, WooCommerce_Ext_PrintOrders->woocommerce_checkout_order_processed
02-14-2020 @ 18:12:02 - [notice] Order payment method: realex. Decision on whether to print now or wait for payment confirm: Wait
02-14-2020 @ 18:12:05 - [notice] payment_complete event: order_id=3960 backtrace=require('wp-blog-header.php'), require_once('wp-includes/template-loader.php'), do_action('template_redirect'), WP_Hook->do_action, WP_Hook->apply_filters, WC_AJAX::do_wc_ajax, do_action('wc_ajax_checkout'), WP_Hook->do_action, WP_Hook->apply_filters, WC_AJAX::checkout, WC_Checkout->process_checkout, WC_Checkout->process_order_payment, WC_Gateway_Realex->process_payment, apply_filters('wc_gateway_realex_process_payment'), WP_Hook->apply_filters, WC_Gateway_Realex->process_payment_authorize, WC_Gateway_Realex->authorize, WC_Order->payment_complete, do_action('woocommerce_payment_complete'), WP_Hook->do_action, WP_Hook->apply_filters, WooCommerce_Ext_PrintOrders->woocommerce_payment_complete, WooCommerce_Ext_PrintOrders->print_order_or_schedule, WooCommerce_Ext_PrintOrders->print_go
02-14-2020 @ 18:12:05 - [notice] Options: a:5:{s:16:"enabled_internal";s:1:"1";s:12:"print_format";s:10:"text/plain";s:20:"internal_paper_width";s:5:"80.00";s:21:"internal_paper_height";s:6:"279.40";s:11:"debug_email";s:0:"";}
02-14-2020 @ 18:12:05 - [notice] Chosen destinations (i.e. print templates): internal
02-14-2020 @ 18:12:05 - [notice] Job title: Price&#039;s Fish and Chips - Order Number 3960
02-14-2020 @ 18:12:05 - [notice] Processing destination: internal
02-14-2020 @ 18:12:05 - [notice] Using template: /srv/users/serverpilot/apps/pricesfishandchips/public/wp-content/themes/pizzaro/templates/cloud-print-plain-text.php
02-14-2020 @ 18:12:05 - [notice] PHP event: code E_NOTICE: Undefined variable: order_shipping_tax (line 154, wp-content/themes/pizzaro/templates/cloud-print-plain-text.php)
02-14-2020 @ 18:12:05 - [notice] Template returned 474 bytes
02-14-2020 @ 18:12:05 - [notice] Output type: html (data format: array, mime type:text/plain)
02-14-2020 @ 18:12:05 - [notice] Copies to print: b:0; : despatching...
02-14-2020 @ 18:12:05 - [notice] Printer options: {"9f7443b2-9f65-aac1-27c9-e11ff1ea3145":{"color":"{\"type\":\"STANDARD_MONOCHROME\",\"label\":\"Monochrome\"}","media_size":"{\"width_microns\":80000,\"height_microns\":297000,\"is_continuous_feed\":false,\"label\":\"80 x 297mm\"}","page_orientation":"{\"type\":\"AUTO\",\"label\":\"Automatic\"}","printer_margin":{"top":"20","right":"20","bottom":"20","left":"20"}},"95ecfdde-7adc-e052-2242-cffbee7085d6":{"color":"{\"type\":\"STANDARD_MONOCHROME\",\"label\":\"Monochrome\"}","media_size":"{\"width_microns\":80000,\"height_microns\":297000,\"is_continuous_feed\":false,\"label\":\"80 x 297mm\"}","page_orientation":"{\"type\":\"AUTO\",\"label\":\"Automatic\"}","printer_margin":{"top":"20","right":"20","bottom":"20","left":"20"}},"23a60de9-ae91-2e20-5d92-8fb3f3584c70":{"color":"{\"type\":\"STANDARD_MONOCHROME\",\"label\":\"Monochrome\"}","media_size":"{\"width_microns\":80000,\"height_microns\":297000,\"is_continuous_feed\":false,\"label\":\"80 x 297mm\"}","page_orientation":"{\"type\":\"AUTO\",\"label\":\"Automatic\"}","printer_margin":{"top":"20","right":"20","bottom":"20","left":"20"}}}
02-14-2020 @ 18:12:16 - [notice] GoogleCloudPrintLibrary_GCPL->print_document(): printing succeeded: Print job added.
02-14-2020 @ 19:26:26 - [info] WooCommerce Cloud Print 2.7.5, Google Cloud Print Library 0.8.3 / 0.8.3, GD bundled (2.1.0 compatible), Dom Extension: Y, WooCommerce 3.6.3, WordPress 4.9.13, PHP 7.1.33 2020-02-14 20:26:26
02-14-2020 @ 19:26:26 - [info] Running on: https://pricesfishandchips.co.uk / https://pricesfishandchips.co.uk
02-14-2020 @ 19:26:26 - [notice] checkout_order_processed event: order_id=3961 backtrace=require('wp-blog-header.php'), require_once('wp-includes/template-loader.php'), do_action('template_redirect'), WP_Hook->do_action, WP_Hook->apply_filters, WC_AJAX::do_wc_ajax, do_action('wc_ajax_checkout'), WP_Hook->do_action, WP_Hook->apply_filters, WC_AJAX::checkout, WC_Checkout->process_checkout, do_action('woocommerce_checkout_order_processed'), WP_Hook->do_action, WP_Hook->apply_filters, WooCommerce_Ext_PrintOrders->woocommerce_checkout_order_processed
02-14-2020 @ 19:26:26 - [notice] Order payment method: realex. Decision on whether to print now or wait for payment confirm: Wait
02-14-2020 @ 19:26:28 - [notice] payment_complete event: order_id=3961 backtrace=require('wp-blog-header.php'), require_once('wp-includes/template-loader.php'), do_action('template_redirect'), WP_Hook->do_action, WP_Hook->apply_filters, WC_AJAX::do_wc_ajax, do_action('wc_ajax_checkout'), WP_Hook->do_action, WP_Hook->apply_filters, WC_AJAX::checkout, WC_Checkout->process_checkout, WC_Checkout->process_order_payment, WC_Gateway_Realex->process_payment, apply_filters('wc_gateway_realex_process_payment'), WP_Hook->apply_filters, WC_Gateway_Realex->process_payment_authorize, WC_Gateway_Realex->authorize, WC_Order->payment_complete, do_action('woocommerce_payment_complete'), WP_Hook->do_action, WP_Hook->apply_filters, WooCommerce_Ext_PrintOrders->woocommerce_payment_complete, WooCommerce_Ext_PrintOrders->print_order_or_schedule, WooCommerce_Ext_PrintOrders->print_go
02-14-2020 @ 19:26:28 - [notice] Options: a:5:{s:16:"enabled_internal";s:1:"1";s:12:"print_format";s:10:"text/plain";s:20:"internal_paper_width";s:5:"80.00";s:21:"internal_paper_height";s:6:"279.40";s:11:"debug_email";s:0:"";}
02-14-2020 @ 19:26:28 - [notice] Chosen destinations (i.e. print templates): internal
02-14-2020 @ 19:26:28 - [notice] Job title: Price&#039;s Fish and Chips - Order Number 3961
02-14-2020 @ 19:26:28 - [notice] Processing destination: internal
02-14-2020 @ 19:26:28 - [notice] Using template: /srv/users/serverpilot/apps/pricesfishandchips/public/wp-content/themes/pizzaro/templates/cloud-print-plain-text.php
02-14-2020 @ 19:26:28 - [notice] PHP event: code E_NOTICE: Undefined variable: order_shipping_tax (line 154, wp-content/themes/pizzaro/templates/cloud-print-plain-text.php)
02-14-2020 @ 19:26:28 - [warning] PHP event: code E_WARNING: DOMDocument::loadHTML(): ID 2 already defined in Entity, line: 42 (line 633, wp-content/plugins/woocommerce-printorders/print-orders.php)
02-14-2020 @ 19:26:28 - [warning] PHP event: code E_WARNING: DOMDocument::loadHTML(): ID 2 already defined in Entity, line: 43 (line 633, wp-content/plugins/woocommerce-printorders/print-orders.php)
02-14-2020 @ 19:26:28 - [warning] PHP event: code E_WARNING: DOMDocument::loadHTML(): ID 2 already defined in Entity, line: 44 (line 633, wp-content/plugins/woocommerce-printorders/print-orders.php)
02-14-2020 @ 19:26:28 - [warning] PHP event: code E_WARNING: DOMDocument::loadHTML(): ID 2 already defined in Entity, line: 45 (line 633, wp-content/plugins/woocommerce-printorders/print-orders.php)
02-14-2020 @ 19:26:28 - [warning] PHP event: code E_WARNING: DOMDocument::loadHTML(): ID 4 already defined in Entity, line: 47 (line 633, wp-content/plugins/woocommerce-printorders/print-orders.php)
02-14-2020 @ 19:26:28 - [warning] PHP event: code E_WARNING: DOMDocument::loadHTML(): ID 2 already defined in Entity, line: 52 (line 633, wp-content/plugins/woocommerce-printorders/print-orders.php)
02-14-2020 @ 19:26:28 - [warning] PHP event: code E_WARNING: DOMDocument::loadHTML(): ID 2 already defined in Entity, line: 53 (line 633, wp-content/plugins/woocommerce-printorders/print-orders.php)
02-14-2020 @ 19:26:28 - [warning] PHP event: code E_WARNING: DOMDocument::loadHTML(): ID 2 already defined in Entity, line: 54 (line 633, wp-content/plugins/woocommerce-printorders/print-orders.php)
02-14-2020 @ 19:26:28 - [warning] PHP event: code E_WARNING: DOMDocument::loadHTML(): ID 2 already defined in Entity, line: 55 (line 633, wp-content/plugins/woocommerce-printorders/print-orders.php)
02-14-2020 @ 19:26:28 - [warning] PHP event: code E_WARNING: DOMDocument::loadHTML(): ID 4 already defined in Entity, line: 56 (line 633, wp-content/plugins/woocommerce-printorders/print-orders.php)
02-14-2020 @ 19:26:28 - [notice] Template returned 708 bytes
02-14-2020 @ 19:26:28 - [notice] Output type: html (data format: array, mime type:text/plain)
02-14-2020 @ 19:26:28 - [notice] Copies to print: b:0; : despatching...
02-14-2020 @ 19:26:28 - [notice] Printer options: {"9f7443b2-9f65-aac1-27c9-e11ff1ea3145":{"color":"{\"type\":\"STANDARD_MONOCHROME\",\"label\":\"Monochrome\"}","media_size":"{\"width_microns\":80000,\"height_microns\":297000,\"is_continuous_feed\":false,\"label\":\"80 x 297mm\"}","page_orientation":"{\"type\":\"AUTO\",\"label\":\"Automatic\"}","printer_margin":{"top":"20","right":"20","bottom":"20","left":"20"}},"95ecfdde-7adc-e052-2242-cffbee7085d6":{"color":"{\"type\":\"STANDARD_MONOCHROME\",\"label\":\"Monochrome\"}","media_size":"{\"width_microns\":80000,\"height_microns\":297000,\"is_continuous_feed\":false,\"label\":\"80 x 297mm\"}","page_orientation":"{\"type\":\"AUTO\",\"label\":\"Automatic\"}","printer_margin":{"top":"20","right":"20","bottom":"20","left":"20"}},"23a60de9-ae91-2e20-5d92-8fb3f3584c70":{"color":"{\"type\":\"STANDARD_MONOCHROME\",\"label\":\"Monochrome\"}","media_size":"{\"width_microns\":80000,\"height_microns\":297000,\"is_continuous_feed\":false,\"label\":\"80 x 297mm\"}","page_orientation":"{\"type\":\"AUTO\",\"label\":\"Automatic\"}","printer_margin":{"top":"20","right":"20","bottom":"20","left":"20"}}}
02-14-2020 @ 19:26:37 - [notice] GoogleCloudPrintLibrary_GCPL->print_document(): printing succeeded: Print job added.
