02-07-2020 @ 15:50:21 - [info] WooCommerce Cloud Print 2.7.5, Google Cloud Print Library 0.8.3 / 0.8.3, GD bundled (2.1.0 compatible), Dom Extension: Y, WooCommerce 3.6.3, WordPress 4.9.13, PHP 7.1.33 2020-02-07 16:50:21
02-07-2020 @ 15:50:21 - [info] Running on: https://www.pricesfishandchips.co.uk / https://www.pricesfishandchips.co.uk
02-07-2020 @ 15:50:21 - [notice] checkout_order_processed event: order_id=3915 backtrace=require('wp-blog-header.php'), require_once('wp-includes/template-loader.php'), do_action('template_redirect'), WP_Hook->do_action, WP_Hook->apply_filters, WC_AJAX::do_wc_ajax, do_action('wc_ajax_checkout'), WP_Hook->do_action, WP_Hook->apply_filters, WC_AJAX::checkout, WC_Checkout->process_checkout, do_action('woocommerce_checkout_order_processed'), WP_Hook->do_action, WP_Hook->apply_filters, WooCommerce_Ext_PrintOrders->woocommerce_checkout_order_processed
02-07-2020 @ 15:50:21 - [notice] Order payment method: realex. Decision on whether to print now or wait for payment confirm: Wait
02-07-2020 @ 15:50:23 - [notice] payment_complete event: order_id=3915 backtrace=require('wp-blog-header.php'), require_once('wp-includes/template-loader.php'), do_action('template_redirect'), WP_Hook->do_action, WP_Hook->apply_filters, WC_AJAX::do_wc_ajax, do_action('wc_ajax_checkout'), WP_Hook->do_action, WP_Hook->apply_filters, WC_AJAX::checkout, WC_Checkout->process_checkout, WC_Checkout->process_order_payment, WC_Gateway_Realex->process_payment, apply_filters('wc_gateway_realex_process_payment'), WP_Hook->apply_filters, WC_Gateway_Realex->process_payment_authorize, WC_Gateway_Realex->authorize, WC_Order->payment_complete, do_action('woocommerce_payment_complete'), WP_Hook->do_action, WP_Hook->apply_filters, WooCommerce_Ext_PrintOrders->woocommerce_payment_complete, WooCommerce_Ext_PrintOrders->print_order_or_schedule, WooCommerce_Ext_PrintOrders->print_go
02-07-2020 @ 15:50:23 - [notice] Options: a:5:{s:16:"enabled_internal";s:1:"1";s:12:"print_format";s:10:"text/plain";s:20:"internal_paper_width";s:5:"80.00";s:21:"internal_paper_height";s:6:"279.40";s:11:"debug_email";s:0:"";}
02-07-2020 @ 15:50:23 - [notice] Chosen destinations (i.e. print templates): internal
02-07-2020 @ 15:50:23 - [notice] Job title: Price&#039;s Fish and Chips - Order Number 3915
02-07-2020 @ 15:50:23 - [notice] Processing destination: internal
02-07-2020 @ 15:50:23 - [notice] Using template: /srv/users/serverpilot/apps/pricesfishandchips/public/wp-content/themes/pizzaro/templates/cloud-print-plain-text.php
02-07-2020 @ 15:50:23 - [notice] PHP event: code E_NOTICE: Undefined variable: order_shipping_tax (line 154, wp-content/themes/pizzaro/templates/cloud-print-plain-text.php)
02-07-2020 @ 15:50:23 - [notice] Template returned 347 bytes
02-07-2020 @ 15:50:23 - [notice] Output type: html (data format: array, mime type:text/plain)
02-07-2020 @ 15:50:23 - [notice] Copies to print: b:0; : despatching...
02-07-2020 @ 15:50:23 - [notice] Printer options: {"9f7443b2-9f65-aac1-27c9-e11ff1ea3145":{"color":"{\"type\":\"STANDARD_MONOCHROME\",\"label\":\"Monochrome\"}","media_size":"{\"width_microns\":80000,\"height_microns\":297000,\"is_continuous_feed\":false,\"label\":\"80 x 297mm\"}","page_orientation":"{\"type\":\"AUTO\",\"label\":\"Automatic\"}","printer_margin":{"top":"20","right":"20","bottom":"20","left":"20"}},"95ecfdde-7adc-e052-2242-cffbee7085d6":{"color":"{\"type\":\"STANDARD_MONOCHROME\",\"label\":\"Monochrome\"}","media_size":"{\"width_microns\":80000,\"height_microns\":297000,\"is_continuous_feed\":false,\"label\":\"80 x 297mm\"}","page_orientation":"{\"type\":\"AUTO\",\"label\":\"Automatic\"}","printer_margin":{"top":"20","right":"20","bottom":"20","left":"20"}},"23a60de9-ae91-2e20-5d92-8fb3f3584c70":{"color":"{\"type\":\"STANDARD_MONOCHROME\",\"label\":\"Monochrome\"}","media_size":"{\"width_microns\":80000,\"height_microns\":297000,\"is_continuous_feed\":false,\"label\":\"80 x 297mm\"}","page_orientation":"{\"type\":\"AUTO\",\"label\":\"Automatic\"}","printer_margin":{"top":"20","right":"20","bottom":"20","left":"20"}}}
02-07-2020 @ 15:50:35 - [notice] GoogleCloudPrintLibrary_GCPL->print_document(): printing succeeded: Print job added.
02-07-2020 @ 16:10:19 - [info] WooCommerce Cloud Print 2.7.5, Google Cloud Print Library 0.8.3 / 0.8.3, GD bundled (2.1.0 compatible), Dom Extension: Y, WooCommerce 3.6.3, WordPress 4.9.13, PHP 7.1.33 2020-02-07 17:10:19
02-07-2020 @ 16:10:19 - [info] Running on: https://www.pricesfishandchips.co.uk / https://www.pricesfishandchips.co.uk
02-07-2020 @ 16:10:19 - [notice] checkout_order_processed event: order_id=3916 backtrace=require('wp-blog-header.php'), require_once('wp-includes/template-loader.php'), do_action('template_redirect'), WP_Hook->do_action, WP_Hook->apply_filters, WC_AJAX::do_wc_ajax, do_action('wc_ajax_checkout'), WP_Hook->do_action, WP_Hook->apply_filters, WC_AJAX::checkout, WC_Checkout->process_checkout, do_action('woocommerce_checkout_order_processed'), WP_Hook->do_action, WP_Hook->apply_filters, WooCommerce_Ext_PrintOrders->woocommerce_checkout_order_processed
02-07-2020 @ 16:10:19 - [notice] Order payment method: realex. Decision on whether to print now or wait for payment confirm: Wait
02-07-2020 @ 16:10:21 - [notice] payment_complete event: order_id=3916 backtrace=require('wp-blog-header.php'), require_once('wp-includes/template-loader.php'), do_action('template_redirect'), WP_Hook->do_action, WP_Hook->apply_filters, WC_AJAX::do_wc_ajax, do_action('wc_ajax_checkout'), WP_Hook->do_action, WP_Hook->apply_filters, WC_AJAX::checkout, WC_Checkout->process_checkout, WC_Checkout->process_order_payment, WC_Gateway_Realex->process_payment, apply_filters('wc_gateway_realex_process_payment'), WP_Hook->apply_filters, WC_Gateway_Realex->process_payment_authorize, WC_Gateway_Realex->authorize, WC_Order->payment_complete, do_action('woocommerce_payment_complete'), WP_Hook->do_action, WP_Hook->apply_filters, WooCommerce_Ext_PrintOrders->woocommerce_payment_complete, WooCommerce_Ext_PrintOrders->print_order_or_schedule, WooCommerce_Ext_PrintOrders->print_go
02-07-2020 @ 16:10:21 - [notice] Options: a:5:{s:16:"enabled_internal";s:1:"1";s:12:"print_format";s:10:"text/plain";s:20:"internal_paper_width";s:5:"80.00";s:21:"internal_paper_height";s:6:"279.40";s:11:"debug_email";s:0:"";}
02-07-2020 @ 16:10:21 - [notice] Chosen destinations (i.e. print templates): internal
02-07-2020 @ 16:10:21 - [notice] Job title: Price&#039;s Fish and Chips - Order Number 3916
02-07-2020 @ 16:10:21 - [notice] Processing destination: internal
02-07-2020 @ 16:10:21 - [notice] Using template: /srv/users/serverpilot/apps/pricesfishandchips/public/wp-content/themes/pizzaro/templates/cloud-print-plain-text.php
02-07-2020 @ 16:10:21 - [notice] PHP event: code E_NOTICE: Undefined variable: order_shipping_tax (line 154, wp-content/themes/pizzaro/templates/cloud-print-plain-text.php)
02-07-2020 @ 16:10:21 - [notice] Template returned 425 bytes
02-07-2020 @ 16:10:21 - [notice] Output type: html (data format: array, mime type:text/plain)
02-07-2020 @ 16:10:21 - [notice] Copies to print: b:0; : despatching...
02-07-2020 @ 16:10:21 - [notice] Printer options: {"9f7443b2-9f65-aac1-27c9-e11ff1ea3145":{"color":"{\"type\":\"STANDARD_MONOCHROME\",\"label\":\"Monochrome\"}","media_size":"{\"width_microns\":80000,\"height_microns\":297000,\"is_continuous_feed\":false,\"label\":\"80 x 297mm\"}","page_orientation":"{\"type\":\"AUTO\",\"label\":\"Automatic\"}","printer_margin":{"top":"20","right":"20","bottom":"20","left":"20"}},"95ecfdde-7adc-e052-2242-cffbee7085d6":{"color":"{\"type\":\"STANDARD_MONOCHROME\",\"label\":\"Monochrome\"}","media_size":"{\"width_microns\":80000,\"height_microns\":297000,\"is_continuous_feed\":false,\"label\":\"80 x 297mm\"}","page_orientation":"{\"type\":\"AUTO\",\"label\":\"Automatic\"}","printer_margin":{"top":"20","right":"20","bottom":"20","left":"20"}},"23a60de9-ae91-2e20-5d92-8fb3f3584c70":{"color":"{\"type\":\"STANDARD_MONOCHROME\",\"label\":\"Monochrome\"}","media_size":"{\"width_microns\":80000,\"height_microns\":297000,\"is_continuous_feed\":false,\"label\":\"80 x 297mm\"}","page_orientation":"{\"type\":\"AUTO\",\"label\":\"Automatic\"}","printer_margin":{"top":"20","right":"20","bottom":"20","left":"20"}}}
02-07-2020 @ 16:10:32 - [notice] GoogleCloudPrintLibrary_GCPL->print_document(): printing succeeded: Print job added.
02-07-2020 @ 16:11:47 - [info] WooCommerce Cloud Print 2.7.5, Google Cloud Print Library 0.8.3 / 0.8.3, GD bundled (2.1.0 compatible), Dom Extension: Y, WooCommerce 3.6.3, WordPress 4.9.13, PHP 7.1.33 2020-02-07 17:11:47
02-07-2020 @ 16:11:47 - [info] Running on: https://www.pricesfishandchips.co.uk / https://www.pricesfishandchips.co.uk
02-07-2020 @ 16:11:47 - [notice] checkout_order_processed event: order_id=3917 backtrace=require('wp-blog-header.php'), require_once('wp-includes/template-loader.php'), do_action('template_redirect'), WP_Hook->do_action, WP_Hook->apply_filters, WC_AJAX::do_wc_ajax, do_action('wc_ajax_checkout'), WP_Hook->do_action, WP_Hook->apply_filters, WC_AJAX::checkout, WC_Checkout->process_checkout, do_action('woocommerce_checkout_order_processed'), WP_Hook->do_action, WP_Hook->apply_filters, WooCommerce_Ext_PrintOrders->woocommerce_checkout_order_processed
02-07-2020 @ 16:11:47 - [notice] Order payment method: realex. Decision on whether to print now or wait for payment confirm: Wait
02-07-2020 @ 16:11:49 - [notice] payment_complete event: order_id=3917 backtrace=require('wp-blog-header.php'), require_once('wp-includes/template-loader.php'), do_action('template_redirect'), WP_Hook->do_action, WP_Hook->apply_filters, WC_AJAX::do_wc_ajax, do_action('wc_ajax_checkout'), WP_Hook->do_action, WP_Hook->apply_filters, WC_AJAX::checkout, WC_Checkout->process_checkout, WC_Checkout->process_order_payment, WC_Gateway_Realex->process_payment, apply_filters('wc_gateway_realex_process_payment'), WP_Hook->apply_filters, WC_Gateway_Realex->process_payment_authorize, WC_Gateway_Realex->authorize, WC_Order->payment_complete, do_action('woocommerce_payment_complete'), WP_Hook->do_action, WP_Hook->apply_filters, WooCommerce_Ext_PrintOrders->woocommerce_payment_complete, WooCommerce_Ext_PrintOrders->print_order_or_schedule, WooCommerce_Ext_PrintOrders->print_go
02-07-2020 @ 16:11:49 - [notice] Options: a:5:{s:16:"enabled_internal";s:1:"1";s:12:"print_format";s:10:"text/plain";s:20:"internal_paper_width";s:5:"80.00";s:21:"internal_paper_height";s:6:"279.40";s:11:"debug_email";s:0:"";}
02-07-2020 @ 16:11:49 - [notice] Chosen destinations (i.e. print templates): internal
02-07-2020 @ 16:11:49 - [notice] Job title: Price&#039;s Fish and Chips - Order Number 3917
02-07-2020 @ 16:11:49 - [notice] Processing destination: internal
02-07-2020 @ 16:11:49 - [notice] Using template: /srv/users/serverpilot/apps/pricesfishandchips/public/wp-content/themes/pizzaro/templates/cloud-print-plain-text.php
02-07-2020 @ 16:11:49 - [notice] PHP event: code E_NOTICE: Undefined variable: order_shipping_tax (line 154, wp-content/themes/pizzaro/templates/cloud-print-plain-text.php)
02-07-2020 @ 16:11:49 - [warning] PHP event: code E_WARNING: DOMDocument::loadHTML(): ID 2 already defined in Entity, line: 44 (line 633, wp-content/plugins/woocommerce-printorders/print-orders.php)
02-07-2020 @ 16:11:49 - [warning] PHP event: code E_WARNING: DOMDocument::loadHTML(): ID 2 already defined in Entity, line: 45 (line 633, wp-content/plugins/woocommerce-printorders/print-orders.php)
02-07-2020 @ 16:11:49 - [notice] Template returned 537 bytes
02-07-2020 @ 16:11:49 - [notice] Output type: html (data format: array, mime type:text/plain)
02-07-2020 @ 16:11:49 - [notice] Copies to print: b:0; : despatching...
02-07-2020 @ 16:11:49 - [notice] Printer options: {"9f7443b2-9f65-aac1-27c9-e11ff1ea3145":{"color":"{\"type\":\"STANDARD_MONOCHROME\",\"label\":\"Monochrome\"}","media_size":"{\"width_microns\":80000,\"height_microns\":297000,\"is_continuous_feed\":false,\"label\":\"80 x 297mm\"}","page_orientation":"{\"type\":\"AUTO\",\"label\":\"Automatic\"}","printer_margin":{"top":"20","right":"20","bottom":"20","left":"20"}},"95ecfdde-7adc-e052-2242-cffbee7085d6":{"color":"{\"type\":\"STANDARD_MONOCHROME\",\"label\":\"Monochrome\"}","media_size":"{\"width_microns\":80000,\"height_microns\":297000,\"is_continuous_feed\":false,\"label\":\"80 x 297mm\"}","page_orientation":"{\"type\":\"AUTO\",\"label\":\"Automatic\"}","printer_margin":{"top":"20","right":"20","bottom":"20","left":"20"}},"23a60de9-ae91-2e20-5d92-8fb3f3584c70":{"color":"{\"type\":\"STANDARD_MONOCHROME\",\"label\":\"Monochrome\"}","media_size":"{\"width_microns\":80000,\"height_microns\":297000,\"is_continuous_feed\":false,\"label\":\"80 x 297mm\"}","page_orientation":"{\"type\":\"AUTO\",\"label\":\"Automatic\"}","printer_margin":{"top":"20","right":"20","bottom":"20","left":"20"}}}
02-07-2020 @ 16:12:00 - [notice] GoogleCloudPrintLibrary_GCPL->print_document(): printing succeeded: Print job added.
02-07-2020 @ 16:40:34 - [info] WooCommerce Cloud Print 2.7.5, Google Cloud Print Library 0.8.3 / 0.8.3, GD bundled (2.1.0 compatible), Dom Extension: Y, WooCommerce 3.6.3, WordPress 4.9.13, PHP 7.1.33 2020-02-07 17:40:34
02-07-2020 @ 16:40:34 - [info] Running on: https://www.pricesfishandchips.co.uk / https://www.pricesfishandchips.co.uk
02-07-2020 @ 16:40:34 - [notice] checkout_order_processed event: order_id=3918 backtrace=require('wp-blog-header.php'), require_once('wp-includes/template-loader.php'), do_action('template_redirect'), WP_Hook->do_action, WP_Hook->apply_filters, WC_AJAX::do_wc_ajax, do_action('wc_ajax_checkout'), WP_Hook->do_action, WP_Hook->apply_filters, WC_AJAX::checkout, WC_Checkout->process_checkout, do_action('woocommerce_checkout_order_processed'), WP_Hook->do_action, WP_Hook->apply_filters, WooCommerce_Ext_PrintOrders->woocommerce_checkout_order_processed
02-07-2020 @ 16:40:34 - [notice] Order payment method: realex. Decision on whether to print now or wait for payment confirm: Wait
02-07-2020 @ 16:40:35 - [notice] payment_complete event: order_id=3918 backtrace=require('wp-blog-header.php'), require_once('wp-includes/template-loader.php'), do_action('template_redirect'), WP_Hook->do_action, WP_Hook->apply_filters, WC_AJAX::do_wc_ajax, do_action('wc_ajax_checkout'), WP_Hook->do_action, WP_Hook->apply_filters, WC_AJAX::checkout, WC_Checkout->process_checkout, WC_Checkout->process_order_payment, WC_Gateway_Realex->process_payment, apply_filters('wc_gateway_realex_process_payment'), WP_Hook->apply_filters, WC_Gateway_Realex->process_payment_authorize, WC_Gateway_Realex->authorize, WC_Order->payment_complete, do_action('woocommerce_payment_complete'), WP_Hook->do_action, WP_Hook->apply_filters, WooCommerce_Ext_PrintOrders->woocommerce_payment_complete, WooCommerce_Ext_PrintOrders->print_order_or_schedule, WooCommerce_Ext_PrintOrders->print_go
02-07-2020 @ 16:40:35 - [notice] Options: a:5:{s:16:"enabled_internal";s:1:"1";s:12:"print_format";s:10:"text/plain";s:20:"internal_paper_width";s:5:"80.00";s:21:"internal_paper_height";s:6:"279.40";s:11:"debug_email";s:0:"";}
02-07-2020 @ 16:40:35 - [notice] Chosen destinations (i.e. print templates): internal
02-07-2020 @ 16:40:35 - [notice] Job title: Price&#039;s Fish and Chips - Order Number 3918
02-07-2020 @ 16:40:35 - [notice] Processing destination: internal
02-07-2020 @ 16:40:35 - [notice] Using template: /srv/users/serverpilot/apps/pricesfishandchips/public/wp-content/themes/pizzaro/templates/cloud-print-plain-text.php
02-07-2020 @ 16:40:35 - [notice] PHP event: code E_NOTICE: Undefined variable: order_shipping_tax (line 154, wp-content/themes/pizzaro/templates/cloud-print-plain-text.php)
02-07-2020 @ 16:40:35 - [warning] PHP event: code E_WARNING: DOMDocument::loadHTML(): ID 2 already defined in Entity, line: 45 (line 633, wp-content/plugins/woocommerce-printorders/print-orders.php)
02-07-2020 @ 16:40:35 - [warning] PHP event: code E_WARNING: DOMDocument::loadHTML(): ID 2 already defined in Entity, line: 46 (line 633, wp-content/plugins/woocommerce-printorders/print-orders.php)
02-07-2020 @ 16:40:35 - [warning] PHP event: code E_WARNING: DOMDocument::loadHTML(): ID 2 already defined in Entity, line: 50 (line 633, wp-content/plugins/woocommerce-printorders/print-orders.php)
02-07-2020 @ 16:40:35 - [warning] PHP event: code E_WARNING: DOMDocument::loadHTML(): ID 2 already defined in Entity, line: 51 (line 633, wp-content/plugins/woocommerce-printorders/print-orders.php)
02-07-2020 @ 16:40:35 - [warning] PHP event: code E_WARNING: DOMDocument::loadHTML(): ID 2 already defined in Entity, line: 52 (line 633, wp-content/plugins/woocommerce-printorders/print-orders.php)
02-07-2020 @ 16:40:35 - [warning] PHP event: code E_WARNING: DOMDocument::loadHTML(): ID 2 already defined in Entity, line: 53 (line 633, wp-content/plugins/woocommerce-printorders/print-orders.php)
02-07-2020 @ 16:40:35 - [warning] PHP event: code E_WARNING: DOMDocument::loadHTML(): ID 4 already defined in Entity, line: 54 (line 633, wp-content/plugins/woocommerce-printorders/print-orders.php)
02-07-2020 @ 16:40:35 - [warning] PHP event: code E_WARNING: DOMDocument::loadHTML(): ID 4 already defined in Entity, line: 55 (line 633, wp-content/plugins/woocommerce-printorders/print-orders.php)
02-07-2020 @ 16:40:35 - [notice] Template returned 587 bytes
02-07-2020 @ 16:40:35 - [notice] Output type: html (data format: array, mime type:text/plain)
02-07-2020 @ 16:40:35 - [notice] Copies to print: b:0; : despatching...
02-07-2020 @ 16:40:35 - [notice] Printer options: {"9f7443b2-9f65-aac1-27c9-e11ff1ea3145":{"color":"{\"type\":\"STANDARD_MONOCHROME\",\"label\":\"Monochrome\"}","media_size":"{\"width_microns\":80000,\"height_microns\":297000,\"is_continuous_feed\":false,\"label\":\"80 x 297mm\"}","page_orientation":"{\"type\":\"AUTO\",\"label\":\"Automatic\"}","printer_margin":{"top":"20","right":"20","bottom":"20","left":"20"}},"95ecfdde-7adc-e052-2242-cffbee7085d6":{"color":"{\"type\":\"STANDARD_MONOCHROME\",\"label\":\"Monochrome\"}","media_size":"{\"width_microns\":80000,\"height_microns\":297000,\"is_continuous_feed\":false,\"label\":\"80 x 297mm\"}","page_orientation":"{\"type\":\"AUTO\",\"label\":\"Automatic\"}","printer_margin":{"top":"20","right":"20","bottom":"20","left":"20"}},"23a60de9-ae91-2e20-5d92-8fb3f3584c70":{"color":"{\"type\":\"STANDARD_MONOCHROME\",\"label\":\"Monochrome\"}","media_size":"{\"width_microns\":80000,\"height_microns\":297000,\"is_continuous_feed\":false,\"label\":\"80 x 297mm\"}","page_orientation":"{\"type\":\"AUTO\",\"label\":\"Automatic\"}","printer_margin":{"top":"20","right":"20","bottom":"20","left":"20"}}}
02-07-2020 @ 16:40:45 - [notice] GoogleCloudPrintLibrary_GCPL->print_document(): printing succeeded: Print job added.
02-07-2020 @ 16:46:23 - [info] WooCommerce Cloud Print 2.7.5, Google Cloud Print Library 0.8.3 / 0.8.3, GD bundled (2.1.0 compatible), Dom Extension: Y, WooCommerce 3.6.3, WordPress 4.9.13, PHP 7.1.33 2020-02-07 17:46:23
02-07-2020 @ 16:46:23 - [info] Running on: https://pricesfishandchips.co.uk / https://pricesfishandchips.co.uk
02-07-2020 @ 16:46:23 - [notice] checkout_order_processed event: order_id=3919 backtrace=require('wp-blog-header.php'), require_once('wp-includes/template-loader.php'), do_action('template_redirect'), WP_Hook->do_action, WP_Hook->apply_filters, WC_AJAX::do_wc_ajax, do_action('wc_ajax_checkout'), WP_Hook->do_action, WP_Hook->apply_filters, WC_AJAX::checkout, WC_Checkout->process_checkout, do_action('woocommerce_checkout_order_processed'), WP_Hook->do_action, WP_Hook->apply_filters, WooCommerce_Ext_PrintOrders->woocommerce_checkout_order_processed
02-07-2020 @ 16:46:23 - [notice] Order payment method: realex. Decision on whether to print now or wait for payment confirm: Wait
02-07-2020 @ 16:46:25 - [notice] payment_complete event: order_id=3919 backtrace=require('wp-blog-header.php'), require_once('wp-includes/template-loader.php'), do_action('template_redirect'), WP_Hook->do_action, WP_Hook->apply_filters, WC_AJAX::do_wc_ajax, do_action('wc_ajax_checkout'), WP_Hook->do_action, WP_Hook->apply_filters, WC_AJAX::checkout, WC_Checkout->process_checkout, WC_Checkout->process_order_payment, WC_Gateway_Realex->process_payment, apply_filters('wc_gateway_realex_process_payment'), WP_Hook->apply_filters, WC_Gateway_Realex->process_payment_authorize, WC_Gateway_Realex->authorize, WC_Order->payment_complete, do_action('woocommerce_payment_complete'), WP_Hook->do_action, WP_Hook->apply_filters, WooCommerce_Ext_PrintOrders->woocommerce_payment_complete, WooCommerce_Ext_PrintOrders->print_order_or_schedule, WooCommerce_Ext_PrintOrders->print_go
02-07-2020 @ 16:46:25 - [notice] Options: a:5:{s:16:"enabled_internal";s:1:"1";s:12:"print_format";s:10:"text/plain";s:20:"internal_paper_width";s:5:"80.00";s:21:"internal_paper_height";s:6:"279.40";s:11:"debug_email";s:0:"";}
02-07-2020 @ 16:46:25 - [notice] Chosen destinations (i.e. print templates): internal
02-07-2020 @ 16:46:25 - [notice] Job title: Price&#039;s Fish and Chips - Order Number 3919
02-07-2020 @ 16:46:25 - [notice] Processing destination: internal
02-07-2020 @ 16:46:25 - [notice] Using template: /srv/users/serverpilot/apps/pricesfishandchips/public/wp-content/themes/pizzaro/templates/cloud-print-plain-text.php
02-07-2020 @ 16:46:25 - [notice] PHP event: code E_NOTICE: Undefined variable: order_shipping_tax (line 154, wp-content/themes/pizzaro/templates/cloud-print-plain-text.php)
02-07-2020 @ 16:46:25 - [notice] Template returned 410 bytes
02-07-2020 @ 16:46:25 - [notice] Output type: html (data format: array, mime type:text/plain)
02-07-2020 @ 16:46:25 - [notice] Copies to print: b:0; : despatching...
02-07-2020 @ 16:46:25 - [notice] Printer options: {"9f7443b2-9f65-aac1-27c9-e11ff1ea3145":{"color":"{\"type\":\"STANDARD_MONOCHROME\",\"label\":\"Monochrome\"}","media_size":"{\"width_microns\":80000,\"height_microns\":297000,\"is_continuous_feed\":false,\"label\":\"80 x 297mm\"}","page_orientation":"{\"type\":\"AUTO\",\"label\":\"Automatic\"}","printer_margin":{"top":"20","right":"20","bottom":"20","left":"20"}},"95ecfdde-7adc-e052-2242-cffbee7085d6":{"color":"{\"type\":\"STANDARD_MONOCHROME\",\"label\":\"Monochrome\"}","media_size":"{\"width_microns\":80000,\"height_microns\":297000,\"is_continuous_feed\":false,\"label\":\"80 x 297mm\"}","page_orientation":"{\"type\":\"AUTO\",\"label\":\"Automatic\"}","printer_margin":{"top":"20","right":"20","bottom":"20","left":"20"}},"23a60de9-ae91-2e20-5d92-8fb3f3584c70":{"color":"{\"type\":\"STANDARD_MONOCHROME\",\"label\":\"Monochrome\"}","media_size":"{\"width_microns\":80000,\"height_microns\":297000,\"is_continuous_feed\":false,\"label\":\"80 x 297mm\"}","page_orientation":"{\"type\":\"AUTO\",\"label\":\"Automatic\"}","printer_margin":{"top":"20","right":"20","bottom":"20","left":"20"}}}
02-07-2020 @ 16:46:36 - [notice] GoogleCloudPrintLibrary_GCPL->print_document(): printing succeeded: Print job added.
02-07-2020 @ 16:51:07 - [info] WooCommerce Cloud Print 2.7.5, Google Cloud Print Library 0.8.3 / 0.8.3, GD bundled (2.1.0 compatible), Dom Extension: Y, WooCommerce 3.6.3, WordPress 4.9.13, PHP 7.1.33 2020-02-07 17:51:07
02-07-2020 @ 16:51:07 - [info] Running on: https://pricesfishandchips.co.uk / https://pricesfishandchips.co.uk
02-07-2020 @ 16:51:07 - [notice] checkout_order_processed event: order_id=3920 backtrace=require('wp-blog-header.php'), require_once('wp-includes/template-loader.php'), do_action('template_redirect'), WP_Hook->do_action, WP_Hook->apply_filters, WC_AJAX::do_wc_ajax, do_action('wc_ajax_checkout'), WP_Hook->do_action, WP_Hook->apply_filters, WC_AJAX::checkout, WC_Checkout->process_checkout, do_action('woocommerce_checkout_order_processed'), WP_Hook->do_action, WP_Hook->apply_filters, WooCommerce_Ext_PrintOrders->woocommerce_checkout_order_processed
02-07-2020 @ 16:51:07 - [notice] Order payment method: realex. Decision on whether to print now or wait for payment confirm: Wait
02-07-2020 @ 16:51:08 - [notice] payment_complete event: order_id=3920 backtrace=require('wp-blog-header.php'), require_once('wp-includes/template-loader.php'), do_action('template_redirect'), WP_Hook->do_action, WP_Hook->apply_filters, WC_AJAX::do_wc_ajax, do_action('wc_ajax_checkout'), WP_Hook->do_action, WP_Hook->apply_filters, WC_AJAX::checkout, WC_Checkout->process_checkout, WC_Checkout->process_order_payment, WC_Gateway_Realex->process_payment, apply_filters('wc_gateway_realex_process_payment'), WP_Hook->apply_filters, WC_Gateway_Realex->process_payment_authorize, WC_Gateway_Realex->authorize, WC_Order->payment_complete, do_action('woocommerce_payment_complete'), WP_Hook->do_action, WP_Hook->apply_filters, WooCommerce_Ext_PrintOrders->woocommerce_payment_complete, WooCommerce_Ext_PrintOrders->print_order_or_schedule, WooCommerce_Ext_PrintOrders->print_go
02-07-2020 @ 16:51:08 - [notice] Options: a:5:{s:16:"enabled_internal";s:1:"1";s:12:"print_format";s:10:"text/plain";s:20:"internal_paper_width";s:5:"80.00";s:21:"internal_paper_height";s:6:"279.40";s:11:"debug_email";s:0:"";}
02-07-2020 @ 16:51:08 - [notice] Chosen destinations (i.e. print templates): internal
02-07-2020 @ 16:51:08 - [notice] Job title: Price&#039;s Fish and Chips - Order Number 3920
02-07-2020 @ 16:51:08 - [notice] Processing destination: internal
02-07-2020 @ 16:51:08 - [notice] Using template: /srv/users/serverpilot/apps/pricesfishandchips/public/wp-content/themes/pizzaro/templates/cloud-print-plain-text.php
02-07-2020 @ 16:51:08 - [notice] PHP event: code E_NOTICE: Undefined variable: order_shipping_tax (line 154, wp-content/themes/pizzaro/templates/cloud-print-plain-text.php)
02-07-2020 @ 16:51:08 - [notice] Template returned 315 bytes
02-07-2020 @ 16:51:08 - [notice] Output type: html (data format: array, mime type:text/plain)
02-07-2020 @ 16:51:08 - [notice] Copies to print: b:0; : despatching...
02-07-2020 @ 16:51:08 - [notice] Printer options: {"9f7443b2-9f65-aac1-27c9-e11ff1ea3145":{"color":"{\"type\":\"STANDARD_MONOCHROME\",\"label\":\"Monochrome\"}","media_size":"{\"width_microns\":80000,\"height_microns\":297000,\"is_continuous_feed\":false,\"label\":\"80 x 297mm\"}","page_orientation":"{\"type\":\"AUTO\",\"label\":\"Automatic\"}","printer_margin":{"top":"20","right":"20","bottom":"20","left":"20"}},"95ecfdde-7adc-e052-2242-cffbee7085d6":{"color":"{\"type\":\"STANDARD_MONOCHROME\",\"label\":\"Monochrome\"}","media_size":"{\"width_microns\":80000,\"height_microns\":297000,\"is_continuous_feed\":false,\"label\":\"80 x 297mm\"}","page_orientation":"{\"type\":\"AUTO\",\"label\":\"Automatic\"}","printer_margin":{"top":"20","right":"20","bottom":"20","left":"20"}},"23a60de9-ae91-2e20-5d92-8fb3f3584c70":{"color":"{\"type\":\"STANDARD_MONOCHROME\",\"label\":\"Monochrome\"}","media_size":"{\"width_microns\":80000,\"height_microns\":297000,\"is_continuous_feed\":false,\"label\":\"80 x 297mm\"}","page_orientation":"{\"type\":\"AUTO\",\"label\":\"Automatic\"}","printer_margin":{"top":"20","right":"20","bottom":"20","left":"20"}}}
02-07-2020 @ 16:51:19 - [notice] GoogleCloudPrintLibrary_GCPL->print_document(): printing succeeded: Print job added.
02-07-2020 @ 16:55:33 - [info] WooCommerce Cloud Print 2.7.5, Google Cloud Print Library 0.8.3 / 0.8.3, GD bundled (2.1.0 compatible), Dom Extension: Y, WooCommerce 3.6.3, WordPress 4.9.13, PHP 7.1.33 2020-02-07 17:55:33
02-07-2020 @ 16:55:33 - [info] Running on: https://www.pricesfishandchips.co.uk / https://www.pricesfishandchips.co.uk
02-07-2020 @ 16:55:33 - [notice] checkout_order_processed event: order_id=3921 backtrace=require('wp-blog-header.php'), require_once('wp-includes/template-loader.php'), do_action('template_redirect'), WP_Hook->do_action, WP_Hook->apply_filters, WC_AJAX::do_wc_ajax, do_action('wc_ajax_checkout'), WP_Hook->do_action, WP_Hook->apply_filters, WC_AJAX::checkout, WC_Checkout->process_checkout, do_action('woocommerce_checkout_order_processed'), WP_Hook->do_action, WP_Hook->apply_filters, WooCommerce_Ext_PrintOrders->woocommerce_checkout_order_processed
02-07-2020 @ 16:55:33 - [notice] Order payment method: realex. Decision on whether to print now or wait for payment confirm: Wait
02-07-2020 @ 16:55:34 - [notice] payment_complete event: order_id=3921 backtrace=require('wp-blog-header.php'), require_once('wp-includes/template-loader.php'), do_action('template_redirect'), WP_Hook->do_action, WP_Hook->apply_filters, WC_AJAX::do_wc_ajax, do_action('wc_ajax_checkout'), WP_Hook->do_action, WP_Hook->apply_filters, WC_AJAX::checkout, WC_Checkout->process_checkout, WC_Checkout->process_order_payment, WC_Gateway_Realex->process_payment, apply_filters('wc_gateway_realex_process_payment'), WP_Hook->apply_filters, WC_Gateway_Realex->process_payment_authorize, WC_Gateway_Realex->authorize, WC_Order->payment_complete, do_action('woocommerce_payment_complete'), WP_Hook->do_action, WP_Hook->apply_filters, WooCommerce_Ext_PrintOrders->woocommerce_payment_complete, WooCommerce_Ext_PrintOrders->print_order_or_schedule, WooCommerce_Ext_PrintOrders->print_go
02-07-2020 @ 16:55:34 - [notice] Options: a:5:{s:16:"enabled_internal";s:1:"1";s:12:"print_format";s:10:"text/plain";s:20:"internal_paper_width";s:5:"80.00";s:21:"internal_paper_height";s:6:"279.40";s:11:"debug_email";s:0:"";}
02-07-2020 @ 16:55:34 - [notice] Chosen destinations (i.e. print templates): internal
02-07-2020 @ 16:55:34 - [notice] Job title: Price&#039;s Fish and Chips - Order Number 3921
02-07-2020 @ 16:55:34 - [notice] Processing destination: internal
02-07-2020 @ 16:55:34 - [notice] Using template: /srv/users/serverpilot/apps/pricesfishandchips/public/wp-content/themes/pizzaro/templates/cloud-print-plain-text.php
02-07-2020 @ 16:55:34 - [notice] PHP event: code E_NOTICE: Undefined variable: order_shipping_tax (line 154, wp-content/themes/pizzaro/templates/cloud-print-plain-text.php)
02-07-2020 @ 16:55:34 - [notice] Template returned 442 bytes
02-07-2020 @ 16:55:34 - [notice] Output type: html (data format: array, mime type:text/plain)
02-07-2020 @ 16:55:34 - [notice] Copies to print: b:0; : despatching...
02-07-2020 @ 16:55:34 - [notice] Printer options: {"9f7443b2-9f65-aac1-27c9-e11ff1ea3145":{"color":"{\"type\":\"STANDARD_MONOCHROME\",\"label\":\"Monochrome\"}","media_size":"{\"width_microns\":80000,\"height_microns\":297000,\"is_continuous_feed\":false,\"label\":\"80 x 297mm\"}","page_orientation":"{\"type\":\"AUTO\",\"label\":\"Automatic\"}","printer_margin":{"top":"20","right":"20","bottom":"20","left":"20"}},"95ecfdde-7adc-e052-2242-cffbee7085d6":{"color":"{\"type\":\"STANDARD_MONOCHROME\",\"label\":\"Monochrome\"}","media_size":"{\"width_microns\":80000,\"height_microns\":297000,\"is_continuous_feed\":false,\"label\":\"80 x 297mm\"}","page_orientation":"{\"type\":\"AUTO\",\"label\":\"Automatic\"}","printer_margin":{"top":"20","right":"20","bottom":"20","left":"20"}},"23a60de9-ae91-2e20-5d92-8fb3f3584c70":{"color":"{\"type\":\"STANDARD_MONOCHROME\",\"label\":\"Monochrome\"}","media_size":"{\"width_microns\":80000,\"height_microns\":297000,\"is_continuous_feed\":false,\"label\":\"80 x 297mm\"}","page_orientation":"{\"type\":\"AUTO\",\"label\":\"Automatic\"}","printer_margin":{"top":"20","right":"20","bottom":"20","left":"20"}}}
02-07-2020 @ 16:55:47 - [notice] GoogleCloudPrintLibrary_GCPL->print_document(): printing succeeded: Print job added.
02-07-2020 @ 17:23:24 - [info] WooCommerce Cloud Print 2.7.5, Google Cloud Print Library 0.8.3 / 0.8.3, GD bundled (2.1.0 compatible), Dom Extension: Y, WooCommerce 3.6.3, WordPress 4.9.13, PHP 7.1.33 2020-02-07 18:23:24
02-07-2020 @ 17:23:24 - [info] Running on: https://www.pricesfishandchips.co.uk / https://www.pricesfishandchips.co.uk
02-07-2020 @ 17:23:24 - [notice] checkout_order_processed event: order_id=3922 backtrace=require('wp-blog-header.php'), require_once('wp-includes/template-loader.php'), do_action('template_redirect'), WP_Hook->do_action, WP_Hook->apply_filters, WC_AJAX::do_wc_ajax, do_action('wc_ajax_checkout'), WP_Hook->do_action, WP_Hook->apply_filters, WC_AJAX::checkout, WC_Checkout->process_checkout, do_action('woocommerce_checkout_order_processed'), WP_Hook->do_action, WP_Hook->apply_filters, WooCommerce_Ext_PrintOrders->woocommerce_checkout_order_processed
02-07-2020 @ 17:23:24 - [notice] Order payment method: realex. Decision on whether to print now or wait for payment confirm: Wait
02-07-2020 @ 17:23:25 - [notice] payment_complete event: order_id=3922 backtrace=require('wp-blog-header.php'), require_once('wp-includes/template-loader.php'), do_action('template_redirect'), WP_Hook->do_action, WP_Hook->apply_filters, WC_AJAX::do_wc_ajax, do_action('wc_ajax_checkout'), WP_Hook->do_action, WP_Hook->apply_filters, WC_AJAX::checkout, WC_Checkout->process_checkout, WC_Checkout->process_order_payment, WC_Gateway_Realex->process_payment, apply_filters('wc_gateway_realex_process_payment'), WP_Hook->apply_filters, WC_Gateway_Realex->process_payment_authorize, WC_Gateway_Realex->authorize, WC_Order->payment_complete, do_action('woocommerce_payment_complete'), WP_Hook->do_action, WP_Hook->apply_filters, WooCommerce_Ext_PrintOrders->woocommerce_payment_complete, WooCommerce_Ext_PrintOrders->print_order_or_schedule, WooCommerce_Ext_PrintOrders->print_go
02-07-2020 @ 17:23:25 - [notice] Options: a:5:{s:16:"enabled_internal";s:1:"1";s:12:"print_format";s:10:"text/plain";s:20:"internal_paper_width";s:5:"80.00";s:21:"internal_paper_height";s:6:"279.40";s:11:"debug_email";s:0:"";}
02-07-2020 @ 17:23:25 - [notice] Chosen destinations (i.e. print templates): internal
02-07-2020 @ 17:23:25 - [notice] Job title: Price&#039;s Fish and Chips - Order Number 3922
02-07-2020 @ 17:23:25 - [notice] Processing destination: internal
02-07-2020 @ 17:23:25 - [notice] Using template: /srv/users/serverpilot/apps/pricesfishandchips/public/wp-content/themes/pizzaro/templates/cloud-print-plain-text.php
02-07-2020 @ 17:23:25 - [notice] PHP event: code E_NOTICE: Undefined variable: order_shipping_tax (line 154, wp-content/themes/pizzaro/templates/cloud-print-plain-text.php)
02-07-2020 @ 17:23:25 - [notice] Template returned 277 bytes
02-07-2020 @ 17:23:25 - [notice] Output type: html (data format: array, mime type:text/plain)
02-07-2020 @ 17:23:25 - [notice] Copies to print: b:0; : despatching...
02-07-2020 @ 17:23:25 - [notice] Printer options: {"9f7443b2-9f65-aac1-27c9-e11ff1ea3145":{"color":"{\"type\":\"STANDARD_MONOCHROME\",\"label\":\"Monochrome\"}","media_size":"{\"width_microns\":80000,\"height_microns\":297000,\"is_continuous_feed\":false,\"label\":\"80 x 297mm\"}","page_orientation":"{\"type\":\"AUTO\",\"label\":\"Automatic\"}","printer_margin":{"top":"20","right":"20","bottom":"20","left":"20"}},"95ecfdde-7adc-e052-2242-cffbee7085d6":{"color":"{\"type\":\"STANDARD_MONOCHROME\",\"label\":\"Monochrome\"}","media_size":"{\"width_microns\":80000,\"height_microns\":297000,\"is_continuous_feed\":false,\"label\":\"80 x 297mm\"}","page_orientation":"{\"type\":\"AUTO\",\"label\":\"Automatic\"}","printer_margin":{"top":"20","right":"20","bottom":"20","left":"20"}},"23a60de9-ae91-2e20-5d92-8fb3f3584c70":{"color":"{\"type\":\"STANDARD_MONOCHROME\",\"label\":\"Monochrome\"}","media_size":"{\"width_microns\":80000,\"height_microns\":297000,\"is_continuous_feed\":false,\"label\":\"80 x 297mm\"}","page_orientation":"{\"type\":\"AUTO\",\"label\":\"Automatic\"}","printer_margin":{"top":"20","right":"20","bottom":"20","left":"20"}}}
02-07-2020 @ 17:23:34 - [notice] GoogleCloudPrintLibrary_GCPL->print_document(): printing succeeded: Print job added.
02-07-2020 @ 17:27:16 - [info] WooCommerce Cloud Print 2.7.5, Google Cloud Print Library 0.8.3 / 0.8.3, GD bundled (2.1.0 compatible), Dom Extension: Y, WooCommerce 3.6.3, WordPress 4.9.13, PHP 7.1.33 2020-02-07 18:27:16
02-07-2020 @ 17:27:16 - [info] Running on: https://www.pricesfishandchips.co.uk / https://www.pricesfishandchips.co.uk
02-07-2020 @ 17:27:16 - [notice] checkout_order_processed event: order_id=3923 backtrace=require('wp-blog-header.php'), require_once('wp-includes/template-loader.php'), do_action('template_redirect'), WP_Hook->do_action, WP_Hook->apply_filters, WC_AJAX::do_wc_ajax, do_action('wc_ajax_checkout'), WP_Hook->do_action, WP_Hook->apply_filters, WC_AJAX::checkout, WC_Checkout->process_checkout, do_action('woocommerce_checkout_order_processed'), WP_Hook->do_action, WP_Hook->apply_filters, WooCommerce_Ext_PrintOrders->woocommerce_checkout_order_processed
02-07-2020 @ 17:27:16 - [notice] Order payment method: realex. Decision on whether to print now or wait for payment confirm: Wait
02-07-2020 @ 17:27:17 - [notice] payment_complete event: order_id=3923 backtrace=require('wp-blog-header.php'), require_once('wp-includes/template-loader.php'), do_action('template_redirect'), WP_Hook->do_action, WP_Hook->apply_filters, WC_AJAX::do_wc_ajax, do_action('wc_ajax_checkout'), WP_Hook->do_action, WP_Hook->apply_filters, WC_AJAX::checkout, WC_Checkout->process_checkout, WC_Checkout->process_order_payment, WC_Gateway_Realex->process_payment, apply_filters('wc_gateway_realex_process_payment'), WP_Hook->apply_filters, WC_Gateway_Realex->process_payment_authorize, WC_Gateway_Realex->authorize, WC_Order->payment_complete, do_action('woocommerce_payment_complete'), WP_Hook->do_action, WP_Hook->apply_filters, WooCommerce_Ext_PrintOrders->woocommerce_payment_complete, WooCommerce_Ext_PrintOrders->print_order_or_schedule, WooCommerce_Ext_PrintOrders->print_go
02-07-2020 @ 17:27:17 - [notice] Options: a:5:{s:16:"enabled_internal";s:1:"1";s:12:"print_format";s:10:"text/plain";s:20:"internal_paper_width";s:5:"80.00";s:21:"internal_paper_height";s:6:"279.40";s:11:"debug_email";s:0:"";}
02-07-2020 @ 17:27:17 - [notice] Chosen destinations (i.e. print templates): internal
02-07-2020 @ 17:27:17 - [notice] Job title: Price&#039;s Fish and Chips - Order Number 3923
02-07-2020 @ 17:27:17 - [notice] Processing destination: internal
02-07-2020 @ 17:27:17 - [notice] Using template: /srv/users/serverpilot/apps/pricesfishandchips/public/wp-content/themes/pizzaro/templates/cloud-print-plain-text.php
02-07-2020 @ 17:27:17 - [notice] PHP event: code E_NOTICE: Undefined variable: order_shipping_tax (line 154, wp-content/themes/pizzaro/templates/cloud-print-plain-text.php)
02-07-2020 @ 17:27:17 - [notice] Template returned 462 bytes
02-07-2020 @ 17:27:17 - [notice] Output type: html (data format: array, mime type:text/plain)
02-07-2020 @ 17:27:17 - [notice] Copies to print: b:0; : despatching...
02-07-2020 @ 17:27:17 - [notice] Printer options: {"9f7443b2-9f65-aac1-27c9-e11ff1ea3145":{"color":"{\"type\":\"STANDARD_MONOCHROME\",\"label\":\"Monochrome\"}","media_size":"{\"width_microns\":80000,\"height_microns\":297000,\"is_continuous_feed\":false,\"label\":\"80 x 297mm\"}","page_orientation":"{\"type\":\"AUTO\",\"label\":\"Automatic\"}","printer_margin":{"top":"20","right":"20","bottom":"20","left":"20"}},"95ecfdde-7adc-e052-2242-cffbee7085d6":{"color":"{\"type\":\"STANDARD_MONOCHROME\",\"label\":\"Monochrome\"}","media_size":"{\"width_microns\":80000,\"height_microns\":297000,\"is_continuous_feed\":false,\"label\":\"80 x 297mm\"}","page_orientation":"{\"type\":\"AUTO\",\"label\":\"Automatic\"}","printer_margin":{"top":"20","right":"20","bottom":"20","left":"20"}},"23a60de9-ae91-2e20-5d92-8fb3f3584c70":{"color":"{\"type\":\"STANDARD_MONOCHROME\",\"label\":\"Monochrome\"}","media_size":"{\"width_microns\":80000,\"height_microns\":297000,\"is_continuous_feed\":false,\"label\":\"80 x 297mm\"}","page_orientation":"{\"type\":\"AUTO\",\"label\":\"Automatic\"}","printer_margin":{"top":"20","right":"20","bottom":"20","left":"20"}}}
02-07-2020 @ 17:27:28 - [notice] GoogleCloudPrintLibrary_GCPL->print_document(): printing succeeded: Print job added.
02-07-2020 @ 18:10:28 - [info] WooCommerce Cloud Print 2.7.5, Google Cloud Print Library 0.8.3 / 0.8.3, GD bundled (2.1.0 compatible), Dom Extension: Y, WooCommerce 3.6.3, WordPress 4.9.13, PHP 7.1.33 2020-02-07 19:10:28
02-07-2020 @ 18:10:28 - [info] Running on: https://www.pricesfishandchips.co.uk / https://www.pricesfishandchips.co.uk
02-07-2020 @ 18:10:28 - [notice] checkout_order_processed event: order_id=3924 backtrace=require('wp-blog-header.php'), require_once('wp-includes/template-loader.php'), do_action('template_redirect'), WP_Hook->do_action, WP_Hook->apply_filters, WC_AJAX::do_wc_ajax, do_action('wc_ajax_checkout'), WP_Hook->do_action, WP_Hook->apply_filters, WC_AJAX::checkout, WC_Checkout->process_checkout, do_action('woocommerce_checkout_order_processed'), WP_Hook->do_action, WP_Hook->apply_filters, WooCommerce_Ext_PrintOrders->woocommerce_checkout_order_processed
02-07-2020 @ 18:10:28 - [notice] Order payment method: realex. Decision on whether to print now or wait for payment confirm: Wait
02-07-2020 @ 18:10:29 - [notice] payment_complete event: order_id=3924 backtrace=require('wp-blog-header.php'), require_once('wp-includes/template-loader.php'), do_action('template_redirect'), WP_Hook->do_action, WP_Hook->apply_filters, WC_AJAX::do_wc_ajax, do_action('wc_ajax_checkout'), WP_Hook->do_action, WP_Hook->apply_filters, WC_AJAX::checkout, WC_Checkout->process_checkout, WC_Checkout->process_order_payment, WC_Gateway_Realex->process_payment, apply_filters('wc_gateway_realex_process_payment'), WP_Hook->apply_filters, WC_Gateway_Realex->process_payment_authorize, WC_Gateway_Realex->authorize, WC_Order->payment_complete, do_action('woocommerce_payment_complete'), WP_Hook->do_action, WP_Hook->apply_filters, WooCommerce_Ext_PrintOrders->woocommerce_payment_complete, WooCommerce_Ext_PrintOrders->print_order_or_schedule, WooCommerce_Ext_PrintOrders->print_go
02-07-2020 @ 18:10:29 - [notice] Options: a:5:{s:16:"enabled_internal";s:1:"1";s:12:"print_format";s:10:"text/plain";s:20:"internal_paper_width";s:5:"80.00";s:21:"internal_paper_height";s:6:"279.40";s:11:"debug_email";s:0:"";}
02-07-2020 @ 18:10:29 - [notice] Chosen destinations (i.e. print templates): internal
02-07-2020 @ 18:10:29 - [notice] Job title: Price&#039;s Fish and Chips - Order Number 3924
02-07-2020 @ 18:10:29 - [notice] Processing destination: internal
02-07-2020 @ 18:10:29 - [notice] Using template: /srv/users/serverpilot/apps/pricesfishandchips/public/wp-content/themes/pizzaro/templates/cloud-print-plain-text.php
02-07-2020 @ 18:10:29 - [notice] PHP event: code E_NOTICE: Undefined variable: order_shipping_tax (line 154, wp-content/themes/pizzaro/templates/cloud-print-plain-text.php)
02-07-2020 @ 18:10:29 - [notice] Template returned 402 bytes
02-07-2020 @ 18:10:29 - [notice] Output type: html (data format: array, mime type:text/plain)
02-07-2020 @ 18:10:29 - [notice] Copies to print: b:0; : despatching...
02-07-2020 @ 18:10:29 - [notice] Printer options: {"9f7443b2-9f65-aac1-27c9-e11ff1ea3145":{"color":"{\"type\":\"STANDARD_MONOCHROME\",\"label\":\"Monochrome\"}","media_size":"{\"width_microns\":80000,\"height_microns\":297000,\"is_continuous_feed\":false,\"label\":\"80 x 297mm\"}","page_orientation":"{\"type\":\"AUTO\",\"label\":\"Automatic\"}","printer_margin":{"top":"20","right":"20","bottom":"20","left":"20"}},"95ecfdde-7adc-e052-2242-cffbee7085d6":{"color":"{\"type\":\"STANDARD_MONOCHROME\",\"label\":\"Monochrome\"}","media_size":"{\"width_microns\":80000,\"height_microns\":297000,\"is_continuous_feed\":false,\"label\":\"80 x 297mm\"}","page_orientation":"{\"type\":\"AUTO\",\"label\":\"Automatic\"}","printer_margin":{"top":"20","right":"20","bottom":"20","left":"20"}},"23a60de9-ae91-2e20-5d92-8fb3f3584c70":{"color":"{\"type\":\"STANDARD_MONOCHROME\",\"label\":\"Monochrome\"}","media_size":"{\"width_microns\":80000,\"height_microns\":297000,\"is_continuous_feed\":false,\"label\":\"80 x 297mm\"}","page_orientation":"{\"type\":\"AUTO\",\"label\":\"Automatic\"}","printer_margin":{"top":"20","right":"20","bottom":"20","left":"20"}}}
02-07-2020 @ 18:10:39 - [notice] GoogleCloudPrintLibrary_GCPL->print_document(): printing succeeded: Print job added.
02-07-2020 @ 18:15:04 - [info] WooCommerce Cloud Print 2.7.5, Google Cloud Print Library 0.8.3 / 0.8.3, GD bundled (2.1.0 compatible), Dom Extension: Y, WooCommerce 3.6.3, WordPress 4.9.13, PHP 7.1.33 2020-02-07 19:15:04
02-07-2020 @ 18:15:04 - [info] Running on: https://www.pricesfishandchips.co.uk / https://www.pricesfishandchips.co.uk
02-07-2020 @ 18:15:04 - [notice] checkout_order_processed event: order_id=3925 backtrace=require('wp-blog-header.php'), require_once('wp-includes/template-loader.php'), do_action('template_redirect'), WP_Hook->do_action, WP_Hook->apply_filters, WC_AJAX::do_wc_ajax, do_action('wc_ajax_checkout'), WP_Hook->do_action, WP_Hook->apply_filters, WC_AJAX::checkout, WC_Checkout->process_checkout, do_action('woocommerce_checkout_order_processed'), WP_Hook->do_action, WP_Hook->apply_filters, WooCommerce_Ext_PrintOrders->woocommerce_checkout_order_processed
02-07-2020 @ 18:15:04 - [notice] Order payment method: realex. Decision on whether to print now or wait for payment confirm: Wait
02-07-2020 @ 18:15:59 - [info] WooCommerce Cloud Print 2.7.5, Google Cloud Print Library 0.8.3 / 0.8.3, GD bundled (2.1.0 compatible), Dom Extension: Y, WooCommerce 3.6.3, WordPress 4.9.13, PHP 7.1.33 2020-02-07 19:15:59
02-07-2020 @ 18:15:59 - [info] Running on: https://www.pricesfishandchips.co.uk / https://www.pricesfishandchips.co.uk
02-07-2020 @ 18:15:59 - [notice] checkout_order_processed event: order_id=3925 backtrace=require('wp-blog-header.php'), require_once('wp-includes/template-loader.php'), do_action('template_redirect'), WP_Hook->do_action, WP_Hook->apply_filters, WC_AJAX::do_wc_ajax, do_action('wc_ajax_checkout'), WP_Hook->do_action, WP_Hook->apply_filters, WC_AJAX::checkout, WC_Checkout->process_checkout, do_action('woocommerce_checkout_order_processed'), WP_Hook->do_action, WP_Hook->apply_filters, WooCommerce_Ext_PrintOrders->woocommerce_checkout_order_processed
02-07-2020 @ 18:15:59 - [notice] Order payment method: realex. Decision on whether to print now or wait for payment confirm: Wait
02-07-2020 @ 18:16:01 - [notice] payment_complete event: order_id=3925 backtrace=require('wp-blog-header.php'), require_once('wp-includes/template-loader.php'), do_action('template_redirect'), WP_Hook->do_action, WP_Hook->apply_filters, WC_AJAX::do_wc_ajax, do_action('wc_ajax_checkout'), WP_Hook->do_action, WP_Hook->apply_filters, WC_AJAX::checkout, WC_Checkout->process_checkout, WC_Checkout->process_order_payment, WC_Gateway_Realex->process_payment, apply_filters('wc_gateway_realex_process_payment'), WP_Hook->apply_filters, WC_Gateway_Realex->process_payment_authorize, WC_Gateway_Realex->authorize, WC_Order->payment_complete, do_action('woocommerce_payment_complete'), WP_Hook->do_action, WP_Hook->apply_filters, WooCommerce_Ext_PrintOrders->woocommerce_payment_complete, WooCommerce_Ext_PrintOrders->print_order_or_schedule, WooCommerce_Ext_PrintOrders->print_go
02-07-2020 @ 18:16:01 - [notice] Options: a:5:{s:16:"enabled_internal";s:1:"1";s:12:"print_format";s:10:"text/plain";s:20:"internal_paper_width";s:5:"80.00";s:21:"internal_paper_height";s:6:"279.40";s:11:"debug_email";s:0:"";}
02-07-2020 @ 18:16:01 - [notice] Chosen destinations (i.e. print templates): internal
02-07-2020 @ 18:16:01 - [notice] Job title: Price&#039;s Fish and Chips - Order Number 3925
02-07-2020 @ 18:16:01 - [notice] Processing destination: internal
02-07-2020 @ 18:16:01 - [notice] Using template: /srv/users/serverpilot/apps/pricesfishandchips/public/wp-content/themes/pizzaro/templates/cloud-print-plain-text.php
02-07-2020 @ 18:16:01 - [notice] PHP event: code E_NOTICE: Undefined variable: order_shipping_tax (line 154, wp-content/themes/pizzaro/templates/cloud-print-plain-text.php)
02-07-2020 @ 18:16:01 - [notice] Template returned 300 bytes
02-07-2020 @ 18:16:01 - [notice] Output type: html (data format: array, mime type:text/plain)
02-07-2020 @ 18:16:01 - [notice] Copies to print: b:0; : despatching...
02-07-2020 @ 18:16:01 - [notice] Printer options: {"9f7443b2-9f65-aac1-27c9-e11ff1ea3145":{"color":"{\"type\":\"STANDARD_MONOCHROME\",\"label\":\"Monochrome\"}","media_size":"{\"width_microns\":80000,\"height_microns\":297000,\"is_continuous_feed\":false,\"label\":\"80 x 297mm\"}","page_orientation":"{\"type\":\"AUTO\",\"label\":\"Automatic\"}","printer_margin":{"top":"20","right":"20","bottom":"20","left":"20"}},"95ecfdde-7adc-e052-2242-cffbee7085d6":{"color":"{\"type\":\"STANDARD_MONOCHROME\",\"label\":\"Monochrome\"}","media_size":"{\"width_microns\":80000,\"height_microns\":297000,\"is_continuous_feed\":false,\"label\":\"80 x 297mm\"}","page_orientation":"{\"type\":\"AUTO\",\"label\":\"Automatic\"}","printer_margin":{"top":"20","right":"20","bottom":"20","left":"20"}},"23a60de9-ae91-2e20-5d92-8fb3f3584c70":{"color":"{\"type\":\"STANDARD_MONOCHROME\",\"label\":\"Monochrome\"}","media_size":"{\"width_microns\":80000,\"height_microns\":297000,\"is_continuous_feed\":false,\"label\":\"80 x 297mm\"}","page_orientation":"{\"type\":\"AUTO\",\"label\":\"Automatic\"}","printer_margin":{"top":"20","right":"20","bottom":"20","left":"20"}}}
02-07-2020 @ 18:16:13 - [notice] GoogleCloudPrintLibrary_GCPL->print_document(): printing succeeded: Print job added.
